2023-5-31 00:38:46 - verbose: Arguments:
2023-5-31 00:38:46 - verbose:   C:\ProgramData\cocos\editors\Creator\3.7.2\CocosCreator.exe: true
2023-5-31 00:38:46 - verbose:   project: D:\Cocosworkspace\Cocos_2048
2023-5-31 00:38:46 - verbose:   dev: false
2023-5-31 00:38:46 - verbose:   home: C:\Users\RedGrey1993\.CocosCreator
2023-5-31 00:38:46 - verbose:  
2023-5-31 00:38:50 - verbose: [Package] menu@1.0.0 enable
2023-5-31 00:38:50 - verbose: [Package] profile@1.0.0 enable
2023-5-31 00:38:50 - verbose: [Package] project@1.0.4 enable
2023-5-31 00:38:50 - verbose: [Package] messages@1.0.0 enable
2023-5-31 00:38:50 - verbose: [Package] program@1.0.3 enable
2023-5-31 00:38:50 - verbose: [Package] tester@1.0.0 enable
2023-5-31 00:38:50 - verbose: [Package] information@1.0.0 enable
2023-5-31 00:38:50 - verbose: [Package] preferences@1.0.0 enable
2023-5-31 00:38:53 - log: Load engine in C:\ProgramData\cocos\editors\Creator\3.7.2\resources\resources\3d\engine
2023-5-31 00:38:54 - log: Profile changed: engine (modules.includeModules: 2d,animation,audio,base,dragon-bones,gfx-webgl,gfx-webgl2,intersection-2d,light-probe,particle-2d,physics-2d-box2d,profiler,spine,tiled-map,tween,ui,video,websocket,webview)
2023-5-31 00:38:54 - log: Register native engine in C:\ProgramData\cocos\editors\Creator\3.7.2\resources\resources\3d\engine\native
2023-5-31 00:38:54 - verbose: [Package] engine@1.0.7 enable
2023-5-31 00:38:55 - verbose: [Package] programming@1.0.0 enable
2023-5-31 00:38:55 - verbose: [Package] device@1.0.1 enable
2023-5-31 00:38:55 - verbose: [Package] ui-kit@1.0.1 enable
2023-5-31 00:38:55 - verbose: [Package] asset-db@1.0.0 enable
2023-5-31 00:38:55 - verbose: [Package] scene@1.0.0 enable
2023-5-31 00:38:55 - verbose: [Package] server@1.0.0 enable
2023-5-31 00:38:55 - verbose: [Package] utils@1.0.0 enable
2023-5-31 00:39:02 - verbose: [Package] preview@1.0.1 enable
2023-5-31 00:39:02 - verbose: [Package] animator@1.0.0 enable
2023-5-31 00:39:03 - verbose: [Build-plugin] register pkg scene: 0ms
2023-5-31 00:39:03 - verbose: Builder PluginManager init: 2ms
2023-5-31 00:39:03 - verbose: [Package] builder@1.3.4 enable
2023-5-31 00:39:03 - verbose: [Package] shortcuts@1.0.1 enable
2023-5-31 00:39:03 - verbose: [Package] animation-graph@1.0.0 enable
2023-5-31 00:39:03 - verbose: [Package] about@1.0.0 enable
2023-5-31 00:39:03 - verbose: [Package] assets@1.0.0 enable
2023-5-31 00:39:03 - verbose: [Package] console@1.0.0 enable
2023-5-31 00:39:03 - verbose: [Package] crash-reporter@1.0.0 enable
2023-5-31 00:39:03 - verbose: [Package] extension@3.1.1 enable
2023-5-31 00:39:03 - verbose: [Package] hierarchy@1.0.0 enable
2023-5-31 00:39:03 - verbose: [Package] inspector@1.0.0 enable
2023-5-31 00:39:03 - verbose: [Package] light-probe@1.0.4 enable
2023-5-31 00:39:03 - verbose: [Package] lightmap@1.0.4 enable
2023-5-31 00:39:03 - verbose: [Package] node-library@1.0.1 enable
2023-5-31 00:39:03 - verbose: [Package] package-asset@1.0.1 enable
2023-5-31 00:39:03 - verbose: [Package] process@1.0.0 enable
2023-5-31 00:39:03 - verbose: [Package] reference-image@1.0.0 enable
2023-5-31 00:39:06 - verbose: [Package] cocos-service@3.0.7 enable
2023-5-31 00:39:06 - verbose: [Build-plugin] register pkg cocos-service: 39ms
2023-5-31 00:39:06 - verbose: [Package] reflection-probe@1.0.4 enable
2023-5-31 00:39:06 - verbose: [Package] engine-extends@1.0.0 enable
2023-5-31 00:39:06 - verbose: [Package] alipay-mini-game@1.0.1 enable
2023-5-31 00:39:06 - verbose: [Package] android@1.0.1 enable
2023-5-31 00:39:06 - verbose: [Package] bytedance-mini-game@1.0.2 enable
2023-5-31 00:39:06 - verbose: [Package] certificate@1.0.0 enable
2023-5-31 00:39:06 - verbose: [Package] channel-upload-tools@1.0.0 enable
2023-5-31 00:39:06 - verbose: [Package] fb-instant-games@1.0.0 enable
2023-5-31 00:39:06 - verbose: [Package] huawei-agc@1.0.0 enable
2023-5-31 00:39:06 - verbose: [Package] huawei-quick-game@1.0.1 enable
2023-5-31 00:39:06 - verbose: [Build-plugin] register pkg android: 184ms
2023-5-31 00:39:06 - verbose: [Package] ios@1.0.0 enable
2023-5-31 00:39:06 - verbose: [Package] linux@1.0.0 enable
2023-5-31 00:39:06 - verbose: [Build-plugin] register pkg bytedance-mini-game: 161ms
2023-5-31 00:39:06 - verbose: [Package] mac@1.0.0 enable
2023-5-31 00:39:06 - verbose: [Package] native@1.0.2 enable
2023-5-31 00:39:06 - verbose: [Build-plugin] register pkg native: 30ms
2023-5-31 00:39:06 - verbose: [Package] ohos@1.0.0 enable
2023-5-31 00:39:06 - verbose: [Build-plugin] register pkg huawei-agc: 193ms
2023-5-31 00:39:06 - verbose: [Build-plugin] register pkg fb-instant-games: 218ms
2023-5-31 00:39:06 - verbose: [Build-plugin] register pkg huawei-quick-game: 173ms
2023-5-31 00:39:06 - verbose: [Package] open-harmonyos@1.0.0 enable
2023-5-31 00:39:06 - verbose: [Build-plugin] register pkg ios: 184ms
2023-5-31 00:39:06 - verbose: [Package] oppo-mini-game@1.0.1 enable
2023-5-31 00:39:06 - verbose: [Package] runtime-dev-tools@1.0.0 enable
2023-5-31 00:39:06 - verbose: [Build-plugin] register pkg mac: 176ms
2023-5-31 00:39:06 - verbose: [Package] taobao-creative-app@1.0.0 enable
2023-5-31 00:39:06 - verbose: [Package] taobao-mini-game@1.0.0 enable
2023-5-31 00:39:06 - verbose: [Build-plugin] register pkg ohos: 131ms
2023-5-31 00:39:06 - verbose: [Package] vivo-mini-game@1.0.1 enable
2023-5-31 00:39:06 - verbose: [Package] web-desktop@1.0.1 enable
2023-5-31 00:39:06 - verbose: [Build-plugin] register pkg oppo-mini-game: 132ms
2023-5-31 00:39:06 - verbose: [Package] web-mobile@1.0.1 enable
2023-5-31 00:39:06 - verbose: [Build-plugin] register pkg taobao-creative-app: 125ms
2023-5-31 00:39:06 - verbose: [Package] wechatgame@1.0.2 enable
2023-5-31 00:39:06 - verbose: [Build-plugin] register pkg vivo-mini-game: 114ms
2023-5-31 00:39:06 - verbose: [Package] windows@1.0.1 enable
2023-5-31 00:39:06 - verbose: [Package] xiaomi-quick-game@1.0.1 enable
2023-5-31 00:39:07 - verbose: [Package] im-plugin@3.0.10 enable
2023-5-31 00:39:07 - verbose: asset-db is ready!
2023-5-31 00:39:07 - verbose: [Build-plugin] register pkg web-mobile: 274ms
2023-5-31 00:39:07 - verbose: [Build-plugin] register pkg web-desktop: 302ms
2023-5-31 00:39:07 - verbose: [Build-plugin] register pkg wechatgame: 248ms
2023-5-31 00:39:07 - verbose: [Package] placeholder@1.0.0 enable
2023-5-31 00:39:07 - verbose: [Build-plugin] register pkg xiaomi-quick-game: 280ms
2023-5-31 00:39:07 - verbose: [Build-plugin] register pkg windows: 326ms
2023-5-31 00:39:10 - info: [Scene] [Physics][Bullet]: Using asmjs Bullet libs.
2023-5-31 00:39:10 - info: [Scene] [PHYSICS]: using builtin.
2023-5-31 00:39:10 - log: [Scene] Cocos Creator v3.7.2
2023-5-31 00:39:10 - info: [Scene] Forward render pipeline initialized.
2023-5-31 00:39:10 - info: [Scene] [PHYSICS2D]: switch from builtin to box2d.
2023-5-31 00:44:38 - warn: Metrics: no valid info
