2023-6-15 23:07:32-debug: asset-db:worker-init (2807ms)
2023-6-15 23:07:32-debug: Preimport db internal success
2023-6-15 23:07:32-debug: %cImport%c: C:\CocosWorkspace\Cocos_2048\assets\scripts\Game.tsbackground: #aaff85; color: #000;color: #000;
2023-6-15 23:07:32-debug: Preimport db assets success
2023-6-15 23:07:32-debug: asset-db:worker-effect-data-processing (300ms)
2023-6-15 23:07:44-debug: Set detail map pack:///resolution-detail-map.json: {}
2023-6-15 23:07:44-debug: Start up the 'internal' database...
2023-6-15 23:07:44-debug: asset-db:worker-init-script (7ms)
2023-6-15 23:07:44-debug: start asset-db with asset: 409
2023-6-15 23:07:44-debug: Start up the 'assets' database...
2023-6-15 23:07:44-debug: start asset-db with asset: 8
2023-6-15 23:07:44-debug: asset-db:worker-startup-database[internal] (12417ms)
2023-6-15 23:07:44-debug: Asset DB is ready!
2023-6-15 23:07:44-debug: asset-db:worker-startup-database[assets] (12025ms)
2023-6-15 23:07:44-debug: init worker message success
2023-6-15 23:07:45-debug: builder:worker-init (726ms)
2023-6-15 23:07:50-debug: programming:execute-script (8ms)
2023-6-15 23:07:58-debug: refresh db internal success
2023-6-15 23:07:58-debug: asset-db:worker-effect-data-processing (236ms)
2023-6-15 23:07:58-debug: refresh db assets success
2023-6-15 23:07:58-debug: asset-db:refresh-all-database (421ms)
2023-6-15 23:08:04-debug: Query all assets info in project
2023-6-15 23:08:04-debug: BuildAssetLibrary query-assets with assets 439
2023-6-15 23:08:04-debug: init custom config: keepNodeUuid: false, useCache: true
2023-6-15 23:08:04-debug:   Number of other assets: 295
2023-6-15 23:08:04-debug:   Number of all scenes: 1
2023-6-15 23:08:04-debug: Query asset bundle start0%
2023-6-15 23:08:04-debug: Process: heapTotal 244.66MB heapUsed 225.22MB rss 557.99MB
2023-6-15 23:08:04-debug:   Number of all scripts: 4
2023-6-15 23:08:04-debug: // ---- build task Query asset bundle ----
2023-6-15 23:08:04-debug: // ---- build task Query asset bundle ---- (11ms)
2023-6-15 23:08:04-debug: run build task Query asset bundle success in 11 ms √3%
2023-6-15 23:08:04-debug: Process: heapTotal 244.91MB heapUsed 220.74MB rss 558.68MB
2023-6-15 23:08:04-debug: init bundle assets
2023-6-15 23:08:04-debug: // ---- build task Query and organize assets ----
2023-6-15 23:08:04-debug: Query and organize assets start3%
2023-6-15 23:08:04-debug: Query preload assets from cc.config.json: 60f7195c-ec2a-45eb-ba94-8955f60e81d0,1c02ae6f-4492-4915-b8f8-7492a3b1e4cd,810e96e4-e456-4468-9b59-f4e8f39732c0,efe8e2a3-eace-427b-b4f1-cb8a937ec77d,e9aa9a3e-5b2b-4ac7-a2c7-073de2b2b24f,8bbdbcdd-5cd4-4100-b6d5-b7c9625b6107,50f4348b-c883-4e2f-8f11-ce233b859fa1,fda095cb-831d-4601-ad94-846013963de8,f92806d7-1768-443f-afe8-12bcde84d0f0,dd3a144d-ab7f-41f0-82b8-2e43a090d496,f0416e68-0200-4b77-a926-4f9d16e494da,ff9be190-20a4-4e48-b68c-76e3c7cff085,970b0598-bcb0-4714-91fb-2e81440dccd8,bcd64cc6-2dd9-43f6-abbe-66318d332032,d930590d-bb92-4cc8-8bd1-23cd027f9edf,a3cd009f-0ab0-420d-9278-b9fdab939bbc,9361fd90-ba52-4f84-aa93-6e878fd576ca,c27215d8-6835-4b68-bfbb-bdeac6100c04,b5d6115f-0370-4d7c-aad3-c194cc71cf98,871c3b6c-7379-419d-bda3-794b239ab90d
2023-6-15 23:08:04-debug: Number of scenes: 1
2023-6-15 23:08:04-debug: // ---- build task Query and organize assets ---- (7ms)
2023-6-15 23:08:04-debug: run build task Query and organize assets success in 7 ms √7%
2023-6-15 23:08:04-debug: // ---- build task Organize scripts ----
2023-6-15 23:08:04-debug: Process: heapTotal 244.91MB heapUsed 220.89MB rss 558.72MB
2023-6-15 23:08:04-debug: sort script group...
2023-6-15 23:08:04-debug: Organize scripts start7%
2023-6-15 23:08:04-debug: // ---- build task Organize scripts ---- (2ms)
2023-6-15 23:08:04-debug: run build task Organize scripts success in 2 ms √10%
2023-6-15 23:08:04-debug: Process: heapTotal 244.91MB heapUsed 220.93MB rss 558.72MB
2023-6-15 23:08:04-debug: Init settings and config start10%
2023-6-15 23:08:04-debug: // ---- build task Init settings and config ----
2023-6-15 23:08:04-debug: // ---- build task Init settings and config ---- (1ms)
2023-6-15 23:08:04-debug: run build task Init settings and config success in 1 ms √11%
2023-6-15 23:08:04-debug: builder.tasks.settings.macro does not defined in i18n
2023-6-15 23:08:04-debug: Process: heapTotal 244.91MB heapUsed 220.96MB rss 558.72MB
2023-6-15 23:08:04-debug: builder.tasks.settings.macro start11%
2023-6-15 23:08:04-debug: // ---- build task builder.tasks.settings.macro ----
2023-6-15 23:08:04-debug: // ---- build task builder.tasks.settings.macro ---- (3ms)
2023-6-15 23:08:04-debug: run build task builder.tasks.settings.macro success in 3 ms √11%
2023-6-15 23:08:04-debug: Sort some build options to settings.json start11%
2023-6-15 23:08:04-debug: // ---- build task Sort some build options to settings.json ----
2023-6-15 23:08:04-debug: Process: heapTotal 244.91MB heapUsed 221.00MB rss 558.73MB
2023-6-15 23:08:05-debug: // ---- build task Sort some build options to settings.json ---- (281ms)
2023-6-15 23:08:05-debug: run build task Sort some build options to settings.json success in 281 ms √12%
2023-6-15 23:08:05-debug: custom joint texture layouts start12%
2023-6-15 23:08:05-debug: Process: heapTotal 244.91MB heapUsed 221.08MB rss 558.80MB
2023-6-15 23:08:05-debug: // ---- build task custom joint texture layouts ----
2023-6-15 23:08:05-debug: // ---- build task custom joint texture layouts ---- (3ms)
2023-6-15 23:08:05-debug: run build task custom joint texture layouts success in 3 ms √12%
2023-6-15 23:08:05-debug: Process: heapTotal 244.91MB heapUsed 221.11MB rss 558.80MB
2023-6-15 23:08:05-debug: // ---- build task custom joint physics ----
2023-6-15 23:08:05-debug: custom joint physics start12%
2023-6-15 23:08:05-debug: // ---- build task custom joint physics ---- (1ms)
2023-6-15 23:08:05-debug: run build task custom joint physics success in 1 ms √13%
2023-6-15 23:08:05-debug: Process: heapTotal 244.91MB heapUsed 221.14MB rss 558.80MB
2023-6-15 23:08:05-debug: Fill script data to settings start13%
2023-6-15 23:08:05-debug: // ---- build task Fill script data to settings ----
2023-6-15 23:08:05-debug: run build task Fill script data to settings success in 1 ms √13%
2023-6-15 23:08:05-debug: Fill scene data to settings start13%
2023-6-15 23:08:05-debug: // ---- build task Fill script data to settings ---- (1ms)
2023-6-15 23:08:05-debug: // ---- build task Fill scene data to settings ----
2023-6-15 23:08:05-debug: Process: heapTotal 244.91MB heapUsed 221.17MB rss 558.82MB
2023-6-15 23:08:05-debug: // ---- build task Fill scene data to settings ---- (2ms)
2023-6-15 23:08:05-debug: run build task Fill scene data to settings success in 2 ms √14%
2023-6-15 23:08:05-debug: Process: heapTotal 244.91MB heapUsed 221.20MB rss 558.82MB
2023-6-15 23:08:05-debug: // ---- build task Organize assets groups，generate packedAssets and rawAssets data ----
2023-6-15 23:08:05-debug: Organize assets groups，generate packedAssets and rawAssets data start14%
2023-6-15 23:08:05-debug: // ---- build task Organize assets groups，generate packedAssets and rawAssets data ---- (2ms)
2023-6-15 23:08:05-debug: run build task Organize assets groups，generate packedAssets and rawAssets data success in 2 ms √14%
2023-6-15 23:08:05-debug: Generate md5AssetsMap from suffixMap to settings start14%
2023-6-15 23:08:05-debug: Process: heapTotal 244.91MB heapUsed 221.24MB rss 558.83MB
2023-6-15 23:08:05-debug: options.md5Cache is false.
2023-6-15 23:08:05-debug: // ---- build task Generate md5AssetsMap from suffixMap to settings ----
2023-6-15 23:08:05-debug: // ---- build task Generate md5AssetsMap from suffixMap to settings ---- (2ms)
2023-6-15 23:08:05-debug: run build task Generate md5AssetsMap from suffixMap to settings success in 2 ms √15%
2023-6-15 23:29:27-debug: refresh db internal success
2023-6-15 23:29:27-debug: asset-db:worker-effect-data-processing (252ms)
2023-6-15 23:29:27-debug: refresh db assets success
2023-6-15 23:29:27-debug: asset-db:refresh-all-database (371ms)
