2023-6-3 21:39:33-debug: asset-db:worker-init (2564ms)
2023-6-3 21:39:33-debug: Preimport db internal success
2023-6-3 21:39:33-debug: Preimport db assets success
2023-6-3 21:39:34-debug: asset-db:worker-effect-data-processing (801ms)
2023-6-3 21:39:39-debug: Set detail map pack:///resolution-detail-map.json: {}
2023-6-3 21:39:39-debug: asset-db:worker-init-script (3954ms)
2023-6-3 21:39:39-debug: Start up the 'internal' database...
2023-6-3 21:39:40-debug: start asset-db with asset: 409
2023-6-3 21:39:40-debug: Start up the 'assets' database...
2023-6-3 21:39:40-debug: start asset-db with asset: 8
2023-6-3 21:39:40-debug: asset-db:worker-startup-database[internal] (7754ms)
2023-6-3 21:39:40-debug: asset-db:worker-startup-database[assets] (6412ms)
2023-6-3 21:39:40-debug: Asset DB is ready!
2023-6-3 21:39:40-debug: init worker message success
2023-6-3 21:39:41-debug: builder:worker-init (1412ms)
2023-6-3 21:39:44-debug: programming:execute-script (2ms)
2023-6-3 21:40:04-debug: refresh db internal success
2023-6-3 21:40:04-debug: asset-db:worker-effect-data-processing (124ms)
2023-6-3 21:40:04-debug: refresh db assets success
2023-6-3 21:40:04-debug: asset-db:refresh-all-database (167ms)
2023-6-3 21:40:47-debug: refresh db internal success
2023-6-3 21:40:47-debug: refresh db assets success
2023-6-3 21:40:47-debug: asset-db:worker-effect-data-processing (187ms)
2023-6-3 21:40:47-debug: asset-db:refresh-all-database (239ms)
2023-6-3 21:45:51-debug: refresh db internal success
2023-6-3 21:45:51-debug: refresh db assets success
2023-6-3 21:45:51-debug: asset-db:worker-effect-data-processing (225ms)
2023-6-3 21:45:51-debug: asset-db:refresh-all-database (261ms)
2023-6-3 21:54:01-debug: refresh db internal success
2023-6-3 21:54:01-debug: %cImport%c: D:\Cocosworkspace\Cocos_2048\assets\scripts\Game.tsbackground: #aaff85; color: #000;color: #000;
2023-6-3 21:54:01-debug: refresh db assets success
2023-6-3 21:54:01-debug: asset-db:worker-effect-data-processing (240ms)
2023-6-3 21:54:01-debug: asset-db:refresh-all-database (297ms)
2023-6-3 21:54:04-debug: Query all assets info in project
2023-6-3 21:54:04-debug: BuildAssetLibrary query-assets with assets 439
2023-6-3 21:54:04-debug: init custom config: keepNodeUuid: false, useCache: true
2023-6-3 21:54:04-debug:   Number of all scripts: 4
2023-6-3 21:54:04-debug:   Number of other assets: 295
2023-6-3 21:54:04-debug:   Number of all scenes: 1
2023-6-3 21:54:04-debug: Query asset bundle start0%
2023-6-3 21:54:04-debug: Process: heapTotal 225.94MB heapUsed 192.10MB rss 534.79MB
2023-6-3 21:54:04-debug: // ---- build task Query asset bundle ----
2023-6-3 21:54:04-debug: // ---- build task Query asset bundle ---- (13ms)
2023-6-3 21:54:04-debug: run build task Query asset bundle success in 13 ms √3%
2023-6-3 21:54:04-debug: Process: heapTotal 225.94MB heapUsed 193.68MB rss 537.83MB
2023-6-3 21:54:04-debug: // ---- build task Query and organize assets ----
2023-6-3 21:54:04-debug: Query and organize assets start3%
2023-6-3 21:54:04-debug: init bundle assets
2023-6-3 21:54:04-debug: Query preload assets from cc.config.json: 60f7195c-ec2a-45eb-ba94-8955f60e81d0,1c02ae6f-4492-4915-b8f8-7492a3b1e4cd,810e96e4-e456-4468-9b59-f4e8f39732c0,efe8e2a3-eace-427b-b4f1-cb8a937ec77d,e9aa9a3e-5b2b-4ac7-a2c7-073de2b2b24f,8bbdbcdd-5cd4-4100-b6d5-b7c9625b6107,50f4348b-c883-4e2f-8f11-ce233b859fa1,fda095cb-831d-4601-ad94-846013963de8,f92806d7-1768-443f-afe8-12bcde84d0f0,dd3a144d-ab7f-41f0-82b8-2e43a090d496,f0416e68-0200-4b77-a926-4f9d16e494da,ff9be190-20a4-4e48-b68c-76e3c7cff085,970b0598-bcb0-4714-91fb-2e81440dccd8,bcd64cc6-2dd9-43f6-abbe-66318d332032,d930590d-bb92-4cc8-8bd1-23cd027f9edf,a3cd009f-0ab0-420d-9278-b9fdab939bbc,9361fd90-ba52-4f84-aa93-6e878fd576ca,c27215d8-6835-4b68-bfbb-bdeac6100c04,b5d6115f-0370-4d7c-aad3-c194cc71cf98,871c3b6c-7379-419d-bda3-794b239ab90d
2023-6-3 21:54:04-debug: Number of scenes: 1
2023-6-3 21:54:04-debug: Organize scripts start7%
2023-6-3 21:54:04-debug: // ---- build task Query and organize assets ---- (3ms)
2023-6-3 21:54:04-debug: Process: heapTotal 225.94MB heapUsed 193.84MB rss 538.90MB
2023-6-3 21:54:04-debug: run build task Query and organize assets success in 3 ms √7%
2023-6-3 21:54:04-debug: // ---- build task Organize scripts ----
2023-6-3 21:54:04-debug: sort script group...
2023-6-3 21:54:04-debug: // ---- build task Organize scripts ---- (1ms)
2023-6-3 21:54:04-debug: Init settings and config start10%
2023-6-3 21:54:04-debug: run build task Organize scripts success in 1 ms √10%
2023-6-3 21:54:04-debug: Process: heapTotal 225.94MB heapUsed 193.87MB rss 538.84MB
2023-6-3 21:54:04-debug: // ---- build task Init settings and config ----
2023-6-3 21:54:04-debug: // ---- build task Init settings and config ---- (1ms)
2023-6-3 21:54:04-debug: run build task Init settings and config success in 1 ms √11%
2023-6-3 21:54:04-debug: // ---- build task builder.tasks.settings.macro ----
2023-6-3 21:54:04-debug: builder.tasks.settings.macro does not defined in i18n
2023-6-3 21:54:04-debug: Process: heapTotal 225.94MB heapUsed 193.91MB rss 538.83MB
2023-6-3 21:54:04-debug: builder.tasks.settings.macro start11%
2023-6-3 21:54:04-debug: // ---- build task builder.tasks.settings.macro ---- (1ms)
2023-6-3 21:54:04-debug: run build task builder.tasks.settings.macro success in 1 ms √11%
2023-6-3 21:54:04-debug: Process: heapTotal 225.94MB heapUsed 193.94MB rss 539.71MB
2023-6-3 21:54:04-debug: // ---- build task Sort some build options to settings.json ----
2023-6-3 21:54:04-debug: Sort some build options to settings.json start11%
2023-6-3 21:54:04-debug: // ---- build task Sort some build options to settings.json ---- (233ms)
2023-6-3 21:54:04-debug: run build task Sort some build options to settings.json success in 233 ms √12%
2023-6-3 21:54:04-debug: // ---- build task custom joint texture layouts ----
2023-6-3 21:54:04-debug: Process: heapTotal 225.94MB heapUsed 194.24MB rss 537.08MB
2023-6-3 21:54:04-debug: custom joint texture layouts start12%
2023-6-3 21:54:04-debug: // ---- build task custom joint texture layouts ---- (1ms)
2023-6-3 21:54:04-debug: run build task custom joint texture layouts success in 1 ms √12%
2023-6-3 21:54:04-debug: Process: heapTotal 225.94MB heapUsed 194.27MB rss 537.11MB
2023-6-3 21:54:04-debug: // ---- build task custom joint physics ----
2023-6-3 21:54:04-debug: custom joint physics start12%
2023-6-3 21:54:04-debug: run build task custom joint physics success in 0 ms √13%
2023-6-3 21:54:04-debug: // ---- build task Fill script data to settings ----
2023-6-3 21:54:04-debug: Process: heapTotal 225.94MB heapUsed 194.29MB rss 537.14MB
2023-6-3 21:54:04-debug: Fill script data to settings start13%
2023-6-3 21:54:04-debug: run build task Fill script data to settings success in 0 ms √13%
2023-6-3 21:54:04-debug: Fill scene data to settings start13%
2023-6-3 21:54:04-debug: // ---- build task Fill scene data to settings ----
2023-6-3 21:54:04-debug: Process: heapTotal 225.94MB heapUsed 194.32MB rss 537.16MB
2023-6-3 21:54:04-debug: // ---- build task Fill scene data to settings ---- (1ms)
2023-6-3 21:54:04-debug: run build task Fill scene data to settings success in 1 ms √14%
2023-6-3 21:54:04-debug: // ---- build task Organize assets groups，generate packedAssets and rawAssets data ----
2023-6-3 21:54:04-debug: Organize assets groups，generate packedAssets and rawAssets data start14%
2023-6-3 21:54:04-debug: Process: heapTotal 225.94MB heapUsed 194.35MB rss 537.20MB
2023-6-3 21:54:04-debug: // ---- build task Organize assets groups，generate packedAssets and rawAssets data ---- (1ms)
2023-6-3 21:54:04-debug: Generate md5AssetsMap from suffixMap to settings start14%
2023-6-3 21:54:04-debug: run build task Organize assets groups，generate packedAssets and rawAssets data success in 1 ms √14%
2023-6-3 21:54:04-debug: options.md5Cache is false.
2023-6-3 21:54:04-debug: Process: heapTotal 225.19MB heapUsed 187.74MB rss 536.51MB
2023-6-3 21:54:04-debug: // ---- build task Generate md5AssetsMap from suffixMap to settings ----
2023-6-3 21:54:04-debug: run build task Generate md5AssetsMap from suffixMap to settings success in 0 ms √15%
2023-6-4 00:03:59-debug: refresh db internal success
2023-6-4 00:04:00-debug: asset-db:worker-effect-data-processing (708ms)
2023-6-4 00:04:00-debug: refresh db assets success
2023-6-4 00:04:00-debug: asset-db:refresh-all-database (957ms)
2023-6-4 00:09:02-debug: refresh db internal success
2023-6-4 00:09:02-debug: asset-db:worker-effect-data-processing (194ms)
2023-6-4 00:09:02-debug: %cImport%c: D:\Cocosworkspace\Cocos_2048\assets\scripts\Game.tsbackground: #aaff85; color: #000;color: #000;
2023-6-4 00:09:02-debug: refresh db assets success
2023-6-4 00:09:02-debug: asset-db:refresh-all-database (230ms)
2023-6-4 00:09:03-debug: Query all assets info in project
2023-6-4 00:09:03-debug: BuildAssetLibrary query-assets with assets 439
2023-6-4 00:09:03-debug: init custom config: keepNodeUuid: false, useCache: true
2023-6-4 00:09:03-debug:   Number of all scenes: 1
2023-6-4 00:09:03-debug:   Number of other assets: 295
2023-6-4 00:09:03-debug:   Number of all scripts: 4
2023-6-4 00:09:03-debug: // ---- build task Query asset bundle ----
2023-6-4 00:09:03-debug: Process: heapTotal 227.35MB heapUsed 191.20MB rss 291.54MB
2023-6-4 00:09:03-debug: Query asset bundle start0%
2023-6-4 00:09:03-debug: // ---- build task Query asset bundle ---- (8ms)
2023-6-4 00:09:03-debug: run build task Query asset bundle success in 8 ms √3%
2023-6-4 00:09:03-debug: Process: heapTotal 227.35MB heapUsed 192.74MB rss 291.71MB
2023-6-4 00:09:03-debug: // ---- build task Query and organize assets ----
2023-6-4 00:09:03-debug: init bundle assets
2023-6-4 00:09:03-debug: Query and organize assets start3%
2023-6-4 00:09:03-debug: Query preload assets from cc.config.json: 60f7195c-ec2a-45eb-ba94-8955f60e81d0,1c02ae6f-4492-4915-b8f8-7492a3b1e4cd,810e96e4-e456-4468-9b59-f4e8f39732c0,efe8e2a3-eace-427b-b4f1-cb8a937ec77d,e9aa9a3e-5b2b-4ac7-a2c7-073de2b2b24f,8bbdbcdd-5cd4-4100-b6d5-b7c9625b6107,50f4348b-c883-4e2f-8f11-ce233b859fa1,fda095cb-831d-4601-ad94-846013963de8,f92806d7-1768-443f-afe8-12bcde84d0f0,dd3a144d-ab7f-41f0-82b8-2e43a090d496,f0416e68-0200-4b77-a926-4f9d16e494da,ff9be190-20a4-4e48-b68c-76e3c7cff085,970b0598-bcb0-4714-91fb-2e81440dccd8,bcd64cc6-2dd9-43f6-abbe-66318d332032,d930590d-bb92-4cc8-8bd1-23cd027f9edf,a3cd009f-0ab0-420d-9278-b9fdab939bbc,9361fd90-ba52-4f84-aa93-6e878fd576ca,c27215d8-6835-4b68-bfbb-bdeac6100c04,b5d6115f-0370-4d7c-aad3-c194cc71cf98,871c3b6c-7379-419d-bda3-794b239ab90d
2023-6-4 00:09:03-debug: Number of scenes: 1
2023-6-4 00:09:03-debug: // ---- build task Query and organize assets ---- (6ms)
2023-6-4 00:09:03-debug: run build task Query and organize assets success in 6 ms √7%
2023-6-4 00:09:03-debug: Process: heapTotal 227.35MB heapUsed 192.87MB rss 291.90MB
2023-6-4 00:09:03-debug: Organize scripts start7%
2023-6-4 00:09:03-debug: // ---- build task Organize scripts ----
2023-6-4 00:09:03-debug: sort script group...
2023-6-4 00:09:03-debug: run build task Organize scripts success in 1 ms √10%
2023-6-4 00:09:03-debug: // ---- build task Organize scripts ---- (1ms)
2023-6-4 00:09:03-debug: Init settings and config start10%
2023-6-4 00:09:03-debug: // ---- build task Init settings and config ----
2023-6-4 00:09:03-debug: Process: heapTotal 227.35MB heapUsed 192.91MB rss 291.94MB
2023-6-4 00:09:03-debug: builder.tasks.settings.macro does not defined in i18n
2023-6-4 00:09:03-debug: run build task Init settings and config success in 0 ms √11%
2023-6-4 00:09:03-debug: builder.tasks.settings.macro start11%
2023-6-4 00:09:03-debug: // ---- build task builder.tasks.settings.macro ----
2023-6-4 00:09:03-debug: Process: heapTotal 227.35MB heapUsed 192.94MB rss 291.98MB
2023-6-4 00:09:03-debug: // ---- build task builder.tasks.settings.macro ---- (2ms)
2023-6-4 00:09:03-debug: run build task builder.tasks.settings.macro success in 2 ms √11%
2023-6-4 00:09:03-debug: Process: heapTotal 227.35MB heapUsed 192.97MB rss 292.02MB
2023-6-4 00:09:03-debug: Sort some build options to settings.json start11%
2023-6-4 00:09:03-debug: // ---- build task Sort some build options to settings.json ----
2023-6-4 00:09:03-debug: // ---- build task Sort some build options to settings.json ---- (7ms)
2023-6-4 00:09:03-debug: run build task Sort some build options to settings.json success in 7 ms √12%
2023-6-4 00:09:03-debug: Process: heapTotal 227.35MB heapUsed 193.05MB rss 292.17MB
2023-6-4 00:09:03-debug: // ---- build task custom joint texture layouts ----
2023-6-4 00:09:03-debug: custom joint texture layouts start12%
2023-6-4 00:09:03-debug: // ---- build task custom joint texture layouts ---- (2ms)
2023-6-4 00:09:03-debug: run build task custom joint texture layouts success in 2 ms √12%
2023-6-4 00:09:03-debug: custom joint physics start12%
2023-6-4 00:09:03-debug: Process: heapTotal 227.35MB heapUsed 193.08MB rss 292.21MB
2023-6-4 00:09:03-debug: // ---- build task custom joint physics ----
2023-6-4 00:09:03-debug: // ---- build task custom joint physics ---- (1ms)
2023-6-4 00:09:03-debug: run build task custom joint physics success in 1 ms √13%
2023-6-4 00:09:03-debug: // ---- build task Fill script data to settings ----
2023-6-4 00:09:03-debug: Process: heapTotal 227.35MB heapUsed 193.11MB rss 292.24MB
2023-6-4 00:09:03-debug: Fill script data to settings start13%
2023-6-4 00:09:03-debug: // ---- build task Fill script data to settings ---- (1ms)
2023-6-4 00:09:03-debug: run build task Fill script data to settings success in 1 ms √13%
2023-6-4 00:09:03-debug: // ---- build task Fill scene data to settings ----
2023-6-4 00:09:03-debug: Process: heapTotal 227.35MB heapUsed 193.14MB rss 292.27MB
2023-6-4 00:09:03-debug: Fill scene data to settings start13%
2023-6-4 00:09:03-debug: // ---- build task Fill scene data to settings ---- (1ms)
2023-6-4 00:09:03-debug: run build task Fill scene data to settings success in 1 ms √14%
2023-6-4 00:09:03-debug: Organize assets groups，generate packedAssets and rawAssets data start14%
2023-6-4 00:09:03-debug: // ---- build task Organize assets groups，generate packedAssets and rawAssets data ----
2023-6-4 00:09:03-debug: Process: heapTotal 227.35MB heapUsed 193.17MB rss 292.30MB
2023-6-4 00:09:03-debug: // ---- build task Organize assets groups，generate packedAssets and rawAssets data ---- (1ms)
2023-6-4 00:09:03-debug: run build task Organize assets groups，generate packedAssets and rawAssets data success in 1 ms √14%
2023-6-4 00:09:03-debug: Generate md5AssetsMap from suffixMap to settings start14%
2023-6-4 00:09:03-debug: Process: heapTotal 227.35MB heapUsed 193.21MB rss 292.35MB
2023-6-4 00:09:03-debug: // ---- build task Generate md5AssetsMap from suffixMap to settings ----
2023-6-4 00:09:03-debug: options.md5Cache is false.
2023-6-4 00:09:03-debug: run build task Generate md5AssetsMap from suffixMap to settings success in 1 ms √15%
2023-6-4 00:09:03-debug: // ---- build task Generate md5AssetsMap from suffixMap to settings ---- (1ms)
2023-6-4 00:19:32-debug: refresh db internal success
2023-6-4 00:19:32-debug: %cImport%c: D:\Cocosworkspace\Cocos_2048\assets\scripts\Game.tsbackground: #aaff85; color: #000;color: #000;
2023-6-4 00:19:32-debug: asset-db:worker-effect-data-processing (211ms)
2023-6-4 00:19:32-debug: refresh db assets success
2023-6-4 00:19:32-debug: asset-db:refresh-all-database (260ms)
2023-6-4 00:19:33-debug: Query all assets info in project
2023-6-4 00:19:33-debug: BuildAssetLibrary query-assets with assets 439
2023-6-4 00:19:33-debug: init custom config: keepNodeUuid: false, useCache: true
2023-6-4 00:19:33-debug:   Number of other assets: 295
2023-6-4 00:19:33-debug: Query asset bundle start0%
2023-6-4 00:19:33-debug:   Number of all scenes: 1
2023-6-4 00:19:33-debug: Process: heapTotal 227.19MB heapUsed 190.43MB rss 284.98MB
2023-6-4 00:19:33-debug: // ---- build task Query asset bundle ----
2023-6-4 00:19:33-debug:   Number of all scripts: 4
2023-6-4 00:19:33-debug: // ---- build task Query asset bundle ---- (5ms)
2023-6-4 00:19:33-debug: run build task Query asset bundle success in 5 ms √3%
2023-6-4 00:19:33-debug: Process: heapTotal 227.19MB heapUsed 191.97MB rss 285.28MB
2023-6-4 00:19:33-debug: // ---- build task Query and organize assets ----
2023-6-4 00:19:33-debug: Query and organize assets start3%
2023-6-4 00:19:33-debug: init bundle assets
2023-6-4 00:19:33-debug: Query preload assets from cc.config.json: 60f7195c-ec2a-45eb-ba94-8955f60e81d0,1c02ae6f-4492-4915-b8f8-7492a3b1e4cd,810e96e4-e456-4468-9b59-f4e8f39732c0,efe8e2a3-eace-427b-b4f1-cb8a937ec77d,e9aa9a3e-5b2b-4ac7-a2c7-073de2b2b24f,8bbdbcdd-5cd4-4100-b6d5-b7c9625b6107,50f4348b-c883-4e2f-8f11-ce233b859fa1,fda095cb-831d-4601-ad94-846013963de8,f92806d7-1768-443f-afe8-12bcde84d0f0,dd3a144d-ab7f-41f0-82b8-2e43a090d496,f0416e68-0200-4b77-a926-4f9d16e494da,ff9be190-20a4-4e48-b68c-76e3c7cff085,970b0598-bcb0-4714-91fb-2e81440dccd8,bcd64cc6-2dd9-43f6-abbe-66318d332032,d930590d-bb92-4cc8-8bd1-23cd027f9edf,a3cd009f-0ab0-420d-9278-b9fdab939bbc,9361fd90-ba52-4f84-aa93-6e878fd576ca,c27215d8-6835-4b68-bfbb-bdeac6100c04,b5d6115f-0370-4d7c-aad3-c194cc71cf98,871c3b6c-7379-419d-bda3-794b239ab90d
2023-6-4 00:19:33-debug: Number of scenes: 1
2023-6-4 00:19:33-debug: // ---- build task Query and organize assets ---- (3ms)
2023-6-4 00:19:33-debug: run build task Query and organize assets success in 3 ms √7%
2023-6-4 00:19:33-debug: Organize scripts start7%
2023-6-4 00:19:33-debug: Process: heapTotal 227.19MB heapUsed 192.11MB rss 285.45MB
2023-6-4 00:19:33-debug: sort script group...
2023-6-4 00:19:33-debug: // ---- build task Organize scripts ----
2023-6-4 00:19:33-debug: run build task Organize scripts success in 0 ms √10%
2023-6-4 00:19:33-debug: Process: heapTotal 227.19MB heapUsed 192.13MB rss 285.48MB
2023-6-4 00:19:33-debug: Init settings and config start10%
2023-6-4 00:19:33-debug: // ---- build task Init settings and config ----
2023-6-4 00:19:33-debug: // ---- build task Init settings and config ---- (1ms)
2023-6-4 00:19:33-debug: run build task Init settings and config success in 1 ms √11%
2023-6-4 00:19:33-debug: builder.tasks.settings.macro does not defined in i18n
2023-6-4 00:19:33-debug: Process: heapTotal 227.19MB heapUsed 192.17MB rss 285.52MB
2023-6-4 00:19:33-debug: builder.tasks.settings.macro start11%
2023-6-4 00:19:33-debug: // ---- build task builder.tasks.settings.macro ----
2023-6-4 00:19:33-debug: // ---- build task builder.tasks.settings.macro ---- (1ms)
2023-6-4 00:19:33-debug: run build task builder.tasks.settings.macro success in 1 ms √11%
2023-6-4 00:19:33-debug: // ---- build task Sort some build options to settings.json ----
2023-6-4 00:19:33-debug: Process: heapTotal 227.19MB heapUsed 192.21MB rss 285.56MB
2023-6-4 00:19:33-debug: Sort some build options to settings.json start11%
2023-6-4 00:19:33-debug: // ---- build task Sort some build options to settings.json ---- (2ms)
2023-6-4 00:19:33-debug: run build task Sort some build options to settings.json success in 2 ms √12%
2023-6-4 00:19:33-debug: Process: heapTotal 227.19MB heapUsed 192.28MB rss 285.68MB
2023-6-4 00:19:33-debug: custom joint texture layouts start12%
2023-6-4 00:19:33-debug: // ---- build task custom joint texture layouts ----
2023-6-4 00:19:33-debug: // ---- build task custom joint texture layouts ---- (2ms)
2023-6-4 00:19:33-debug: run build task custom joint texture layouts success in 2 ms √12%
2023-6-4 00:19:33-debug: // ---- build task custom joint physics ----
2023-6-4 00:19:33-debug: Process: heapTotal 227.19MB heapUsed 192.31MB rss 285.71MB
2023-6-4 00:19:33-debug: custom joint physics start12%
2023-6-4 00:19:33-debug: // ---- build task custom joint physics ---- (1ms)
2023-6-4 00:19:33-debug: // ---- build task Fill script data to settings ----
2023-6-4 00:19:33-debug: Process: heapTotal 227.19MB heapUsed 192.34MB rss 285.74MB
2023-6-4 00:19:33-debug: Fill script data to settings start13%
2023-6-4 00:19:33-debug: run build task custom joint physics success in 1 ms √13%
2023-6-4 00:19:33-debug: // ---- build task Fill script data to settings ---- (1ms)
2023-6-4 00:19:33-debug: run build task Fill script data to settings success in 1 ms √13%
2023-6-4 00:19:33-debug: Process: heapTotal 227.19MB heapUsed 192.37MB rss 285.77MB
2023-6-4 00:19:33-debug: Fill scene data to settings start13%
2023-6-4 00:19:33-debug: // ---- build task Fill scene data to settings ----
2023-6-4 00:19:33-debug: Organize assets groups，generate packedAssets and rawAssets data start14%
2023-6-4 00:19:33-debug: // ---- build task Organize assets groups，generate packedAssets and rawAssets data ----
2023-6-4 00:19:33-debug: run build task Fill scene data to settings success in 0 ms √14%
2023-6-4 00:19:33-debug: Process: heapTotal 227.19MB heapUsed 192.40MB rss 285.80MB
2023-6-4 00:19:33-debug: // ---- build task Organize assets groups，generate packedAssets and rawAssets data ---- (1ms)
2023-6-4 00:19:33-debug: run build task Organize assets groups，generate packedAssets and rawAssets data success in 1 ms √14%
2023-6-4 00:19:33-debug: // ---- build task Generate md5AssetsMap from suffixMap to settings ----
2023-6-4 00:19:33-debug: Process: heapTotal 227.19MB heapUsed 192.43MB rss 285.84MB
2023-6-4 00:19:33-debug: options.md5Cache is false.
2023-6-4 00:19:33-debug: Generate md5AssetsMap from suffixMap to settings start14%
2023-6-4 00:19:33-debug: run build task Generate md5AssetsMap from suffixMap to settings success in 0 ms √15%
2023-6-4 00:21:25-debug: refresh db internal success
2023-6-4 00:21:25-debug: %cImport%c: D:\Cocosworkspace\Cocos_2048\assets\scripts\Game.tsbackground: #aaff85; color: #000;color: #000;
2023-6-4 00:21:25-debug: asset-db:worker-effect-data-processing (185ms)
2023-6-4 00:21:25-debug: refresh db assets success
2023-6-4 00:21:25-debug: asset-db:refresh-all-database (231ms)
2023-6-4 00:21:25-debug: Query all assets info in project
2023-6-4 00:21:25-debug: BuildAssetLibrary query-assets with assets 439
2023-6-4 00:21:25-debug: init custom config: keepNodeUuid: false, useCache: true
2023-6-4 00:21:25-debug:   Number of other assets: 295
2023-6-4 00:21:25-debug: Query asset bundle start0%
2023-6-4 00:21:25-debug: // ---- build task Query asset bundle ----
2023-6-4 00:21:25-debug: Process: heapTotal 228.80MB heapUsed 194.88MB rss 295.96MB
2023-6-4 00:21:25-debug:   Number of all scenes: 1
2023-6-4 00:21:25-debug:   Number of all scripts: 4
2023-6-4 00:21:26-debug: // ---- build task Query asset bundle ---- (7ms)
2023-6-4 00:21:26-debug: run build task Query asset bundle success in 7 ms √3%
2023-6-4 00:21:26-debug: Process: heapTotal 226.69MB heapUsed 188.45MB rss 292.26MB
2023-6-4 00:21:26-debug: Query and organize assets start3%
2023-6-4 00:21:26-debug: // ---- build task Query and organize assets ----
2023-6-4 00:21:26-debug: init bundle assets
2023-6-4 00:21:26-debug: Query preload assets from cc.config.json: 60f7195c-ec2a-45eb-ba94-8955f60e81d0,1c02ae6f-4492-4915-b8f8-7492a3b1e4cd,810e96e4-e456-4468-9b59-f4e8f39732c0,efe8e2a3-eace-427b-b4f1-cb8a937ec77d,e9aa9a3e-5b2b-4ac7-a2c7-073de2b2b24f,8bbdbcdd-5cd4-4100-b6d5-b7c9625b6107,50f4348b-c883-4e2f-8f11-ce233b859fa1,fda095cb-831d-4601-ad94-846013963de8,f92806d7-1768-443f-afe8-12bcde84d0f0,dd3a144d-ab7f-41f0-82b8-2e43a090d496,f0416e68-0200-4b77-a926-4f9d16e494da,ff9be190-20a4-4e48-b68c-76e3c7cff085,970b0598-bcb0-4714-91fb-2e81440dccd8,bcd64cc6-2dd9-43f6-abbe-66318d332032,d930590d-bb92-4cc8-8bd1-23cd027f9edf,a3cd009f-0ab0-420d-9278-b9fdab939bbc,9361fd90-ba52-4f84-aa93-6e878fd576ca,c27215d8-6835-4b68-bfbb-bdeac6100c04,b5d6115f-0370-4d7c-aad3-c194cc71cf98,871c3b6c-7379-419d-bda3-794b239ab90d
2023-6-4 00:21:26-debug: Number of scenes: 1
2023-6-4 00:21:26-debug: // ---- build task Query and organize assets ---- (2ms)
2023-6-4 00:21:26-debug: run build task Query and organize assets success in 2 ms √7%
2023-6-4 00:21:26-debug: // ---- build task Organize scripts ----
2023-6-4 00:21:26-debug: Process: heapTotal 226.69MB heapUsed 188.60MB rss 292.30MB
2023-6-4 00:21:26-debug: Organize scripts start7%
2023-6-4 00:21:26-debug: sort script group...
2023-6-4 00:21:26-debug: // ---- build task Init settings and config ----
2023-6-4 00:21:26-debug: run build task Organize scripts success in 0 ms √10%
2023-6-4 00:21:26-debug: Process: heapTotal 226.69MB heapUsed 188.64MB rss 292.30MB
2023-6-4 00:21:26-debug: Init settings and config start10%
2023-6-4 00:21:26-debug: // ---- build task Init settings and config ---- (1ms)
2023-6-4 00:21:26-debug: run build task Init settings and config success in 1 ms √11%
2023-6-4 00:21:26-debug: Process: heapTotal 226.69MB heapUsed 188.67MB rss 292.30MB
2023-6-4 00:21:26-debug: builder.tasks.settings.macro start11%
2023-6-4 00:21:26-debug: builder.tasks.settings.macro does not defined in i18n
2023-6-4 00:21:26-debug: // ---- build task builder.tasks.settings.macro ----
2023-6-4 00:21:26-debug: // ---- build task builder.tasks.settings.macro ---- (1ms)
2023-6-4 00:21:26-debug: run build task builder.tasks.settings.macro success in 1 ms √11%
2023-6-4 00:21:26-debug: Process: heapTotal 226.69MB heapUsed 188.71MB rss 292.30MB
2023-6-4 00:21:26-debug: // ---- build task Sort some build options to settings.json ----
2023-6-4 00:21:26-debug: Sort some build options to settings.json start11%
2023-6-4 00:21:26-debug: // ---- build task Sort some build options to settings.json ---- (3ms)
2023-6-4 00:21:26-debug: run build task Sort some build options to settings.json success in 3 ms √12%
2023-6-4 00:21:26-debug: custom joint texture layouts start12%
2023-6-4 00:21:26-debug: // ---- build task custom joint texture layouts ----
2023-6-4 00:21:26-debug: Process: heapTotal 226.69MB heapUsed 188.79MB rss 292.38MB
2023-6-4 00:21:26-debug: run build task custom joint texture layouts success in 1 ms √12%
2023-6-4 00:21:26-debug: // ---- build task custom joint texture layouts ---- (1ms)
2023-6-4 00:21:26-debug: custom joint physics start12%
2023-6-4 00:21:26-debug: Process: heapTotal 226.69MB heapUsed 188.82MB rss 292.38MB
2023-6-4 00:21:26-debug: // ---- build task custom joint physics ----
2023-6-4 00:21:26-debug: // ---- build task custom joint physics ---- (1ms)
2023-6-4 00:21:26-debug: run build task custom joint physics success in 1 ms √13%
2023-6-4 00:21:26-debug: Fill script data to settings start13%
2023-6-4 00:21:26-debug: Process: heapTotal 226.69MB heapUsed 188.85MB rss 292.38MB
2023-6-4 00:21:26-debug: // ---- build task Fill script data to settings ----
2023-6-4 00:21:26-debug: // ---- build task Fill script data to settings ---- (1ms)
2023-6-4 00:21:26-debug: run build task Fill script data to settings success in 1 ms √13%
2023-6-4 00:21:26-debug: Process: heapTotal 226.69MB heapUsed 188.88MB rss 292.39MB
2023-6-4 00:21:26-debug: // ---- build task Fill scene data to settings ----
2023-6-4 00:21:26-debug: Fill scene data to settings start13%
2023-6-4 00:21:26-debug: // ---- build task Organize assets groups，generate packedAssets and rawAssets data ----
2023-6-4 00:21:26-debug: run build task Fill scene data to settings success in 0 ms √14%
2023-6-4 00:21:26-debug: Organize assets groups，generate packedAssets and rawAssets data start14%
2023-6-4 00:21:26-debug: Process: heapTotal 226.69MB heapUsed 188.91MB rss 292.40MB
2023-6-4 00:21:26-debug: // ---- build task Organize assets groups，generate packedAssets and rawAssets data ---- (1ms)
2023-6-4 00:21:26-debug: run build task Organize assets groups，generate packedAssets and rawAssets data success in 1 ms √14%
2023-6-4 00:21:26-debug: Process: heapTotal 226.69MB heapUsed 188.95MB rss 292.40MB
2023-6-4 00:21:26-debug: // ---- build task Generate md5AssetsMap from suffixMap to settings ----
2023-6-4 00:21:26-debug: Generate md5AssetsMap from suffixMap to settings start14%
2023-6-4 00:21:26-debug: options.md5Cache is false.
2023-6-4 00:21:26-debug: run build task Generate md5AssetsMap from suffixMap to settings success in 0 ms √15%
2023-6-4 00:23:25-debug: refresh db internal success
2023-6-4 00:23:25-debug: %cImport%c: D:\Cocosworkspace\Cocos_2048\assets\scripts\Game.tsbackground: #aaff85; color: #000;color: #000;
2023-6-4 00:23:25-debug: asset-db:worker-effect-data-processing (115ms)
2023-6-4 00:23:25-debug: refresh db assets success
2023-6-4 00:23:25-debug: asset-db:refresh-all-database (143ms)
2023-6-4 00:23:26-debug: Query all assets info in project
2023-6-4 00:23:26-debug: BuildAssetLibrary query-assets with assets 439
2023-6-4 00:23:26-debug: init custom config: keepNodeUuid: false, useCache: true
2023-6-4 00:23:26-debug:   Number of all scripts: 4
2023-6-4 00:23:26-debug:   Number of other assets: 295
2023-6-4 00:23:26-debug:   Number of all scenes: 1
2023-6-4 00:23:26-debug: Query asset bundle start0%
2023-6-4 00:23:26-debug: // ---- build task Query asset bundle ----
2023-6-4 00:23:26-debug: Process: heapTotal 228.51MB heapUsed 202.04MB rss 296.21MB
2023-6-4 00:23:26-debug: // ---- build task Query asset bundle ---- (11ms)
2023-6-4 00:23:26-debug: run build task Query asset bundle success in 11 ms √3%
2023-6-4 00:23:26-debug: Process: heapTotal 235.76MB heapUsed 199.72MB rss 295.79MB
2023-6-4 00:23:26-debug: // ---- build task Query and organize assets ----
2023-6-4 00:23:26-debug: init bundle assets
2023-6-4 00:23:26-debug: Query and organize assets start3%
2023-6-4 00:23:26-debug: Query preload assets from cc.config.json: 60f7195c-ec2a-45eb-ba94-8955f60e81d0,1c02ae6f-4492-4915-b8f8-7492a3b1e4cd,810e96e4-e456-4468-9b59-f4e8f39732c0,efe8e2a3-eace-427b-b4f1-cb8a937ec77d,e9aa9a3e-5b2b-4ac7-a2c7-073de2b2b24f,8bbdbcdd-5cd4-4100-b6d5-b7c9625b6107,50f4348b-c883-4e2f-8f11-ce233b859fa1,fda095cb-831d-4601-ad94-846013963de8,f92806d7-1768-443f-afe8-12bcde84d0f0,dd3a144d-ab7f-41f0-82b8-2e43a090d496,f0416e68-0200-4b77-a926-4f9d16e494da,ff9be190-20a4-4e48-b68c-76e3c7cff085,970b0598-bcb0-4714-91fb-2e81440dccd8,bcd64cc6-2dd9-43f6-abbe-66318d332032,d930590d-bb92-4cc8-8bd1-23cd027f9edf,a3cd009f-0ab0-420d-9278-b9fdab939bbc,9361fd90-ba52-4f84-aa93-6e878fd576ca,c27215d8-6835-4b68-bfbb-bdeac6100c04,b5d6115f-0370-4d7c-aad3-c194cc71cf98,871c3b6c-7379-419d-bda3-794b239ab90d
2023-6-4 00:23:26-debug: Number of scenes: 1
2023-6-4 00:23:26-debug: // ---- build task Query and organize assets ---- (5ms)
2023-6-4 00:23:26-debug: run build task Query and organize assets success in 5 ms √7%
2023-6-4 00:23:26-debug: Organize scripts start7%
2023-6-4 00:23:26-debug: Process: heapTotal 235.76MB heapUsed 199.84MB rss 295.82MB
2023-6-4 00:23:26-debug: // ---- build task Organize scripts ----
2023-6-4 00:23:26-debug: sort script group...
2023-6-4 00:23:26-debug: // ---- build task Organize scripts ---- (1ms)
2023-6-4 00:23:26-debug: run build task Organize scripts success in 1 ms √10%
2023-6-4 00:23:26-debug: Process: heapTotal 235.76MB heapUsed 199.88MB rss 295.82MB
2023-6-4 00:23:26-debug: // ---- build task Init settings and config ----
2023-6-4 00:23:26-debug: Init settings and config start10%
2023-6-4 00:23:26-debug: run build task Init settings and config success in 0 ms √11%
2023-6-4 00:23:26-debug: builder.tasks.settings.macro does not defined in i18n
2023-6-4 00:23:26-debug: // ---- build task builder.tasks.settings.macro ----
2023-6-4 00:23:26-debug: Process: heapTotal 235.76MB heapUsed 199.91MB rss 295.82MB
2023-6-4 00:23:26-debug: builder.tasks.settings.macro start11%
2023-6-4 00:23:26-debug: // ---- build task builder.tasks.settings.macro ---- (2ms)
2023-6-4 00:23:26-debug: run build task builder.tasks.settings.macro success in 2 ms √11%
2023-6-4 00:23:26-debug: // ---- build task Sort some build options to settings.json ----
2023-6-4 00:23:26-debug: Process: heapTotal 235.76MB heapUsed 199.94MB rss 295.82MB
2023-6-4 00:23:26-debug: Sort some build options to settings.json start11%
2023-6-4 00:23:26-debug: // ---- build task Sort some build options to settings.json ---- (4ms)
2023-6-4 00:23:26-debug: run build task Sort some build options to settings.json success in 4 ms √12%
2023-6-4 00:23:26-debug: custom joint texture layouts start12%
2023-6-4 00:23:26-debug: // ---- build task custom joint texture layouts ----
2023-6-4 00:23:26-debug: Process: heapTotal 235.76MB heapUsed 200.01MB rss 295.85MB
2023-6-4 00:23:26-debug: // ---- build task custom joint texture layouts ---- (1ms)
2023-6-4 00:23:26-debug: run build task custom joint texture layouts success in 1 ms √12%
2023-6-4 00:23:26-debug: // ---- build task custom joint physics ----
2023-6-4 00:23:26-debug: Process: heapTotal 235.76MB heapUsed 200.04MB rss 295.86MB
2023-6-4 00:23:26-debug: custom joint physics start12%
2023-6-4 00:23:26-debug: run build task custom joint physics success in 0 ms √13%
2023-6-4 00:23:26-debug: Process: heapTotal 235.76MB heapUsed 200.07MB rss 295.86MB
2023-6-4 00:23:26-debug: // ---- build task Fill script data to settings ----
2023-6-4 00:23:26-debug: Fill script data to settings start13%
2023-6-4 00:23:26-debug: // ---- build task Fill script data to settings ---- (1ms)
2023-6-4 00:23:26-debug: run build task Fill script data to settings success in 1 ms √13%
2023-6-4 00:23:26-debug: Fill scene data to settings start13%
2023-6-4 00:23:26-debug: Process: heapTotal 235.76MB heapUsed 200.10MB rss 295.86MB
2023-6-4 00:23:26-debug: // ---- build task Fill scene data to settings ----
2023-6-4 00:23:26-debug: Organize assets groups，generate packedAssets and rawAssets data start14%
2023-6-4 00:23:26-debug: // ---- build task Organize assets groups，generate packedAssets and rawAssets data ----
2023-6-4 00:23:26-debug: run build task Fill scene data to settings success in 0 ms √14%
2023-6-4 00:23:26-debug: Process: heapTotal 235.76MB heapUsed 200.12MB rss 295.86MB
2023-6-4 00:23:26-debug: run build task Organize assets groups，generate packedAssets and rawAssets data success in 1 ms √14%
2023-6-4 00:23:26-debug: // ---- build task Organize assets groups，generate packedAssets and rawAssets data ---- (1ms)
2023-6-4 00:23:26-debug: Process: heapTotal 235.76MB heapUsed 200.16MB rss 295.87MB
2023-6-4 00:23:26-debug: // ---- build task Generate md5AssetsMap from suffixMap to settings ----
2023-6-4 00:23:26-debug: Generate md5AssetsMap from suffixMap to settings start14%
2023-6-4 00:23:26-debug: options.md5Cache is false.
2023-6-4 00:23:26-debug: run build task Generate md5AssetsMap from suffixMap to settings success in 1 ms √15%
2023-6-4 00:23:26-debug: // ---- build task Generate md5AssetsMap from suffixMap to settings ---- (1ms)
2023-6-4 00:26:11-debug: refresh db internal success
2023-6-4 00:26:11-debug: refresh db assets success
2023-6-4 00:26:11-debug: asset-db:worker-effect-data-processing (145ms)
2023-6-4 00:26:11-debug: asset-db:refresh-all-database (186ms)
