2023-6-4 14:07:36-debug: asset-db:worker-init (3309ms)
2023-6-4 14:07:37-debug: Preimport db internal success
2023-6-4 14:07:37-debug: Preimport db assets success
2023-6-4 14:07:38-debug: asset-db:worker-effect-data-processing (1018ms)
2023-6-4 14:07:46-debug: Set detail map pack:///resolution-detail-map.json: {}
2023-6-4 14:07:46-debug: asset-db:worker-init-script (6567ms)
2023-6-4 14:07:46-debug: Start up the 'internal' database...
2023-6-4 14:07:47-debug: start asset-db with asset: 409
2023-6-4 14:07:47-debug: Start up the 'assets' database...
2023-6-4 14:07:47-debug: start asset-db with asset: 8
2023-6-4 14:07:47-debug: asset-db:worker-startup-database[internal] (12025ms)
2023-6-4 14:07:47-debug: Asset DB is ready!
2023-6-4 14:07:47-debug: asset-db:worker-startup-database[assets] (10198ms)
2023-6-4 14:07:47-debug: init worker message success
2023-6-4 14:07:50-debug: programming:execute-script (1ms)
2023-6-4 14:07:50-debug: builder:worker-init (3027ms)
2023-6-4 14:07:51-debug: programming:execute-script (5ms)
2023-6-4 14:07:56-debug: refresh db internal success
2023-6-4 14:07:56-debug: asset-db:worker-effect-data-processing (189ms)
2023-6-4 14:07:56-debug: refresh db assets success
2023-6-4 14:07:56-debug: asset-db:refresh-all-database (236ms)
2023-6-4 14:08:43-debug: refresh db internal success
2023-6-4 14:08:44-debug: refresh db assets success
2023-6-4 14:08:44-debug: asset-db:worker-effect-data-processing (554ms)
2023-6-4 14:08:44-debug: asset-db:refresh-all-database (601ms)
2023-6-4 14:08:49-debug: Query all assets info in project
2023-6-4 14:08:49-debug: init custom config: keepNodeUuid: false, useCache: true
2023-6-4 14:08:49-debug:   Number of all scripts: 4
2023-6-4 14:08:49-debug: BuildAssetLibrary query-assets with assets 439
2023-6-4 14:08:49-debug:   Number of other assets: 295
2023-6-4 14:08:49-debug: // ---- build task Query asset bundle ----
2023-6-4 14:08:49-debug:   Number of all scenes: 1
2023-6-4 14:08:49-debug: Process: heapTotal 225.93MB heapUsed 197.01MB rss 528.54MB
2023-6-4 14:08:49-debug: Query asset bundle start0%
2023-6-4 14:08:49-debug: // ---- build task Query asset bundle ---- (23ms)
2023-6-4 14:08:49-debug: run build task Query asset bundle success in 23 ms √3%
2023-6-4 14:08:49-debug: Process: heapTotal 225.93MB heapUsed 198.59MB rss 531.98MB
2023-6-4 14:08:49-debug: Query and organize assets start3%
2023-6-4 14:08:49-debug: // ---- build task Query and organize assets ----
2023-6-4 14:08:49-debug: init bundle assets
2023-6-4 14:08:49-debug: Number of scenes: 1
2023-6-4 14:08:49-debug: Query preload assets from cc.config.json: 60f7195c-ec2a-45eb-ba94-8955f60e81d0,1c02ae6f-4492-4915-b8f8-7492a3b1e4cd,810e96e4-e456-4468-9b59-f4e8f39732c0,efe8e2a3-eace-427b-b4f1-cb8a937ec77d,e9aa9a3e-5b2b-4ac7-a2c7-073de2b2b24f,8bbdbcdd-5cd4-4100-b6d5-b7c9625b6107,50f4348b-c883-4e2f-8f11-ce233b859fa1,fda095cb-831d-4601-ad94-846013963de8,f92806d7-1768-443f-afe8-12bcde84d0f0,dd3a144d-ab7f-41f0-82b8-2e43a090d496,f0416e68-0200-4b77-a926-4f9d16e494da,ff9be190-20a4-4e48-b68c-76e3c7cff085,970b0598-bcb0-4714-91fb-2e81440dccd8,bcd64cc6-2dd9-43f6-abbe-66318d332032,d930590d-bb92-4cc8-8bd1-23cd027f9edf,a3cd009f-0ab0-420d-9278-b9fdab939bbc,9361fd90-ba52-4f84-aa93-6e878fd576ca,c27215d8-6835-4b68-bfbb-bdeac6100c04,b5d6115f-0370-4d7c-aad3-c194cc71cf98,871c3b6c-7379-419d-bda3-794b239ab90d
2023-6-4 14:08:49-debug: // ---- build task Query and organize assets ---- (4ms)
2023-6-4 14:08:49-debug: run build task Query and organize assets success in 4 ms √7%
2023-6-4 14:08:49-debug: // ---- build task Organize scripts ----
2023-6-4 14:08:49-debug: Process: heapTotal 226.43MB heapUsed 199.20MB rss 529.13MB
2023-6-4 14:08:49-debug: sort script group...
2023-6-4 14:08:49-debug: Organize scripts start7%
2023-6-4 14:08:49-debug: // ---- build task Organize scripts ---- (1ms)
2023-6-4 14:08:49-debug: run build task Organize scripts success in 1 ms √10%
2023-6-4 14:08:49-debug: Process: heapTotal 226.43MB heapUsed 199.23MB rss 529.14MB
2023-6-4 14:08:49-debug: // ---- build task Init settings and config ----
2023-6-4 14:08:49-debug: Init settings and config start10%
2023-6-4 14:08:49-debug: // ---- build task Init settings and config ---- (1ms)
2023-6-4 14:08:49-debug: run build task Init settings and config success in 1 ms √11%
2023-6-4 14:08:49-debug: builder.tasks.settings.macro does not defined in i18n
2023-6-4 14:08:49-debug: Process: heapTotal 226.43MB heapUsed 199.27MB rss 529.14MB
2023-6-4 14:08:49-debug: builder.tasks.settings.macro start11%
2023-6-4 14:08:49-debug: // ---- build task builder.tasks.settings.macro ----
2023-6-4 14:08:49-debug: // ---- build task builder.tasks.settings.macro ---- (1ms)
2023-6-4 14:08:49-debug: // ---- build task Sort some build options to settings.json ----
2023-6-4 14:08:49-debug: Process: heapTotal 226.43MB heapUsed 199.30MB rss 529.14MB
2023-6-4 14:08:49-debug: run build task builder.tasks.settings.macro success in 1 ms √11%
2023-6-4 14:08:49-debug: Sort some build options to settings.json start11%
2023-6-4 14:08:49-debug: // ---- build task Sort some build options to settings.json ---- (218ms)
2023-6-4 14:08:49-debug: run build task Sort some build options to settings.json success in 218 ms √12%
2023-6-4 14:08:49-debug: custom joint texture layouts start12%
2023-6-4 14:08:49-debug: // ---- build task custom joint texture layouts ----
2023-6-4 14:08:49-debug: Process: heapTotal 226.43MB heapUsed 199.38MB rss 493.73MB
2023-6-4 14:08:49-debug: run build task custom joint texture layouts success in 1 ms √12%
2023-6-4 14:08:49-debug: // ---- build task custom joint texture layouts ---- (1ms)
2023-6-4 14:08:49-debug: Process: heapTotal 226.43MB heapUsed 199.41MB rss 493.73MB
2023-6-4 14:08:49-debug: custom joint physics start12%
2023-6-4 14:08:49-debug: // ---- build task custom joint physics ----
2023-6-4 14:08:49-debug: run build task custom joint physics success in 0 ms √13%
2023-6-4 14:08:49-debug: Process: heapTotal 226.43MB heapUsed 199.44MB rss 493.74MB
2023-6-4 14:08:49-debug: // ---- build task Fill script data to settings ----
2023-6-4 14:08:49-debug: Fill script data to settings start13%
2023-6-4 14:08:49-debug: run build task Fill script data to settings success in 0 ms √13%
2023-6-4 14:08:49-debug: Fill scene data to settings start13%
2023-6-4 14:08:49-debug: // ---- build task Fill scene data to settings ----
2023-6-4 14:08:49-debug: Process: heapTotal 226.43MB heapUsed 199.46MB rss 493.74MB
2023-6-4 14:08:49-debug: run build task Fill scene data to settings success in 0 ms √14%
2023-6-4 14:08:49-debug: // ---- build task Organize assets groups，generate packedAssets and rawAssets data ----
2023-6-4 14:08:49-debug: Process: heapTotal 226.43MB heapUsed 199.49MB rss 493.74MB
2023-6-4 14:08:49-debug: Organize assets groups，generate packedAssets and rawAssets data start14%
2023-6-4 14:08:49-debug: // ---- build task Organize assets groups，generate packedAssets and rawAssets data ---- (1ms)
2023-6-4 14:08:49-debug: run build task Organize assets groups，generate packedAssets and rawAssets data success in 1 ms √14%
2023-6-4 14:08:49-debug: Process: heapTotal 226.43MB heapUsed 199.53MB rss 493.75MB
2023-6-4 14:08:49-debug: // ---- build task Generate md5AssetsMap from suffixMap to settings ----
2023-6-4 14:08:49-debug: Generate md5AssetsMap from suffixMap to settings start14%
2023-6-4 14:08:49-debug: options.md5Cache is false.
2023-6-4 14:08:49-debug: run build task Generate md5AssetsMap from suffixMap to settings success in 0 ms √15%
2023-6-4 14:25:36-debug: refresh db internal success
2023-6-4 14:25:36-debug: asset-db:worker-effect-data-processing (543ms)
2023-6-4 14:25:36-debug: %cImport%c: D:\Cocosworkspace\Cocos_2048\assets\scripts\Game.tsbackground: #aaff85; color: #000;color: #000;
2023-6-4 14:25:36-debug: refresh db assets success
2023-6-4 14:25:37-debug: asset-db:refresh-all-database (584ms)
2023-6-4 14:25:37-debug: Query all assets info in project
2023-6-4 14:25:37-debug: BuildAssetLibrary query-assets with assets 439
2023-6-4 14:25:37-debug: init custom config: keepNodeUuid: false, useCache: true
2023-6-4 14:25:37-debug:   Number of all scripts: 4
2023-6-4 14:25:37-debug:   Number of other assets: 295
2023-6-4 14:25:37-debug: Query asset bundle start0%
2023-6-4 14:25:37-debug: // ---- build task Query asset bundle ----
2023-6-4 14:25:37-debug:   Number of all scenes: 1
2023-6-4 14:25:37-debug: Process: heapTotal 226.88MB heapUsed 195.85MB rss 223.90MB
2023-6-4 14:25:37-debug: // ---- build task Query asset bundle ---- (18ms)
2023-6-4 14:25:37-debug: run build task Query asset bundle success in 18 ms √3%
2023-6-4 14:25:37-debug: Query and organize assets start3%
2023-6-4 14:25:37-debug: Process: heapTotal 224.77MB heapUsed 188.94MB rss 221.36MB
2023-6-4 14:25:37-debug: // ---- build task Query and organize assets ----
2023-6-4 14:25:37-debug: init bundle assets
2023-6-4 14:25:37-debug: Query preload assets from cc.config.json: 60f7195c-ec2a-45eb-ba94-8955f60e81d0,1c02ae6f-4492-4915-b8f8-7492a3b1e4cd,810e96e4-e456-4468-9b59-f4e8f39732c0,efe8e2a3-eace-427b-b4f1-cb8a937ec77d,e9aa9a3e-5b2b-4ac7-a2c7-073de2b2b24f,8bbdbcdd-5cd4-4100-b6d5-b7c9625b6107,50f4348b-c883-4e2f-8f11-ce233b859fa1,fda095cb-831d-4601-ad94-846013963de8,f92806d7-1768-443f-afe8-12bcde84d0f0,dd3a144d-ab7f-41f0-82b8-2e43a090d496,f0416e68-0200-4b77-a926-4f9d16e494da,ff9be190-20a4-4e48-b68c-76e3c7cff085,970b0598-bcb0-4714-91fb-2e81440dccd8,bcd64cc6-2dd9-43f6-abbe-66318d332032,d930590d-bb92-4cc8-8bd1-23cd027f9edf,a3cd009f-0ab0-420d-9278-b9fdab939bbc,9361fd90-ba52-4f84-aa93-6e878fd576ca,c27215d8-6835-4b68-bfbb-bdeac6100c04,b5d6115f-0370-4d7c-aad3-c194cc71cf98,871c3b6c-7379-419d-bda3-794b239ab90d
2023-6-4 14:25:37-debug: Number of scenes: 1
2023-6-4 14:25:37-debug: // ---- build task Query and organize assets ---- (6ms)
2023-6-4 14:25:37-debug: run build task Query and organize assets success in 6 ms √7%
2023-6-4 14:25:37-debug: Process: heapTotal 224.77MB heapUsed 189.09MB rss 221.06MB
2023-6-4 14:25:37-debug: sort script group...
2023-6-4 14:25:37-debug: // ---- build task Organize scripts ----
2023-6-4 14:25:37-debug: Organize scripts start7%
2023-6-4 14:25:37-debug: // ---- build task Organize scripts ---- (1ms)
2023-6-4 14:25:37-debug: run build task Organize scripts success in 1 ms √10%
2023-6-4 14:25:37-debug: // ---- build task Init settings and config ----
2023-6-4 14:25:37-debug: Process: heapTotal 224.77MB heapUsed 189.30MB rss 219.98MB
2023-6-4 14:25:37-debug: Init settings and config start10%
2023-6-4 14:25:37-debug: builder.tasks.settings.macro does not defined in i18n
2023-6-4 14:25:37-debug: run build task Init settings and config success in 0 ms √11%
2023-6-4 14:25:37-debug: // ---- build task builder.tasks.settings.macro ----
2023-6-4 14:25:37-debug: Process: heapTotal 224.77MB heapUsed 189.33MB rss 219.98MB
2023-6-4 14:25:37-debug: builder.tasks.settings.macro start11%
2023-6-4 14:25:37-debug: // ---- build task builder.tasks.settings.macro ---- (3ms)
2023-6-4 14:25:37-debug: run build task builder.tasks.settings.macro success in 3 ms √11%
2023-6-4 14:25:37-debug: // ---- build task Sort some build options to settings.json ----
2023-6-4 14:25:37-debug: Sort some build options to settings.json start11%
2023-6-4 14:25:37-debug: Process: heapTotal 224.77MB heapUsed 189.37MB rss 219.99MB
2023-6-4 14:25:37-debug: // ---- build task Sort some build options to settings.json ---- (6ms)
2023-6-4 14:25:37-debug: run build task Sort some build options to settings.json success in 6 ms √12%
2023-6-4 14:25:37-debug: custom joint texture layouts start12%
2023-6-4 14:25:37-debug: // ---- build task custom joint texture layouts ----
2023-6-4 14:25:37-debug: Process: heapTotal 224.77MB heapUsed 189.45MB rss 219.99MB
2023-6-4 14:25:37-debug: // ---- build task custom joint texture layouts ---- (1ms)
2023-6-4 14:25:37-debug: run build task custom joint texture layouts success in 1 ms √12%
2023-6-4 14:25:37-debug: Process: heapTotal 224.77MB heapUsed 189.48MB rss 219.99MB
2023-6-4 14:25:37-debug: custom joint physics start12%
2023-6-4 14:25:37-debug: // ---- build task custom joint physics ----
2023-6-4 14:25:37-debug: run build task custom joint physics success in 0 ms √13%
2023-6-4 14:25:37-debug: Fill script data to settings start13%
2023-6-4 14:25:37-debug: // ---- build task Fill script data to settings ----
2023-6-4 14:25:37-debug: Process: heapTotal 224.77MB heapUsed 189.51MB rss 220.00MB
2023-6-4 14:25:37-debug: run build task Fill script data to settings success in 0 ms √13%
2023-6-4 14:25:37-debug: Process: heapTotal 224.77MB heapUsed 189.53MB rss 220.00MB
2023-6-4 14:25:37-debug: // ---- build task Fill scene data to settings ----
2023-6-4 14:25:37-debug: Fill scene data to settings start13%
2023-6-4 14:25:37-debug: run build task Fill scene data to settings success in 0 ms √14%
2023-6-4 14:25:37-debug: Process: heapTotal 224.77MB heapUsed 189.56MB rss 220.00MB
2023-6-4 14:25:37-debug: // ---- build task Organize assets groups，generate packedAssets and rawAssets data ----
2023-6-4 14:25:37-debug: Organize assets groups，generate packedAssets and rawAssets data start14%
2023-6-4 14:25:37-debug: Generate md5AssetsMap from suffixMap to settings start14%
2023-6-4 14:25:37-debug: run build task Organize assets groups，generate packedAssets and rawAssets data success in 0 ms √14%
2023-6-4 14:25:37-debug: options.md5Cache is false.
2023-6-4 14:25:37-debug: Process: heapTotal 224.77MB heapUsed 189.60MB rss 220.00MB
2023-6-4 14:25:37-debug: // ---- build task Generate md5AssetsMap from suffixMap to settings ----
2023-6-4 14:25:37-debug: run build task Generate md5AssetsMap from suffixMap to settings success in 0 ms √15%
2023-6-4 14:29:40-debug: refresh db internal success
2023-6-4 14:29:40-debug: %cImport%c: D:\Cocosworkspace\Cocos_2048\assets\scripts\Game.tsbackground: #aaff85; color: #000;color: #000;
2023-6-4 14:29:40-debug: asset-db:worker-effect-data-processing (223ms)
2023-6-4 14:29:40-debug: refresh db assets success
2023-6-4 14:29:40-debug: asset-db:refresh-all-database (268ms)
2023-6-4 14:29:41-debug: Query all assets info in project
2023-6-4 14:29:41-debug: BuildAssetLibrary query-assets with assets 439
2023-6-4 14:29:41-debug: init custom config: keepNodeUuid: false, useCache: true
2023-6-4 14:29:41-debug:   Number of all scenes: 1
2023-6-4 14:29:41-debug:   Number of all scripts: 4
2023-6-4 14:29:41-debug: Query asset bundle start0%
2023-6-4 14:29:41-debug:   Number of other assets: 295
2023-6-4 14:29:41-debug: // ---- build task Query asset bundle ----
2023-6-4 14:29:41-debug: Process: heapTotal 223.77MB heapUsed 189.24MB rss 179.50MB
2023-6-4 14:29:41-debug: // ---- build task Query asset bundle ---- (15ms)
2023-6-4 14:29:41-debug: run build task Query asset bundle success in 15 ms √3%
2023-6-4 14:29:41-debug: Process: heapTotal 223.77MB heapUsed 190.78MB rss 180.23MB
2023-6-4 14:29:41-debug: init bundle assets
2023-6-4 14:29:41-debug: // ---- build task Query and organize assets ----
2023-6-4 14:29:41-debug: Query and organize assets start3%
2023-6-4 14:29:41-debug: Query preload assets from cc.config.json: 60f7195c-ec2a-45eb-ba94-8955f60e81d0,1c02ae6f-4492-4915-b8f8-7492a3b1e4cd,810e96e4-e456-4468-9b59-f4e8f39732c0,efe8e2a3-eace-427b-b4f1-cb8a937ec77d,e9aa9a3e-5b2b-4ac7-a2c7-073de2b2b24f,8bbdbcdd-5cd4-4100-b6d5-b7c9625b6107,50f4348b-c883-4e2f-8f11-ce233b859fa1,fda095cb-831d-4601-ad94-846013963de8,f92806d7-1768-443f-afe8-12bcde84d0f0,dd3a144d-ab7f-41f0-82b8-2e43a090d496,f0416e68-0200-4b77-a926-4f9d16e494da,ff9be190-20a4-4e48-b68c-76e3c7cff085,970b0598-bcb0-4714-91fb-2e81440dccd8,bcd64cc6-2dd9-43f6-abbe-66318d332032,d930590d-bb92-4cc8-8bd1-23cd027f9edf,a3cd009f-0ab0-420d-9278-b9fdab939bbc,9361fd90-ba52-4f84-aa93-6e878fd576ca,c27215d8-6835-4b68-bfbb-bdeac6100c04,b5d6115f-0370-4d7c-aad3-c194cc71cf98,871c3b6c-7379-419d-bda3-794b239ab90d
2023-6-4 14:29:41-debug: Number of scenes: 1
2023-6-4 14:29:41-debug: // ---- build task Query and organize assets ---- (9ms)
2023-6-4 14:29:41-debug: run build task Query and organize assets success in 9 ms √7%
2023-6-4 14:29:41-debug: Process: heapTotal 223.77MB heapUsed 190.93MB rss 180.39MB
2023-6-4 14:29:41-debug: // ---- build task Organize scripts ----
2023-6-4 14:29:41-debug: sort script group...
2023-6-4 14:29:41-debug: Organize scripts start7%
2023-6-4 14:29:41-debug: // ---- build task Organize scripts ---- (1ms)
2023-6-4 14:29:41-debug: run build task Organize scripts success in 1 ms √10%
2023-6-4 14:29:41-debug: // ---- build task Init settings and config ----
2023-6-4 14:29:41-debug: Init settings and config start10%
2023-6-4 14:29:41-debug: Process: heapTotal 223.77MB heapUsed 190.96MB rss 180.43MB
2023-6-4 14:29:41-debug: // ---- build task Init settings and config ---- (1ms)
2023-6-4 14:29:41-debug: run build task Init settings and config success in 1 ms √11%
2023-6-4 14:29:41-debug: builder.tasks.settings.macro does not defined in i18n
2023-6-4 14:29:41-debug: Process: heapTotal 223.77MB heapUsed 191.00MB rss 180.48MB
2023-6-4 14:29:41-debug: builder.tasks.settings.macro start11%
2023-6-4 14:29:41-debug: // ---- build task builder.tasks.settings.macro ----
2023-6-4 14:29:41-debug: // ---- build task builder.tasks.settings.macro ---- (7ms)
2023-6-4 14:29:41-debug: run build task builder.tasks.settings.macro success in 7 ms √11%
2023-6-4 14:29:41-debug: Sort some build options to settings.json start11%
2023-6-4 14:29:41-debug: Process: heapTotal 223.77MB heapUsed 191.03MB rss 180.52MB
2023-6-4 14:29:41-debug: // ---- build task Sort some build options to settings.json ----
2023-6-4 14:29:41-debug: custom joint texture layouts start12%
2023-6-4 14:29:41-debug: // ---- build task custom joint texture layouts ----
2023-6-4 14:29:41-debug: run build task Sort some build options to settings.json success in 5 ms √12%
2023-6-4 14:29:41-debug: Process: heapTotal 223.77MB heapUsed 191.11MB rss 180.64MB
2023-6-4 14:29:41-debug: // ---- build task Sort some build options to settings.json ---- (5ms)
2023-6-4 14:29:41-debug: // ---- build task custom joint texture layouts ---- (3ms)
2023-6-4 14:29:41-debug: run build task custom joint texture layouts success in 3 ms √12%
2023-6-4 14:29:41-debug: // ---- build task custom joint physics ----
2023-6-4 14:29:41-debug: Process: heapTotal 223.77MB heapUsed 191.14MB rss 180.68MB
2023-6-4 14:29:41-debug: custom joint physics start12%
2023-6-4 14:29:41-debug: // ---- build task custom joint physics ---- (1ms)
2023-6-4 14:29:41-debug: run build task custom joint physics success in 1 ms √13%
2023-6-4 14:29:41-debug: // ---- build task Fill script data to settings ----
2023-6-4 14:29:41-debug: Process: heapTotal 223.77MB heapUsed 191.17MB rss 180.71MB
2023-6-4 14:29:41-debug: Fill script data to settings start13%
2023-6-4 14:29:41-debug: // ---- build task Fill script data to settings ---- (1ms)
2023-6-4 14:29:41-debug: run build task Fill script data to settings success in 1 ms √13%
2023-6-4 14:29:41-debug: // ---- build task Fill scene data to settings ----
2023-6-4 14:29:41-debug: Process: heapTotal 223.77MB heapUsed 191.20MB rss 180.74MB
2023-6-4 14:29:41-debug: Fill scene data to settings start13%
2023-6-4 14:29:41-debug: run build task Fill scene data to settings success in 0 ms √14%
2023-6-4 14:29:41-debug: Organize assets groups，generate packedAssets and rawAssets data start14%
2023-6-4 14:29:41-debug: // ---- build task Organize assets groups，generate packedAssets and rawAssets data ----
2023-6-4 14:29:41-debug: Process: heapTotal 223.77MB heapUsed 191.22MB rss 180.77MB
2023-6-4 14:29:41-debug: run build task Organize assets groups，generate packedAssets and rawAssets data success in 0 ms √14%
2023-6-4 14:29:41-debug: Generate md5AssetsMap from suffixMap to settings start14%
2023-6-4 14:29:41-debug: // ---- build task Generate md5AssetsMap from suffixMap to settings ----
2023-6-4 14:29:41-debug: Process: heapTotal 223.77MB heapUsed 191.26MB rss 180.81MB
2023-6-4 14:29:41-debug: options.md5Cache is false.
2023-6-4 14:29:41-debug: // ---- build task Generate md5AssetsMap from suffixMap to settings ---- (1ms)
2023-6-4 14:29:41-debug: run build task Generate md5AssetsMap from suffixMap to settings success in 1 ms √15%
2023-6-4 14:30:42-debug: refresh db internal success
2023-6-4 14:30:42-debug: %cImport%c: D:\Cocosworkspace\Cocos_2048\assets\scripts\Game.tsbackground: #aaff85; color: #000;color: #000;
2023-6-4 14:30:42-debug: asset-db:worker-effect-data-processing (297ms)
2023-6-4 14:30:42-debug: refresh db assets success
2023-6-4 14:30:42-debug: asset-db:refresh-all-database (365ms)
2023-6-4 14:30:43-debug: Query all assets info in project
2023-6-4 14:30:43-debug: init custom config: keepNodeUuid: false, useCache: true
2023-6-4 14:30:43-debug: BuildAssetLibrary query-assets with assets 439
2023-6-4 14:30:43-debug:   Number of all scenes: 1
2023-6-4 14:30:43-debug:   Number of other assets: 295
2023-6-4 14:30:43-debug: Query asset bundle start0%
2023-6-4 14:30:43-debug: Process: heapTotal 226.43MB heapUsed 191.91MB rss 181.97MB
2023-6-4 14:30:43-debug:   Number of all scripts: 4
2023-6-4 14:30:43-debug: // ---- build task Query asset bundle ----
2023-6-4 14:30:43-debug: run build task Query asset bundle success in 12 ms √3%
2023-6-4 14:30:43-debug: Query and organize assets start3%
2023-6-4 14:30:43-debug: // ---- build task Query and organize assets ----
2023-6-4 14:30:43-debug: Process: heapTotal 226.43MB heapUsed 193.46MB rss 183.83MB
2023-6-4 14:30:43-debug: // ---- build task Query asset bundle ---- (12ms)
2023-6-4 14:30:43-debug: init bundle assets
2023-6-4 14:30:43-debug: Query preload assets from cc.config.json: 60f7195c-ec2a-45eb-ba94-8955f60e81d0,1c02ae6f-4492-4915-b8f8-7492a3b1e4cd,810e96e4-e456-4468-9b59-f4e8f39732c0,efe8e2a3-eace-427b-b4f1-cb8a937ec77d,e9aa9a3e-5b2b-4ac7-a2c7-073de2b2b24f,8bbdbcdd-5cd4-4100-b6d5-b7c9625b6107,50f4348b-c883-4e2f-8f11-ce233b859fa1,fda095cb-831d-4601-ad94-846013963de8,f92806d7-1768-443f-afe8-12bcde84d0f0,dd3a144d-ab7f-41f0-82b8-2e43a090d496,f0416e68-0200-4b77-a926-4f9d16e494da,ff9be190-20a4-4e48-b68c-76e3c7cff085,970b0598-bcb0-4714-91fb-2e81440dccd8,bcd64cc6-2dd9-43f6-abbe-66318d332032,d930590d-bb92-4cc8-8bd1-23cd027f9edf,a3cd009f-0ab0-420d-9278-b9fdab939bbc,9361fd90-ba52-4f84-aa93-6e878fd576ca,c27215d8-6835-4b68-bfbb-bdeac6100c04,b5d6115f-0370-4d7c-aad3-c194cc71cf98,871c3b6c-7379-419d-bda3-794b239ab90d
2023-6-4 14:30:43-debug: Number of scenes: 1
2023-6-4 14:30:43-debug: run build task Query and organize assets success in 7 ms √7%
2023-6-4 14:30:43-debug: Organize scripts start7%
2023-6-4 14:30:43-debug: // ---- build task Organize scripts ----
2023-6-4 14:30:43-debug: // ---- build task Query and organize assets ---- (7ms)
2023-6-4 14:30:43-debug: Process: heapTotal 226.43MB heapUsed 193.60MB rss 183.99MB
2023-6-4 14:30:43-debug: sort script group...
2023-6-4 14:30:43-debug: // ---- build task Organize scripts ---- (1ms)
2023-6-4 14:30:43-debug: run build task Organize scripts success in 1 ms √10%
2023-6-4 14:30:43-debug: Process: heapTotal 226.43MB heapUsed 193.63MB rss 184.03MB
2023-6-4 14:30:43-debug: Init settings and config start10%
2023-6-4 14:30:43-debug: // ---- build task Init settings and config ----
2023-6-4 14:30:43-debug: // ---- build task Init settings and config ---- (1ms)
2023-6-4 14:30:43-debug: builder.tasks.settings.macro does not defined in i18n
2023-6-4 14:30:43-debug: run build task Init settings and config success in 1 ms √11%
2023-6-4 14:30:43-debug: Process: heapTotal 226.43MB heapUsed 193.67MB rss 184.07MB
2023-6-4 14:30:43-debug: builder.tasks.settings.macro start11%
2023-6-4 14:30:43-debug: // ---- build task builder.tasks.settings.macro ----
2023-6-4 14:30:43-debug: // ---- build task builder.tasks.settings.macro ---- (9ms)
2023-6-4 14:30:43-debug: run build task builder.tasks.settings.macro success in 9 ms √11%
2023-6-4 14:30:43-debug: // ---- build task Sort some build options to settings.json ----
2023-6-4 14:30:43-debug: Sort some build options to settings.json start11%
2023-6-4 14:30:43-debug: Process: heapTotal 226.43MB heapUsed 193.70MB rss 184.12MB
2023-6-4 14:30:43-debug: // ---- build task Sort some build options to settings.json ---- (16ms)
2023-6-4 14:30:43-debug: run build task Sort some build options to settings.json success in 16 ms √12%
2023-6-4 14:30:43-debug: custom joint texture layouts start12%
2023-6-4 14:30:43-debug: // ---- build task custom joint texture layouts ----
2023-6-4 14:30:43-debug: Process: heapTotal 226.43MB heapUsed 193.77MB rss 184.19MB
2023-6-4 14:30:43-debug: // ---- build task custom joint texture layouts ---- (14ms)
2023-6-4 14:30:43-debug: run build task custom joint texture layouts success in 14 ms √12%
2023-6-4 14:30:43-debug: Process: heapTotal 226.43MB heapUsed 193.81MB rss 184.22MB
2023-6-4 14:30:43-debug: custom joint physics start12%
2023-6-4 14:30:43-debug: // ---- build task custom joint physics ----
2023-6-4 14:30:43-debug: run build task custom joint physics success in 0 ms √13%
2023-6-4 14:30:43-debug: Fill script data to settings start13%
2023-6-4 14:30:43-debug: // ---- build task Fill script data to settings ----
2023-6-4 14:30:43-debug: Process: heapTotal 226.43MB heapUsed 193.83MB rss 184.25MB
2023-6-4 14:30:43-debug: // ---- build task Fill script data to settings ---- (1ms)
2023-6-4 14:30:43-debug: run build task Fill script data to settings success in 1 ms √13%
2023-6-4 14:30:43-debug: Process: heapTotal 226.43MB heapUsed 193.86MB rss 184.28MB
2023-6-4 14:30:43-debug: Fill scene data to settings start13%
2023-6-4 14:30:43-debug: // ---- build task Fill scene data to settings ----
2023-6-4 14:30:43-debug: run build task Fill scene data to settings success in 1 ms √14%
2023-6-4 14:30:43-debug: Organize assets groups，generate packedAssets and rawAssets data start14%
2023-6-4 14:30:43-debug: // ---- build task Organize assets groups，generate packedAssets and rawAssets data ----
2023-6-4 14:30:43-debug: // ---- build task Fill scene data to settings ---- (1ms)
2023-6-4 14:30:43-debug: Process: heapTotal 226.43MB heapUsed 193.89MB rss 184.32MB
2023-6-4 14:30:43-debug: // ---- build task Organize assets groups，generate packedAssets and rawAssets data ---- (3ms)
2023-6-4 14:30:43-debug: run build task Organize assets groups，generate packedAssets and rawAssets data success in 3 ms √14%
2023-6-4 14:30:43-debug: Generate md5AssetsMap from suffixMap to settings start14%
2023-6-4 14:30:43-debug: // ---- build task Generate md5AssetsMap from suffixMap to settings ----
2023-6-4 14:30:43-debug: Process: heapTotal 226.43MB heapUsed 193.93MB rss 184.36MB
2023-6-4 14:30:43-debug: options.md5Cache is false.
2023-6-4 14:30:43-debug: run build task Generate md5AssetsMap from suffixMap to settings success in 0 ms √15%
2023-6-4 14:34:46-debug: refresh db internal success
2023-6-4 14:34:46-debug: %cImport%c: D:\Cocosworkspace\Cocos_2048\assets\scripts\Game.tsbackground: #aaff85; color: #000;color: #000;
2023-6-4 14:34:46-debug: asset-db:worker-effect-data-processing (275ms)
2023-6-4 14:34:46-debug: refresh db assets success
2023-6-4 14:34:46-debug: asset-db:refresh-all-database (323ms)
2023-6-4 14:34:47-debug: Query all assets info in project
2023-6-4 14:34:47-debug: BuildAssetLibrary query-assets with assets 439
2023-6-4 14:34:47-debug: init custom config: keepNodeUuid: false, useCache: true
2023-6-4 14:34:47-debug:   Number of all scripts: 4
2023-6-4 14:34:47-debug:   Number of other assets: 295
2023-6-4 14:34:47-debug: // ---- build task Query asset bundle ----
2023-6-4 14:34:47-debug: Process: heapTotal 227.55MB heapUsed 195.04MB rss 183.68MB
2023-6-4 14:34:47-debug:   Number of all scenes: 1
2023-6-4 14:34:47-debug: Query asset bundle start0%
2023-6-4 14:34:47-debug: // ---- build task Query asset bundle ---- (26ms)
2023-6-4 14:34:47-debug: run build task Query asset bundle success in 26 ms √3%
2023-6-4 14:34:47-debug: Process: heapTotal 225.44MB heapUsed 188.42MB rss 179.93MB
2023-6-4 14:34:47-debug: // ---- build task Query and organize assets ----
2023-6-4 14:34:47-debug: Query and organize assets start3%
2023-6-4 14:34:47-debug: init bundle assets
2023-6-4 14:34:47-debug: Number of scenes: 1
2023-6-4 14:34:47-debug: Query preload assets from cc.config.json: 60f7195c-ec2a-45eb-ba94-8955f60e81d0,1c02ae6f-4492-4915-b8f8-7492a3b1e4cd,810e96e4-e456-4468-9b59-f4e8f39732c0,efe8e2a3-eace-427b-b4f1-cb8a937ec77d,e9aa9a3e-5b2b-4ac7-a2c7-073de2b2b24f,8bbdbcdd-5cd4-4100-b6d5-b7c9625b6107,50f4348b-c883-4e2f-8f11-ce233b859fa1,fda095cb-831d-4601-ad94-846013963de8,f92806d7-1768-443f-afe8-12bcde84d0f0,dd3a144d-ab7f-41f0-82b8-2e43a090d496,f0416e68-0200-4b77-a926-4f9d16e494da,ff9be190-20a4-4e48-b68c-76e3c7cff085,970b0598-bcb0-4714-91fb-2e81440dccd8,bcd64cc6-2dd9-43f6-abbe-66318d332032,d930590d-bb92-4cc8-8bd1-23cd027f9edf,a3cd009f-0ab0-420d-9278-b9fdab939bbc,9361fd90-ba52-4f84-aa93-6e878fd576ca,c27215d8-6835-4b68-bfbb-bdeac6100c04,b5d6115f-0370-4d7c-aad3-c194cc71cf98,871c3b6c-7379-419d-bda3-794b239ab90d
2023-6-4 14:34:47-debug: // ---- build task Query and organize assets ---- (4ms)
2023-6-4 14:34:47-debug: run build task Query and organize assets success in 4 ms √7%
2023-6-4 14:34:47-debug: // ---- build task Organize scripts ----
2023-6-4 14:34:47-debug: Process: heapTotal 225.44MB heapUsed 188.56MB rss 179.96MB
2023-6-4 14:34:47-debug: Organize scripts start7%
2023-6-4 14:34:47-debug: sort script group...
2023-6-4 14:34:47-debug: // ---- build task Organize scripts ---- (1ms)
2023-6-4 14:34:47-debug: // ---- build task Init settings and config ----
2023-6-4 14:34:47-debug: Process: heapTotal 225.44MB heapUsed 188.60MB rss 179.96MB
2023-6-4 14:34:47-debug: Init settings and config start10%
2023-6-4 14:34:47-debug: run build task Organize scripts success in 1 ms √10%
2023-6-4 14:34:47-debug: run build task Init settings and config success in 0 ms √11%
2023-6-4 14:34:47-debug: builder.tasks.settings.macro does not defined in i18n
2023-6-4 14:34:47-debug: builder.tasks.settings.macro start11%
2023-6-4 14:34:47-debug: Process: heapTotal 225.44MB heapUsed 188.63MB rss 179.96MB
2023-6-4 14:34:47-debug: // ---- build task builder.tasks.settings.macro ----
2023-6-4 14:34:47-debug: // ---- build task builder.tasks.settings.macro ---- (2ms)
2023-6-4 14:34:47-debug: run build task builder.tasks.settings.macro success in 2 ms √11%
2023-6-4 14:34:47-debug: Sort some build options to settings.json start11%
2023-6-4 14:34:47-debug: // ---- build task Sort some build options to settings.json ----
2023-6-4 14:34:47-debug: Process: heapTotal 225.44MB heapUsed 188.66MB rss 179.96MB
2023-6-4 14:34:47-debug: // ---- build task Sort some build options to settings.json ---- (6ms)
2023-6-4 14:34:47-debug: run build task Sort some build options to settings.json success in 6 ms √12%
2023-6-4 14:34:47-debug: Process: heapTotal 225.44MB heapUsed 188.74MB rss 179.97MB
2023-6-4 14:34:47-debug: custom joint texture layouts start12%
2023-6-4 14:34:47-debug: // ---- build task custom joint texture layouts ----
2023-6-4 14:34:47-debug: // ---- build task custom joint texture layouts ---- (4ms)
2023-6-4 14:34:47-debug: run build task custom joint texture layouts success in 4 ms √12%
2023-6-4 14:34:47-debug: Process: heapTotal 225.44MB heapUsed 188.77MB rss 179.97MB
2023-6-4 14:34:47-debug: // ---- build task custom joint physics ----
2023-6-4 14:34:47-debug: custom joint physics start12%
2023-6-4 14:34:47-debug: run build task custom joint physics success in 0 ms √13%
2023-6-4 14:34:47-debug: Fill script data to settings start13%
2023-6-4 14:34:47-debug: Process: heapTotal 225.44MB heapUsed 188.80MB rss 179.97MB
2023-6-4 14:34:47-debug: // ---- build task Fill script data to settings ----
2023-6-4 14:34:47-debug: // ---- build task Fill script data to settings ---- (1ms)
2023-6-4 14:34:47-debug: run build task Fill script data to settings success in 1 ms √13%
2023-6-4 14:34:47-debug: Process: heapTotal 225.44MB heapUsed 188.83MB rss 179.98MB
2023-6-4 14:34:47-debug: // ---- build task Fill scene data to settings ----
2023-6-4 14:34:47-debug: Fill scene data to settings start13%
2023-6-4 14:34:47-debug: // ---- build task Fill scene data to settings ---- (1ms)
2023-6-4 14:34:47-debug: run build task Fill scene data to settings success in 1 ms √14%
2023-6-4 14:34:47-debug: Organize assets groups，generate packedAssets and rawAssets data start14%
2023-6-4 14:34:47-debug: // ---- build task Organize assets groups，generate packedAssets and rawAssets data ----
2023-6-4 14:34:47-debug: Process: heapTotal 225.44MB heapUsed 188.86MB rss 179.98MB
2023-6-4 14:34:47-debug: // ---- build task Organize assets groups，generate packedAssets and rawAssets data ---- (1ms)
2023-6-4 14:34:47-debug: run build task Organize assets groups，generate packedAssets and rawAssets data success in 1 ms √14%
2023-6-4 14:34:47-debug: Generate md5AssetsMap from suffixMap to settings start14%
2023-6-4 14:34:47-debug: Process: heapTotal 225.44MB heapUsed 188.89MB rss 179.99MB
2023-6-4 14:34:47-debug: // ---- build task Generate md5AssetsMap from suffixMap to settings ----
2023-6-4 14:34:47-debug: options.md5Cache is false.
2023-6-4 14:34:47-debug: run build task Generate md5AssetsMap from suffixMap to settings success in 0 ms √15%
2023-6-4 14:35:08-debug: refresh db internal success
2023-6-4 14:35:08-debug: %cImport%c: D:\Cocosworkspace\Cocos_2048\assets\scripts\Game.tsbackground: #aaff85; color: #000;color: #000;
2023-6-4 14:35:08-debug: asset-db:worker-effect-data-processing (202ms)
2023-6-4 14:35:08-debug: refresh db assets success
2023-6-4 14:35:08-debug: asset-db:refresh-all-database (252ms)
2023-6-4 14:35:09-debug: Query all assets info in project
2023-6-4 14:35:09-debug: BuildAssetLibrary query-assets with assets 439
2023-6-4 14:35:09-debug: init custom config: keepNodeUuid: false, useCache: true
2023-6-4 14:35:09-debug:   Number of all scenes: 1
2023-6-4 14:35:09-debug:   Number of other assets: 295
2023-6-4 14:35:09-debug: Query asset bundle start0%
2023-6-4 14:35:09-debug: Process: heapTotal 227.82MB heapUsed 202.05MB rss 183.82MB
2023-6-4 14:35:09-debug:   Number of all scripts: 4
2023-6-4 14:35:09-debug: // ---- build task Query asset bundle ----
2023-6-4 14:35:09-debug: // ---- build task Query asset bundle ---- (13ms)
2023-6-4 14:35:09-debug: run build task Query asset bundle success in 13 ms √3%
2023-6-4 14:35:09-debug: Query and organize assets start3%
2023-6-4 14:35:09-debug: Process: heapTotal 235.07MB heapUsed 199.72MB rss 183.39MB
2023-6-4 14:35:09-debug: init bundle assets
2023-6-4 14:35:09-debug: // ---- build task Query and organize assets ----
2023-6-4 14:35:09-debug: Query preload assets from cc.config.json: 60f7195c-ec2a-45eb-ba94-8955f60e81d0,1c02ae6f-4492-4915-b8f8-7492a3b1e4cd,810e96e4-e456-4468-9b59-f4e8f39732c0,efe8e2a3-eace-427b-b4f1-cb8a937ec77d,e9aa9a3e-5b2b-4ac7-a2c7-073de2b2b24f,8bbdbcdd-5cd4-4100-b6d5-b7c9625b6107,50f4348b-c883-4e2f-8f11-ce233b859fa1,fda095cb-831d-4601-ad94-846013963de8,f92806d7-1768-443f-afe8-12bcde84d0f0,dd3a144d-ab7f-41f0-82b8-2e43a090d496,f0416e68-0200-4b77-a926-4f9d16e494da,ff9be190-20a4-4e48-b68c-76e3c7cff085,970b0598-bcb0-4714-91fb-2e81440dccd8,bcd64cc6-2dd9-43f6-abbe-66318d332032,d930590d-bb92-4cc8-8bd1-23cd027f9edf,a3cd009f-0ab0-420d-9278-b9fdab939bbc,9361fd90-ba52-4f84-aa93-6e878fd576ca,c27215d8-6835-4b68-bfbb-bdeac6100c04,b5d6115f-0370-4d7c-aad3-c194cc71cf98,871c3b6c-7379-419d-bda3-794b239ab90d
2023-6-4 14:35:09-debug: Number of scenes: 1
2023-6-4 14:35:09-debug: // ---- build task Query and organize assets ---- (2ms)
2023-6-4 14:35:09-debug: run build task Query and organize assets success in 2 ms √7%
2023-6-4 14:35:09-debug: Organize scripts start7%
2023-6-4 14:35:09-debug: // ---- build task Organize scripts ----
2023-6-4 14:35:09-debug: sort script group...
2023-6-4 14:35:09-debug: Process: heapTotal 235.07MB heapUsed 199.84MB rss 183.42MB
2023-6-4 14:35:09-debug: // ---- build task Organize scripts ---- (1ms)
2023-6-4 14:35:09-debug: run build task Organize scripts success in 1 ms √10%
2023-6-4 14:35:09-debug: Process: heapTotal 235.07MB heapUsed 199.88MB rss 183.42MB
2023-6-4 14:35:09-debug: // ---- build task Init settings and config ----
2023-6-4 14:35:09-debug: Init settings and config start10%
2023-6-4 14:35:09-debug: run build task Init settings and config success in 0 ms √11%
2023-6-4 14:35:09-debug: builder.tasks.settings.macro does not defined in i18n
2023-6-4 14:35:09-debug: Process: heapTotal 235.07MB heapUsed 199.91MB rss 183.42MB
2023-6-4 14:35:09-debug: builder.tasks.settings.macro start11%
2023-6-4 14:35:09-debug: // ---- build task builder.tasks.settings.macro ----
2023-6-4 14:35:09-debug: // ---- build task builder.tasks.settings.macro ---- (4ms)
2023-6-4 14:35:09-debug: run build task builder.tasks.settings.macro success in 4 ms √11%
2023-6-4 14:35:09-debug: // ---- build task Sort some build options to settings.json ----
2023-6-4 14:35:09-debug: Sort some build options to settings.json start11%
2023-6-4 14:35:09-debug: Process: heapTotal 235.07MB heapUsed 199.94MB rss 183.43MB
2023-6-4 14:35:09-debug: run build task Sort some build options to settings.json success in 5 ms √12%
2023-6-4 14:35:09-debug: // ---- build task Sort some build options to settings.json ---- (5ms)
2023-6-4 14:35:09-debug: // ---- build task custom joint texture layouts ----
2023-6-4 14:35:09-debug: Process: heapTotal 235.07MB heapUsed 200.02MB rss 183.49MB
2023-6-4 14:35:09-debug: custom joint texture layouts start12%
2023-6-4 14:35:09-debug: // ---- build task custom joint texture layouts ---- (9ms)
2023-6-4 14:35:09-debug: run build task custom joint texture layouts success in 9 ms √12%
2023-6-4 14:35:09-debug: // ---- build task custom joint physics ----
2023-6-4 14:35:09-debug: Process: heapTotal 235.07MB heapUsed 200.05MB rss 183.49MB
2023-6-4 14:35:09-debug: custom joint physics start12%
2023-6-4 14:35:09-debug: // ---- build task custom joint physics ---- (1ms)
2023-6-4 14:35:09-debug: run build task custom joint physics success in 1 ms √13%
2023-6-4 14:35:09-debug: Process: heapTotal 235.07MB heapUsed 200.08MB rss 183.50MB
2023-6-4 14:35:09-debug: // ---- build task Fill script data to settings ----
2023-6-4 14:35:09-debug: Fill script data to settings start13%
2023-6-4 14:35:09-debug: run build task Fill script data to settings success in 0 ms √13%
2023-6-4 14:35:09-debug: Fill scene data to settings start13%
2023-6-4 14:35:09-debug: // ---- build task Fill scene data to settings ----
2023-6-4 14:35:09-debug: Process: heapTotal 235.07MB heapUsed 200.10MB rss 183.50MB
2023-6-4 14:35:09-debug: run build task Fill scene data to settings success in 0 ms √14%
2023-6-4 14:35:09-debug: Organize assets groups，generate packedAssets and rawAssets data start14%
2023-6-4 14:35:09-debug: Process: heapTotal 235.07MB heapUsed 200.13MB rss 183.50MB
2023-6-4 14:35:09-debug: // ---- build task Organize assets groups，generate packedAssets and rawAssets data ----
2023-6-4 14:35:09-debug: run build task Organize assets groups，generate packedAssets and rawAssets data success in 0 ms √14%
2023-6-4 14:35:09-debug: // ---- build task Generate md5AssetsMap from suffixMap to settings ----
2023-6-4 14:35:09-debug: Process: heapTotal 235.07MB heapUsed 200.16MB rss 183.51MB
2023-6-4 14:35:09-debug: Generate md5AssetsMap from suffixMap to settings start14%
2023-6-4 14:35:09-debug: options.md5Cache is false.
2023-6-4 14:35:09-debug: // ---- build task Generate md5AssetsMap from suffixMap to settings ---- (1ms)
2023-6-4 14:35:09-debug: run build task Generate md5AssetsMap from suffixMap to settings success in 1 ms √15%
2023-6-4 14:36:17-debug: refresh db internal success
2023-6-4 14:36:17-debug: refresh db assets success
2023-6-4 14:36:17-debug: asset-db:worker-effect-data-processing (295ms)
2023-6-4 14:36:17-debug: asset-db:refresh-all-database (345ms)
