2023-5-31 00:39:01-debug: asset-db:worker-init (2603ms)
2023-5-31 00:39:01-debug: Preimport db internal success
2023-5-31 00:39:01-debug: %cImport%c: D:\Cocosworkspace\Cocos_2048\assets\prefabsbackground: #aaff85; color: #000;color: #000;
2023-5-31 00:39:01-debug: %cImport%c: D:\Cocosworkspace\Cocos_2048\assets\scriptsbackground: #aaff85; color: #000;color: #000;
2023-5-31 00:39:01-debug: %cImport%c: D:\Cocosworkspace\Cocos_2048\assets\scripts\Game.tsbackground: #aaff85; color: #000;color: #000;
2023-5-31 00:39:01-debug: %cImport%c: D:\Cocosworkspace\Cocos_2048\assets\scenesbackground: #aaff85; color: #000;color: #000;
2023-5-31 00:39:01-debug: Preimport db assets success
2023-5-31 00:39:01-debug: asset-db:worker-effect-data-processing (105ms)
2023-5-31 00:39:06-debug: Set detail map pack:///resolution-detail-map.json: {}
2023-5-31 00:39:06-debug: Start up the 'internal' database...
2023-5-31 00:39:06-debug: asset-db:worker-init-script (36ms)
2023-5-31 00:39:07-debug: start asset-db with asset: 409
2023-5-31 00:39:07-debug: Start up the 'assets' database...
2023-5-31 00:39:07-debug: asset-db:worker-startup-database[internal] (6243ms)
2023-5-31 00:39:07-debug: %cImport%c: D:\Cocosworkspace\Cocos_2048\assets\scenes\game.scenebackground: #aaff85; color: #000;color: #000;
2023-5-31 00:39:07-debug: %cImport%c: D:\Cocosworkspace\Cocos_2048\assets\prefabs\Block.prefabbackground: #aaff85; color: #000;color: #000;
2023-5-31 00:39:07-debug: start asset-db with asset: 6
2023-5-31 00:39:07-debug: Asset DB is ready!
2023-5-31 00:39:07-debug: asset-db:worker-startup-database[assets] (5370ms)
2023-5-31 00:39:07-debug: init worker message success
2023-5-31 00:39:08-debug: builder:worker-init (1168ms)
2023-5-31 00:39:10-debug: programming:execute-script (2ms)
2023-5-31 00:39:15-debug: refresh db internal success
2023-5-31 00:39:15-debug: asset-db:worker-effect-data-processing (107ms)
2023-5-31 00:39:15-debug: refresh db assets success
2023-5-31 00:39:15-debug: asset-db:refresh-all-database (137ms)
2023-5-31 00:39:31-debug: start rename asset from D:\Cocosworkspace\Cocos_2048\assets\scenes\game.scene -> D:\Cocosworkspace\Cocos_2048\assets\scenes\Game.scene...
2023-5-31 00:39:31-debug: start refresh asset from D:\Cocosworkspace\Cocos_2048\assets\scenes\game.scene...
2023-5-31 00:39:31-debug: %cDestroy%c: D:\Cocosworkspace\Cocos_2048\assets\scenes\game.scenebackground: #ffb8b8; color: #000;color: #000;
2023-5-31 00:39:31-debug: refresh asset D:\Cocosworkspace\Cocos_2048\assets\scenes success
2023-5-31 00:39:31-debug: start refresh asset from D:\Cocosworkspace\Cocos_2048\assets\scenes\Game.scene...
2023-5-31 00:39:31-debug: %cImport%c: D:\Cocosworkspace\Cocos_2048\assets\scenes\Game.scenebackground: #aaff85; color: #000;color: #000;
2023-5-31 00:39:31-debug: refresh asset D:\Cocosworkspace\Cocos_2048\assets\scenes success
2023-5-31 00:39:31-debug: rename asset from D:\Cocosworkspace\Cocos_2048\assets\scenes\game.scene -> D:\Cocosworkspace\Cocos_2048\assets\scenes\Game.scene success
2023-5-31 00:39:31-debug: %cImport%c: D:\Cocosworkspace\Cocos_2048\assets\scenesbackground: #aaff85; color: #000;color: #000;
2023-5-31 00:39:45-debug: Query all assets info in project
2023-5-31 00:39:45-debug: BuildAssetLibrary query-assets with assets 437
2023-5-31 00:39:45-debug: init custom config: keepNodeUuid: false, useCache: true
2023-5-31 00:39:45-debug:   Number of all scenes: 1
2023-5-31 00:39:45-debug:   Number of all scripts: 2
2023-5-31 00:39:45-debug: // ---- build task Query asset bundle ----
2023-5-31 00:39:45-debug: Process: heapTotal 207.16MB heapUsed 186.68MB rss 521.71MB
2023-5-31 00:39:45-debug:   Number of other assets: 295
2023-5-31 00:39:45-debug: Query asset bundle start0%
2023-5-31 00:39:46-debug: // ---- build task Query asset bundle ---- (9ms)
2023-5-31 00:39:46-debug: run build task Query asset bundle success in 9 ms √3%
2023-5-31 00:39:46-debug: // ---- build task Query and organize assets ----
2023-5-31 00:39:46-debug: Process: heapTotal 207.16MB heapUsed 186.78MB rss 524.10MB
2023-5-31 00:39:46-debug: Query and organize assets start3%
2023-5-31 00:39:46-debug: init bundle assets
2023-5-31 00:39:46-debug: Query preload assets from cc.config.json: 60f7195c-ec2a-45eb-ba94-8955f60e81d0,1c02ae6f-4492-4915-b8f8-7492a3b1e4cd,810e96e4-e456-4468-9b59-f4e8f39732c0,efe8e2a3-eace-427b-b4f1-cb8a937ec77d,e9aa9a3e-5b2b-4ac7-a2c7-073de2b2b24f,8bbdbcdd-5cd4-4100-b6d5-b7c9625b6107,50f4348b-c883-4e2f-8f11-ce233b859fa1,fda095cb-831d-4601-ad94-846013963de8,f92806d7-1768-443f-afe8-12bcde84d0f0,dd3a144d-ab7f-41f0-82b8-2e43a090d496,f0416e68-0200-4b77-a926-4f9d16e494da,ff9be190-20a4-4e48-b68c-76e3c7cff085,970b0598-bcb0-4714-91fb-2e81440dccd8,bcd64cc6-2dd9-43f6-abbe-66318d332032,d930590d-bb92-4cc8-8bd1-23cd027f9edf,a3cd009f-0ab0-420d-9278-b9fdab939bbc,9361fd90-ba52-4f84-aa93-6e878fd576ca,c27215d8-6835-4b68-bfbb-bdeac6100c04,b5d6115f-0370-4d7c-aad3-c194cc71cf98,871c3b6c-7379-419d-bda3-794b239ab90d
2023-5-31 00:39:46-debug: Number of scenes: 1
2023-5-31 00:39:46-debug: // ---- build task Query and organize assets ---- (3ms)
2023-5-31 00:39:46-debug: run build task Query and organize assets success in 3 ms √7%
2023-5-31 00:39:46-debug: Organize scripts start7%
2023-5-31 00:39:46-debug: // ---- build task Organize scripts ----
2023-5-31 00:39:46-debug: Process: heapTotal 207.16MB heapUsed 186.95MB rss 524.59MB
2023-5-31 00:39:46-debug: sort script group...
2023-5-31 00:39:46-debug: run build task Organize scripts success in 0 ms √10%
2023-5-31 00:39:46-debug: Process: heapTotal 207.16MB heapUsed 186.98MB rss 524.27MB
2023-5-31 00:39:46-debug: Init settings and config start10%
2023-5-31 00:39:46-debug: // ---- build task Init settings and config ----
2023-5-31 00:39:46-debug: run build task Init settings and config success in 0 ms √11%
2023-5-31 00:39:46-debug: // ---- build task builder.tasks.settings.macro ----
2023-5-31 00:39:46-debug: builder.tasks.settings.macro does not defined in i18n
2023-5-31 00:39:46-debug: Process: heapTotal 207.16MB heapUsed 187.01MB rss 524.22MB
2023-5-31 00:39:46-debug: builder.tasks.settings.macro start11%
2023-5-31 00:39:46-debug: // ---- build task builder.tasks.settings.macro ---- (1ms)
2023-5-31 00:39:46-debug: // ---- build task Sort some build options to settings.json ----
2023-5-31 00:39:46-debug: Process: heapTotal 207.16MB heapUsed 187.05MB rss 524.75MB
2023-5-31 00:39:46-debug: run build task builder.tasks.settings.macro success in 1 ms √11%
2023-5-31 00:39:46-debug: Sort some build options to settings.json start11%
2023-5-31 00:39:46-debug: // ---- build task Sort some build options to settings.json ---- (184ms)
2023-5-31 00:39:46-debug: run build task Sort some build options to settings.json success in 184 ms √12%
2023-5-31 00:39:46-debug: custom joint texture layouts start12%
2023-5-31 00:39:46-debug: // ---- build task custom joint texture layouts ----
2023-5-31 00:39:46-debug: Process: heapTotal 207.16MB heapUsed 187.21MB rss 522.38MB
2023-5-31 00:39:46-debug: // ---- build task custom joint texture layouts ---- (2ms)
2023-5-31 00:39:46-debug: run build task custom joint texture layouts success in 2 ms √12%
2023-5-31 00:39:46-debug: // ---- build task custom joint physics ----
2023-5-31 00:39:46-debug: Process: heapTotal 207.16MB heapUsed 186.53MB rss 521.43MB
2023-5-31 00:39:46-debug: custom joint physics start12%
2023-5-31 00:39:46-debug: run build task custom joint physics success in 0 ms √13%
2023-5-31 00:39:46-debug: // ---- build task Fill script data to settings ----
2023-5-31 00:39:46-debug: Fill script data to settings start13%
2023-5-31 00:39:46-debug: Process: heapTotal 207.16MB heapUsed 186.55MB rss 521.37MB
2023-5-31 00:39:46-debug: run build task Fill script data to settings success in 0 ms √13%
2023-5-31 00:39:46-debug: Fill scene data to settings start13%
2023-5-31 00:39:46-debug: // ---- build task Fill scene data to settings ----
2023-5-31 00:39:46-debug: Process: heapTotal 207.16MB heapUsed 186.58MB rss 521.34MB
2023-5-31 00:39:46-debug: // ---- build task Fill scene data to settings ---- (1ms)
2023-5-31 00:39:46-debug: run build task Fill scene data to settings success in 1 ms √14%
2023-5-31 00:39:46-debug: Organize assets groups，generate packedAssets and rawAssets data start14%
2023-5-31 00:39:46-debug: Process: heapTotal 207.16MB heapUsed 186.61MB rss 521.38MB
2023-5-31 00:39:46-debug: // ---- build task Organize assets groups，generate packedAssets and rawAssets data ----
2023-5-31 00:39:46-debug: Generate md5AssetsMap from suffixMap to settings start14%
2023-5-31 00:39:46-debug: run build task Organize assets groups，generate packedAssets and rawAssets data success in 0 ms √14%
2023-5-31 00:39:46-debug: // ---- build task Generate md5AssetsMap from suffixMap to settings ----
2023-5-31 00:39:46-debug: Process: heapTotal 207.16MB heapUsed 186.64MB rss 521.41MB
2023-5-31 00:39:46-debug: options.md5Cache is false.
2023-5-31 00:39:46-debug: run build task Generate md5AssetsMap from suffixMap to settings success in 0 ms √15%
2023-5-31 00:39:51-debug: refresh db internal success
2023-5-31 00:39:51-debug: asset-db:worker-effect-data-processing (126ms)
2023-5-31 00:39:51-debug: refresh db assets success
2023-5-31 00:39:51-debug: asset-db:refresh-all-database (163ms)
2023-5-31 00:44:35-debug: refresh db internal success
2023-5-31 00:44:36-debug: asset-db:worker-effect-data-processing (248ms)
2023-5-31 00:44:36-debug: refresh db assets success
2023-5-31 00:44:36-debug: asset-db:refresh-all-database (327ms)
