2023-6-6 23:11:37-debug: asset-db:worker-init (2459ms)
2023-6-6 23:11:37-debug: Preimport db internal success
2023-6-6 23:11:37-debug: Preimport db assets success
2023-6-6 23:11:37-debug: asset-db:worker-effect-data-processing (327ms)
2023-6-6 23:11:45-debug: Set detail map pack:///resolution-detail-map.json: {}
2023-6-6 23:11:45-debug: Start up the 'internal' database...
2023-6-6 23:11:45-debug: asset-db:worker-init-script (5103ms)
2023-6-6 23:11:45-debug: start asset-db with asset: 409
2023-6-6 23:11:45-debug: Start up the 'assets' database...
2023-6-6 23:11:45-debug: start asset-db with asset: 8
2023-6-6 23:11:45-debug: asset-db:worker-startup-database[internal] (8760ms)
2023-6-6 23:11:45-debug: Asset DB is ready!
2023-6-6 23:11:45-debug: asset-db:worker-startup-database[assets] (8523ms)
2023-6-6 23:11:45-debug: init worker message success
2023-6-6 23:11:49-debug: builder:worker-init (4158ms)
2023-6-6 23:11:54-debug: programming:execute-script (5ms)
2023-6-6 23:12:20-debug: refresh db internal success
2023-6-6 23:12:20-debug: refresh db assets success
2023-6-6 23:12:20-debug: asset-db:worker-effect-data-processing (380ms)
2023-6-6 23:12:20-debug: asset-db:refresh-all-database (489ms)
2023-6-6 23:17:50-debug: refresh db internal success
2023-6-6 23:17:50-debug: asset-db:worker-effect-data-processing (243ms)
2023-6-6 23:17:50-debug: refresh db assets success
2023-6-6 23:17:50-debug: asset-db:refresh-all-database (363ms)
2023-6-6 23:19:22-debug: refresh db internal success
2023-6-6 23:19:22-debug: %cImport%c: C:\CocosWorkspace\Cocos_2048\assets\scripts\Block.tsbackground: #aaff85; color: #000;color: #000;
2023-6-6 23:19:22-debug: asset-db:worker-effect-data-processing (302ms)
2023-6-6 23:19:22-debug: refresh db assets success
2023-6-6 23:19:22-debug: asset-db:refresh-all-database (427ms)
2023-6-6 23:19:25-debug: refresh db internal success
2023-6-6 23:19:26-debug: refresh db assets success
2023-6-6 23:19:26-debug: asset-db:worker-effect-data-processing (231ms)
2023-6-6 23:19:26-debug: asset-db:refresh-all-database (316ms)
2023-6-6 23:19:28-debug: Query all assets info in project
2023-6-6 23:19:28-debug: BuildAssetLibrary query-assets with assets 439
2023-6-6 23:19:28-debug: init custom config: keepNodeUuid: false, useCache: true
2023-6-6 23:19:28-debug:   Number of all scenes: 1
2023-6-6 23:19:28-debug:   Number of other assets: 295
2023-6-6 23:19:28-debug: Query asset bundle start0%
2023-6-6 23:19:28-debug: // ---- build task Query asset bundle ----
2023-6-6 23:19:28-debug: Process: heapTotal 217.88MB heapUsed 199.21MB rss 496.35MB
2023-6-6 23:19:28-debug:   Number of all scripts: 4
2023-6-6 23:19:28-debug: // ---- build task Query asset bundle ---- (23ms)
2023-6-6 23:19:28-debug: run build task Query asset bundle success in 23 ms √3%
2023-6-6 23:19:28-debug: Process: heapTotal 215.97MB heapUsed 192.68MB rss 495.39MB
2023-6-6 23:19:28-debug: Query and organize assets start3%
2023-6-6 23:19:28-debug: // ---- build task Query and organize assets ----
2023-6-6 23:19:28-debug: init bundle assets
2023-6-6 23:19:28-debug: Query preload assets from cc.config.json: 60f7195c-ec2a-45eb-ba94-8955f60e81d0,1c02ae6f-4492-4915-b8f8-7492a3b1e4cd,810e96e4-e456-4468-9b59-f4e8f39732c0,efe8e2a3-eace-427b-b4f1-cb8a937ec77d,e9aa9a3e-5b2b-4ac7-a2c7-073de2b2b24f,8bbdbcdd-5cd4-4100-b6d5-b7c9625b6107,50f4348b-c883-4e2f-8f11-ce233b859fa1,fda095cb-831d-4601-ad94-846013963de8,f92806d7-1768-443f-afe8-12bcde84d0f0,dd3a144d-ab7f-41f0-82b8-2e43a090d496,f0416e68-0200-4b77-a926-4f9d16e494da,ff9be190-20a4-4e48-b68c-76e3c7cff085,970b0598-bcb0-4714-91fb-2e81440dccd8,bcd64cc6-2dd9-43f6-abbe-66318d332032,d930590d-bb92-4cc8-8bd1-23cd027f9edf,a3cd009f-0ab0-420d-9278-b9fdab939bbc,9361fd90-ba52-4f84-aa93-6e878fd576ca,c27215d8-6835-4b68-bfbb-bdeac6100c04,b5d6115f-0370-4d7c-aad3-c194cc71cf98,871c3b6c-7379-419d-bda3-794b239ab90d
2023-6-6 23:19:28-debug: Number of scenes: 1
2023-6-6 23:19:28-debug: // ---- build task Query and organize assets ---- (7ms)
2023-6-6 23:19:28-debug: run build task Query and organize assets success in 7 ms √7%
2023-6-6 23:19:28-debug: Organize scripts start7%
2023-6-6 23:19:28-debug: // ---- build task Organize scripts ----
2023-6-6 23:19:28-debug: Process: heapTotal 215.97MB heapUsed 192.82MB rss 495.57MB
2023-6-6 23:19:28-debug: sort script group...
2023-6-6 23:19:28-debug: // ---- build task Organize scripts ---- (2ms)
2023-6-6 23:19:28-debug: run build task Organize scripts success in 2 ms √10%
2023-6-6 23:19:28-debug: Process: heapTotal 215.97MB heapUsed 192.85MB rss 496.00MB
2023-6-6 23:19:28-debug: // ---- build task Init settings and config ----
2023-6-6 23:19:28-debug: Init settings and config start10%
2023-6-6 23:19:28-debug: run build task Init settings and config success in 3 ms √11%
2023-6-6 23:19:28-debug: builder.tasks.settings.macro does not defined in i18n
2023-6-6 23:19:28-debug: // ---- build task Init settings and config ---- (3ms)
2023-6-6 23:19:28-debug: builder.tasks.settings.macro start11%
2023-6-6 23:19:28-debug: // ---- build task builder.tasks.settings.macro ----
2023-6-6 23:19:28-debug: Process: heapTotal 215.97MB heapUsed 192.89MB rss 496.17MB
2023-6-6 23:19:28-debug: // ---- build task builder.tasks.settings.macro ---- (4ms)
2023-6-6 23:19:28-debug: run build task builder.tasks.settings.macro success in 4 ms √11%
2023-6-6 23:19:28-debug: // ---- build task Sort some build options to settings.json ----
2023-6-6 23:19:28-debug: Sort some build options to settings.json start11%
2023-6-6 23:19:28-debug: Process: heapTotal 215.97MB heapUsed 192.92MB rss 496.09MB
2023-6-6 23:19:28-debug: // ---- build task Sort some build options to settings.json ---- (335ms)
2023-6-6 23:19:28-debug: run build task Sort some build options to settings.json success in 335 ms √12%
2023-6-6 23:19:28-debug: custom joint texture layouts start12%
2023-6-6 23:19:28-debug: // ---- build task custom joint texture layouts ----
2023-6-6 23:19:28-debug: Process: heapTotal 216.22MB heapUsed 193.22MB rss 494.25MB
2023-6-6 23:19:28-debug: // ---- build task custom joint texture layouts ---- (2ms)
2023-6-6 23:19:28-debug: run build task custom joint texture layouts success in 2 ms √12%
2023-6-6 23:19:28-debug: custom joint physics start12%
2023-6-6 23:19:28-debug: // ---- build task custom joint physics ----
2023-6-6 23:19:28-debug: Process: heapTotal 216.22MB heapUsed 193.25MB rss 494.11MB
2023-6-6 23:19:28-debug: // ---- build task custom joint physics ---- (1ms)
2023-6-6 23:19:28-debug: run build task custom joint physics success in 1 ms √13%
2023-6-6 23:19:28-debug: Fill script data to settings start13%
2023-6-6 23:19:28-debug: // ---- build task Fill script data to settings ----
2023-6-6 23:19:28-debug: Process: heapTotal 216.22MB heapUsed 193.28MB rss 493.99MB
2023-6-6 23:19:28-debug: run build task Fill script data to settings success in 1 ms √13%
2023-6-6 23:19:28-debug: // ---- build task Fill script data to settings ---- (1ms)
2023-6-6 23:19:28-debug: Fill scene data to settings start13%
2023-6-6 23:19:28-debug: // ---- build task Fill scene data to settings ----
2023-6-6 23:19:28-debug: Process: heapTotal 216.22MB heapUsed 193.31MB rss 493.91MB
2023-6-6 23:19:28-debug: // ---- build task Fill scene data to settings ---- (1ms)
2023-6-6 23:19:28-debug: run build task Fill scene data to settings success in 1 ms √14%
2023-6-6 23:19:28-debug: // ---- build task Organize assets groups，generate packedAssets and rawAssets data ----
2023-6-6 23:19:28-debug: Organize assets groups，generate packedAssets and rawAssets data start14%
2023-6-6 23:19:28-debug: Process: heapTotal 216.22MB heapUsed 193.34MB rss 493.92MB
2023-6-6 23:19:28-debug: // ---- build task Organize assets groups，generate packedAssets and rawAssets data ---- (2ms)
2023-6-6 23:19:28-debug: run build task Organize assets groups，generate packedAssets and rawAssets data success in 2 ms √14%
2023-6-6 23:19:28-debug: // ---- build task Generate md5AssetsMap from suffixMap to settings ----
2023-6-6 23:19:28-debug: Generate md5AssetsMap from suffixMap to settings start14%
2023-6-6 23:19:28-debug: Process: heapTotal 216.22MB heapUsed 193.38MB rss 493.93MB
2023-6-6 23:19:28-debug: options.md5Cache is false.
2023-6-6 23:19:28-debug: // ---- build task Generate md5AssetsMap from suffixMap to settings ---- (1ms)
2023-6-6 23:19:28-debug: run build task Generate md5AssetsMap from suffixMap to settings success in 1 ms √15%
2023-6-6 23:20:17-debug: Query all assets info in project
2023-6-6 23:20:17-debug: BuildAssetLibrary query-assets with assets 439
2023-6-6 23:20:17-debug: init custom config: keepNodeUuid: false, useCache: true
2023-6-6 23:20:17-debug:   Number of all scenes: 1
2023-6-6 23:20:17-debug:   Number of all scripts: 4
2023-6-6 23:20:17-debug:   Number of other assets: 295
2023-6-6 23:20:17-debug: Query asset bundle start0%
2023-6-6 23:20:17-debug: // ---- build task Query asset bundle ----
2023-6-6 23:20:17-debug: Process: heapTotal 216.22MB heapUsed 195.30MB rss 381.68MB
2023-6-6 23:20:17-debug: // ---- build task Query asset bundle ---- (17ms)
2023-6-6 23:20:17-debug: run build task Query asset bundle success in 17 ms √3%
2023-6-6 23:20:17-debug: Process: heapTotal 216.22MB heapUsed 196.83MB rss 381.68MB
2023-6-6 23:20:17-debug: init bundle assets
2023-6-6 23:20:17-debug: Query and organize assets start3%
2023-6-6 23:20:17-debug: // ---- build task Query and organize assets ----
2023-6-6 23:20:17-debug: Query preload assets from cc.config.json: 60f7195c-ec2a-45eb-ba94-8955f60e81d0,1c02ae6f-4492-4915-b8f8-7492a3b1e4cd,810e96e4-e456-4468-9b59-f4e8f39732c0,efe8e2a3-eace-427b-b4f1-cb8a937ec77d,e9aa9a3e-5b2b-4ac7-a2c7-073de2b2b24f,8bbdbcdd-5cd4-4100-b6d5-b7c9625b6107,50f4348b-c883-4e2f-8f11-ce233b859fa1,fda095cb-831d-4601-ad94-846013963de8,f92806d7-1768-443f-afe8-12bcde84d0f0,dd3a144d-ab7f-41f0-82b8-2e43a090d496,f0416e68-0200-4b77-a926-4f9d16e494da,ff9be190-20a4-4e48-b68c-76e3c7cff085,970b0598-bcb0-4714-91fb-2e81440dccd8,bcd64cc6-2dd9-43f6-abbe-66318d332032,d930590d-bb92-4cc8-8bd1-23cd027f9edf,a3cd009f-0ab0-420d-9278-b9fdab939bbc,9361fd90-ba52-4f84-aa93-6e878fd576ca,c27215d8-6835-4b68-bfbb-bdeac6100c04,b5d6115f-0370-4d7c-aad3-c194cc71cf98,871c3b6c-7379-419d-bda3-794b239ab90d
2023-6-6 23:20:17-debug: Number of scenes: 1
2023-6-6 23:20:17-debug: // ---- build task Query and organize assets ---- (11ms)
2023-6-6 23:20:17-debug: run build task Query and organize assets success in 11 ms √7%
2023-6-6 23:20:17-debug: Organize scripts start7%
2023-6-6 23:20:17-debug: // ---- build task Organize scripts ----
2023-6-6 23:20:17-debug: Process: heapTotal 216.22MB heapUsed 196.95MB rss 381.71MB
2023-6-6 23:20:17-debug: sort script group...
2023-6-6 23:20:17-debug: // ---- build task Organize scripts ---- (2ms)
2023-6-6 23:20:17-debug: run build task Organize scripts success in 2 ms √10%
2023-6-6 23:20:17-debug: // ---- build task Init settings and config ----
2023-6-6 23:20:17-debug: Init settings and config start10%
2023-6-6 23:20:17-debug: Process: heapTotal 216.22MB heapUsed 196.99MB rss 381.71MB
2023-6-6 23:20:17-debug: // ---- build task Init settings and config ---- (1ms)
2023-6-6 23:20:17-debug: run build task Init settings and config success in 1 ms √11%
2023-6-6 23:20:17-debug: builder.tasks.settings.macro does not defined in i18n
2023-6-6 23:20:17-debug: builder.tasks.settings.macro start11%
2023-6-6 23:20:17-debug: // ---- build task builder.tasks.settings.macro ----
2023-6-6 23:20:17-debug: Process: heapTotal 216.22MB heapUsed 197.03MB rss 381.71MB
2023-6-6 23:20:17-debug: // ---- build task builder.tasks.settings.macro ---- (4ms)
2023-6-6 23:20:17-debug: run build task builder.tasks.settings.macro success in 4 ms √11%
2023-6-6 23:20:17-debug: Sort some build options to settings.json start11%
2023-6-6 23:20:17-debug: Process: heapTotal 216.22MB heapUsed 197.06MB rss 381.71MB
2023-6-6 23:20:17-debug: // ---- build task Sort some build options to settings.json ----
2023-6-6 23:20:17-debug: // ---- build task Sort some build options to settings.json ---- (10ms)
2023-6-6 23:20:17-debug: run build task Sort some build options to settings.json success in 10 ms √12%
2023-6-6 23:20:17-debug: Process: heapTotal 216.22MB heapUsed 197.13MB rss 381.74MB
2023-6-6 23:20:17-debug: custom joint texture layouts start12%
2023-6-6 23:20:17-debug: // ---- build task custom joint texture layouts ----
2023-6-6 23:20:17-debug: // ---- build task custom joint texture layouts ---- (2ms)
2023-6-6 23:20:17-debug: run build task custom joint texture layouts success in 2 ms √12%
2023-6-6 23:20:17-debug: Process: heapTotal 216.22MB heapUsed 197.16MB rss 381.74MB
2023-6-6 23:20:17-debug: // ---- build task custom joint physics ----
2023-6-6 23:20:17-debug: custom joint physics start12%
2023-6-6 23:20:17-debug: // ---- build task custom joint physics ---- (2ms)
2023-6-6 23:20:17-debug: run build task custom joint physics success in 2 ms √13%
2023-6-6 23:20:17-debug: // ---- build task Fill script data to settings ----
2023-6-6 23:20:17-debug: Fill script data to settings start13%
2023-6-6 23:20:17-debug: Process: heapTotal 216.22MB heapUsed 197.19MB rss 381.75MB
2023-6-6 23:20:17-debug: // ---- build task Fill script data to settings ---- (1ms)
2023-6-6 23:20:17-debug: run build task Fill script data to settings success in 1 ms √13%
2023-6-6 23:20:17-debug: // ---- build task Fill scene data to settings ----
2023-6-6 23:20:17-debug: Process: heapTotal 216.22MB heapUsed 197.22MB rss 381.75MB
2023-6-6 23:20:17-debug: Fill scene data to settings start13%
2023-6-6 23:20:17-debug: // ---- build task Fill scene data to settings ---- (2ms)
2023-6-6 23:20:17-debug: run build task Fill scene data to settings success in 2 ms √14%
2023-6-6 23:20:17-debug: Organize assets groups，generate packedAssets and rawAssets data start14%
2023-6-6 23:20:17-debug: // ---- build task Organize assets groups，generate packedAssets and rawAssets data ----
2023-6-6 23:20:17-debug: Process: heapTotal 216.22MB heapUsed 197.25MB rss 381.75MB
2023-6-6 23:20:17-debug: // ---- build task Organize assets groups，generate packedAssets and rawAssets data ---- (2ms)
2023-6-6 23:20:17-debug: run build task Organize assets groups，generate packedAssets and rawAssets data success in 2 ms √14%
2023-6-6 23:20:17-debug: // ---- build task Generate md5AssetsMap from suffixMap to settings ----
2023-6-6 23:20:17-debug: Generate md5AssetsMap from suffixMap to settings start14%
2023-6-6 23:20:17-debug: Process: heapTotal 216.22MB heapUsed 197.29MB rss 381.76MB
2023-6-6 23:20:17-debug: options.md5Cache is false.
2023-6-6 23:20:17-debug: // ---- build task Generate md5AssetsMap from suffixMap to settings ---- (3ms)
2023-6-6 23:20:17-debug: run build task Generate md5AssetsMap from suffixMap to settings success in 3 ms √15%
2023-6-6 23:23:14-debug: Query all assets info in project
2023-6-6 23:23:14-debug: BuildAssetLibrary query-assets with assets 439
2023-6-6 23:23:14-debug: init custom config: keepNodeUuid: false, useCache: true
2023-6-6 23:23:14-debug:   Number of all scenes: 1
2023-6-6 23:23:14-debug:   Number of all scripts: 4
2023-6-6 23:23:14-debug:   Number of other assets: 295
2023-6-6 23:23:14-debug: Process: heapTotal 216.22MB heapUsed 199.20MB rss 381.82MB
2023-6-6 23:23:14-debug: Query asset bundle start0%
2023-6-6 23:23:14-debug: // ---- build task Query asset bundle ----
2023-6-6 23:23:14-debug: // ---- build task Query asset bundle ---- (21ms)
2023-6-6 23:23:14-debug: run build task Query asset bundle success in 21 ms √3%
2023-6-6 23:23:14-debug: Process: heapTotal 201.72MB heapUsed 193.77MB rss 368.14MB
2023-6-6 23:23:14-debug: Query and organize assets start3%
2023-6-6 23:23:14-debug: init bundle assets
2023-6-6 23:23:14-debug: // ---- build task Query and organize assets ----
2023-6-6 23:23:14-debug: Query preload assets from cc.config.json: 60f7195c-ec2a-45eb-ba94-8955f60e81d0,1c02ae6f-4492-4915-b8f8-7492a3b1e4cd,810e96e4-e456-4468-9b59-f4e8f39732c0,efe8e2a3-eace-427b-b4f1-cb8a937ec77d,e9aa9a3e-5b2b-4ac7-a2c7-073de2b2b24f,8bbdbcdd-5cd4-4100-b6d5-b7c9625b6107,50f4348b-c883-4e2f-8f11-ce233b859fa1,fda095cb-831d-4601-ad94-846013963de8,f92806d7-1768-443f-afe8-12bcde84d0f0,dd3a144d-ab7f-41f0-82b8-2e43a090d496,f0416e68-0200-4b77-a926-4f9d16e494da,ff9be190-20a4-4e48-b68c-76e3c7cff085,970b0598-bcb0-4714-91fb-2e81440dccd8,bcd64cc6-2dd9-43f6-abbe-66318d332032,d930590d-bb92-4cc8-8bd1-23cd027f9edf,a3cd009f-0ab0-420d-9278-b9fdab939bbc,9361fd90-ba52-4f84-aa93-6e878fd576ca,c27215d8-6835-4b68-bfbb-bdeac6100c04,b5d6115f-0370-4d7c-aad3-c194cc71cf98,871c3b6c-7379-419d-bda3-794b239ab90d
2023-6-6 23:23:14-debug: Number of scenes: 1
2023-6-6 23:23:14-debug: run build task Query and organize assets success in 9 ms √7%
2023-6-6 23:23:14-debug: // ---- build task Query and organize assets ---- (9ms)
2023-6-6 23:23:14-debug: Organize scripts start7%
2023-6-6 23:23:14-debug: Process: heapTotal 201.72MB heapUsed 192.96MB rss 367.29MB
2023-6-6 23:23:14-debug: // ---- build task Organize scripts ----
2023-6-6 23:23:14-debug: sort script group...
2023-6-6 23:23:14-debug: // ---- build task Organize scripts ---- (2ms)
2023-6-6 23:23:14-debug: run build task Organize scripts success in 2 ms √10%
2023-6-6 23:23:14-debug: Process: heapTotal 201.72MB heapUsed 193.00MB rss 367.29MB
2023-6-6 23:23:14-debug: Init settings and config start10%
2023-6-6 23:23:14-debug: // ---- build task Init settings and config ----
2023-6-6 23:23:14-debug: // ---- build task Init settings and config ---- (1ms)
2023-6-6 23:23:14-debug: run build task Init settings and config success in 1 ms √11%
2023-6-6 23:23:14-debug: builder.tasks.settings.macro does not defined in i18n
2023-6-6 23:23:14-debug: Process: heapTotal 201.72MB heapUsed 193.03MB rss 367.22MB
2023-6-6 23:23:14-debug: builder.tasks.settings.macro start11%
2023-6-6 23:23:14-debug: // ---- build task builder.tasks.settings.macro ----
2023-6-6 23:23:14-debug: // ---- build task builder.tasks.settings.macro ---- (2ms)
2023-6-6 23:23:14-debug: run build task builder.tasks.settings.macro success in 2 ms √11%
2023-6-6 23:23:14-debug: // ---- build task Sort some build options to settings.json ----
2023-6-6 23:23:14-debug: Sort some build options to settings.json start11%
2023-6-6 23:23:14-debug: Process: heapTotal 201.72MB heapUsed 193.07MB rss 367.22MB
2023-6-6 23:23:14-debug: // ---- build task Sort some build options to settings.json ---- (6ms)
2023-6-6 23:23:14-debug: run build task Sort some build options to settings.json success in 6 ms √12%
2023-6-6 23:23:14-debug: Process: heapTotal 201.72MB heapUsed 193.14MB rss 367.29MB
2023-6-6 23:23:14-debug: // ---- build task custom joint texture layouts ----
2023-6-6 23:23:14-debug: custom joint texture layouts start12%
2023-6-6 23:23:14-debug: // ---- build task custom joint texture layouts ---- (2ms)
2023-6-6 23:23:14-debug: run build task custom joint texture layouts success in 2 ms √12%
2023-6-6 23:23:14-debug: Process: heapTotal 201.72MB heapUsed 193.18MB rss 367.33MB
2023-6-6 23:23:14-debug: // ---- build task custom joint physics ----
2023-6-6 23:23:14-debug: custom joint physics start12%
2023-6-6 23:23:14-debug: // ---- build task custom joint physics ---- (1ms)
2023-6-6 23:23:14-debug: run build task custom joint physics success in 1 ms √13%
2023-6-6 23:23:14-debug: Process: heapTotal 201.72MB heapUsed 193.20MB rss 367.36MB
2023-6-6 23:23:14-debug: // ---- build task Fill script data to settings ----
2023-6-6 23:23:14-debug: Fill script data to settings start13%
2023-6-6 23:23:14-debug: // ---- build task Fill script data to settings ---- (1ms)
2023-6-6 23:23:14-debug: Process: heapTotal 201.72MB heapUsed 193.23MB rss 367.40MB
2023-6-6 23:23:14-debug: run build task Fill script data to settings success in 1 ms √13%
2023-6-6 23:23:14-debug: Fill scene data to settings start13%
2023-6-6 23:23:14-debug: // ---- build task Fill scene data to settings ----
2023-6-6 23:23:14-debug: // ---- build task Fill scene data to settings ---- (2ms)
2023-6-6 23:23:14-debug: run build task Fill scene data to settings success in 2 ms √14%
2023-6-6 23:23:14-debug: Organize assets groups，generate packedAssets and rawAssets data start14%
2023-6-6 23:23:14-debug: Process: heapTotal 201.72MB heapUsed 193.26MB rss 367.43MB
2023-6-6 23:23:14-debug: // ---- build task Organize assets groups，generate packedAssets and rawAssets data ----
2023-6-6 23:23:14-debug: // ---- build task Organize assets groups，generate packedAssets and rawAssets data ---- (1ms)
2023-6-6 23:23:14-debug: run build task Organize assets groups，generate packedAssets and rawAssets data success in 1 ms √14%
2023-6-6 23:23:14-debug: Generate md5AssetsMap from suffixMap to settings start14%
2023-6-6 23:23:14-debug: // ---- build task Generate md5AssetsMap from suffixMap to settings ----
2023-6-6 23:23:14-debug: Process: heapTotal 201.72MB heapUsed 193.30MB rss 367.47MB
2023-6-6 23:23:14-debug: options.md5Cache is false.
2023-6-6 23:23:14-debug: // ---- build task Generate md5AssetsMap from suffixMap to settings ---- (3ms)
2023-6-6 23:23:14-debug: run build task Generate md5AssetsMap from suffixMap to settings success in 3 ms √15%
2023-6-6 23:23:22-debug: Query all assets info in project
2023-6-6 23:23:22-debug: BuildAssetLibrary query-assets with assets 439
2023-6-6 23:23:22-debug: init custom config: keepNodeUuid: false, useCache: true
2023-6-6 23:23:22-debug:   Number of all scenes: 1
2023-6-6 23:23:22-debug:   Number of all scripts: 4
2023-6-6 23:23:22-debug:   Number of other assets: 295
2023-6-6 23:23:22-debug: Query asset bundle start0%
2023-6-6 23:23:22-debug: // ---- build task Query asset bundle ----
2023-6-6 23:23:22-debug: Process: heapTotal 201.72MB heapUsed 193.61MB rss 368.35MB
2023-6-6 23:23:22-debug: // ---- build task Query asset bundle ---- (22ms)
2023-6-6 23:23:22-debug: Query and organize assets start3%
2023-6-6 23:23:22-debug: run build task Query asset bundle success in 22 ms √3%
2023-6-6 23:23:22-debug: // ---- build task Query and organize assets ----
2023-6-6 23:23:22-debug: init bundle assets
2023-6-6 23:23:22-debug: Process: heapTotal 201.72MB heapUsed 193.70MB rss 368.72MB
2023-6-6 23:23:22-debug: Query preload assets from cc.config.json: 60f7195c-ec2a-45eb-ba94-8955f60e81d0,1c02ae6f-4492-4915-b8f8-7492a3b1e4cd,810e96e4-e456-4468-9b59-f4e8f39732c0,efe8e2a3-eace-427b-b4f1-cb8a937ec77d,e9aa9a3e-5b2b-4ac7-a2c7-073de2b2b24f,8bbdbcdd-5cd4-4100-b6d5-b7c9625b6107,50f4348b-c883-4e2f-8f11-ce233b859fa1,fda095cb-831d-4601-ad94-846013963de8,f92806d7-1768-443f-afe8-12bcde84d0f0,dd3a144d-ab7f-41f0-82b8-2e43a090d496,f0416e68-0200-4b77-a926-4f9d16e494da,ff9be190-20a4-4e48-b68c-76e3c7cff085,970b0598-bcb0-4714-91fb-2e81440dccd8,bcd64cc6-2dd9-43f6-abbe-66318d332032,d930590d-bb92-4cc8-8bd1-23cd027f9edf,a3cd009f-0ab0-420d-9278-b9fdab939bbc,9361fd90-ba52-4f84-aa93-6e878fd576ca,c27215d8-6835-4b68-bfbb-bdeac6100c04,b5d6115f-0370-4d7c-aad3-c194cc71cf98,871c3b6c-7379-419d-bda3-794b239ab90d
2023-6-6 23:23:22-debug: Number of scenes: 1
2023-6-6 23:23:22-debug: // ---- build task Query and organize assets ---- (18ms)
2023-6-6 23:23:22-debug: // ---- build task Organize scripts ----
2023-6-6 23:23:22-debug: Process: heapTotal 201.72MB heapUsed 193.82MB rss 370.08MB
2023-6-6 23:23:22-debug: sort script group...
2023-6-6 23:23:22-debug: Organize scripts start7%
2023-6-6 23:23:22-debug: // ---- build task Organize scripts ---- (2ms)
2023-6-6 23:23:22-debug: run build task Organize scripts success in 2 ms √10%
2023-6-6 23:23:22-debug: run build task Query and organize assets success in 18 ms √7%
2023-6-6 23:23:22-debug: Init settings and config start10%
2023-6-6 23:23:22-debug: // ---- build task Init settings and config ----
2023-6-6 23:23:22-debug: Process: heapTotal 201.72MB heapUsed 193.85MB rss 370.78MB
2023-6-6 23:23:22-debug: // ---- build task Init settings and config ---- (1ms)
2023-6-6 23:23:22-debug: run build task Init settings and config success in 1 ms √11%
2023-6-6 23:23:22-debug: builder.tasks.settings.macro does not defined in i18n
2023-6-6 23:23:22-debug: builder.tasks.settings.macro start11%
2023-6-6 23:23:22-debug: // ---- build task builder.tasks.settings.macro ----
2023-6-6 23:23:22-debug: Process: heapTotal 201.72MB heapUsed 193.89MB rss 370.12MB
2023-6-6 23:23:22-debug: // ---- build task builder.tasks.settings.macro ---- (5ms)
2023-6-6 23:23:22-debug: run build task builder.tasks.settings.macro success in 5 ms √11%
2023-6-6 23:23:22-debug: // ---- build task Sort some build options to settings.json ----
2023-6-6 23:23:22-debug: Sort some build options to settings.json start11%
2023-6-6 23:23:22-debug: Process: heapTotal 201.72MB heapUsed 193.93MB rss 368.10MB
2023-6-6 23:23:22-debug: // ---- build task Sort some build options to settings.json ---- (5ms)
2023-6-6 23:23:22-debug: // ---- build task custom joint texture layouts ----
2023-6-6 23:23:22-debug: Process: heapTotal 201.72MB heapUsed 194.00MB rss 367.94MB
2023-6-6 23:23:22-debug: run build task Sort some build options to settings.json success in 5 ms √12%
2023-6-6 23:23:22-debug: custom joint texture layouts start12%
2023-6-6 23:23:22-debug: // ---- build task custom joint texture layouts ---- (2ms)
2023-6-6 23:23:22-debug: run build task custom joint texture layouts success in 2 ms √12%
2023-6-6 23:23:22-debug: custom joint physics start12%
2023-6-6 23:23:22-debug: // ---- build task custom joint physics ----
2023-6-6 23:23:22-debug: Process: heapTotal 201.72MB heapUsed 194.03MB rss 367.92MB
2023-6-6 23:23:22-debug: // ---- build task custom joint physics ---- (1ms)
2023-6-6 23:23:22-debug: run build task custom joint physics success in 1 ms √13%
2023-6-6 23:23:22-debug: Process: heapTotal 201.72MB heapUsed 194.06MB rss 367.96MB
2023-6-6 23:23:22-debug: Fill script data to settings start13%
2023-6-6 23:23:22-debug: // ---- build task Fill script data to settings ----
2023-6-6 23:23:22-debug: // ---- build task Fill script data to settings ---- (1ms)
2023-6-6 23:23:22-debug: run build task Fill script data to settings success in 1 ms √13%
2023-6-6 23:23:22-debug: Process: heapTotal 201.72MB heapUsed 194.09MB rss 367.99MB
2023-6-6 23:23:22-debug: Fill scene data to settings start13%
2023-6-6 23:23:22-debug: // ---- build task Fill scene data to settings ----
2023-6-6 23:23:22-debug: // ---- build task Fill scene data to settings ---- (1ms)
2023-6-6 23:23:22-debug: run build task Fill scene data to settings success in 1 ms √14%
2023-6-6 23:23:22-debug: Organize assets groups，generate packedAssets and rawAssets data start14%
2023-6-6 23:23:22-debug: Process: heapTotal 201.72MB heapUsed 194.12MB rss 368.02MB
2023-6-6 23:23:22-debug: // ---- build task Organize assets groups，generate packedAssets and rawAssets data ----
2023-6-6 23:23:22-debug: // ---- build task Organize assets groups，generate packedAssets and rawAssets data ---- (3ms)
2023-6-6 23:23:22-debug: // ---- build task Generate md5AssetsMap from suffixMap to settings ----
2023-6-6 23:23:22-debug: run build task Organize assets groups，generate packedAssets and rawAssets data success in 3 ms √14%
2023-6-6 23:23:22-debug: Generate md5AssetsMap from suffixMap to settings start14%
2023-6-6 23:23:22-debug: Process: heapTotal 201.72MB heapUsed 193.43MB rss 367.18MB
2023-6-6 23:23:22-debug: options.md5Cache is false.
2023-6-6 23:23:22-debug: // ---- build task Generate md5AssetsMap from suffixMap to settings ---- (2ms)
2023-6-6 23:23:22-debug: run build task Generate md5AssetsMap from suffixMap to settings success in 2 ms √15%
2023-6-6 23:23:30-debug: Query all assets info in project
2023-6-6 23:23:30-debug: BuildAssetLibrary query-assets with assets 439
2023-6-6 23:23:30-debug: init custom config: keepNodeUuid: false, useCache: true
2023-6-6 23:23:30-debug:   Number of all scenes: 1
2023-6-6 23:23:30-debug:   Number of other assets: 295
2023-6-6 23:23:30-debug: // ---- build task Query asset bundle ----
2023-6-6 23:23:30-debug: Process: heapTotal 201.97MB heapUsed 193.82MB rss 367.48MB
2023-6-6 23:23:30-debug: Query asset bundle start0%
2023-6-6 23:23:30-debug:   Number of all scripts: 4
2023-6-6 23:23:30-debug: // ---- build task Query asset bundle ---- (27ms)
2023-6-6 23:23:30-debug: run build task Query asset bundle success in 27 ms √3%
2023-6-6 23:23:30-debug: Query and organize assets start3%
2023-6-6 23:23:30-debug: // ---- build task Query and organize assets ----
2023-6-6 23:23:30-debug: Process: heapTotal 201.97MB heapUsed 193.90MB rss 367.38MB
2023-6-6 23:23:30-debug: init bundle assets
2023-6-6 23:23:30-debug: Query preload assets from cc.config.json: 60f7195c-ec2a-45eb-ba94-8955f60e81d0,1c02ae6f-4492-4915-b8f8-7492a3b1e4cd,810e96e4-e456-4468-9b59-f4e8f39732c0,efe8e2a3-eace-427b-b4f1-cb8a937ec77d,e9aa9a3e-5b2b-4ac7-a2c7-073de2b2b24f,8bbdbcdd-5cd4-4100-b6d5-b7c9625b6107,50f4348b-c883-4e2f-8f11-ce233b859fa1,fda095cb-831d-4601-ad94-846013963de8,f92806d7-1768-443f-afe8-12bcde84d0f0,dd3a144d-ab7f-41f0-82b8-2e43a090d496,f0416e68-0200-4b77-a926-4f9d16e494da,ff9be190-20a4-4e48-b68c-76e3c7cff085,970b0598-bcb0-4714-91fb-2e81440dccd8,bcd64cc6-2dd9-43f6-abbe-66318d332032,d930590d-bb92-4cc8-8bd1-23cd027f9edf,a3cd009f-0ab0-420d-9278-b9fdab939bbc,9361fd90-ba52-4f84-aa93-6e878fd576ca,c27215d8-6835-4b68-bfbb-bdeac6100c04,b5d6115f-0370-4d7c-aad3-c194cc71cf98,871c3b6c-7379-419d-bda3-794b239ab90d
2023-6-6 23:23:30-debug: Number of scenes: 1
2023-6-6 23:23:30-debug: run build task Query and organize assets success in 13 ms √7%
2023-6-6 23:23:30-debug: Organize scripts start7%
2023-6-6 23:23:30-debug: // ---- build task Organize scripts ----
2023-6-6 23:23:30-debug: Process: heapTotal 201.97MB heapUsed 194.02MB rss 367.50MB
2023-6-6 23:23:30-debug: sort script group...
2023-6-6 23:23:30-debug: // ---- build task Query and organize assets ---- (13ms)
2023-6-6 23:23:30-debug: // ---- build task Organize scripts ---- (3ms)
2023-6-6 23:23:30-debug: run build task Organize scripts success in 3 ms √10%
2023-6-6 23:23:30-debug: // ---- build task Init settings and config ----
2023-6-6 23:23:30-debug: Process: heapTotal 201.97MB heapUsed 194.05MB rss 367.54MB
2023-6-6 23:23:30-debug: // ---- build task Init settings and config ---- (6ms)
2023-6-6 23:23:30-debug: run build task Init settings and config success in 6 ms √11%
2023-6-6 23:23:30-debug: builder.tasks.settings.macro start11%
2023-6-6 23:23:30-debug: builder.tasks.settings.macro does not defined in i18n
2023-6-6 23:23:30-debug: Init settings and config start10%
2023-6-6 23:23:30-debug: // ---- build task builder.tasks.settings.macro ----
2023-6-6 23:23:30-debug: Process: heapTotal 201.97MB heapUsed 194.08MB rss 367.51MB
2023-6-6 23:23:30-debug: // ---- build task builder.tasks.settings.macro ---- (8ms)
2023-6-6 23:23:30-debug: run build task builder.tasks.settings.macro success in 8 ms √11%
2023-6-6 23:23:30-debug: // ---- build task Sort some build options to settings.json ----
2023-6-6 23:23:30-debug: Sort some build options to settings.json start11%
2023-6-6 23:23:30-debug: Process: heapTotal 201.97MB heapUsed 194.12MB rss 367.55MB
2023-6-6 23:23:30-debug: // ---- build task Sort some build options to settings.json ---- (5ms)
2023-6-6 23:23:30-debug: run build task Sort some build options to settings.json success in 5 ms √12%
2023-6-6 23:23:30-debug: custom joint texture layouts start12%
2023-6-6 23:23:30-debug: // ---- build task custom joint texture layouts ----
2023-6-6 23:23:30-debug: Process: heapTotal 201.97MB heapUsed 194.20MB rss 367.62MB
2023-6-6 23:23:30-debug: // ---- build task custom joint texture layouts ---- (5ms)
2023-6-6 23:23:30-debug: run build task custom joint texture layouts success in 5 ms √12%
2023-6-6 23:23:30-debug: custom joint physics start12%
2023-6-6 23:23:30-debug: Process: heapTotal 201.97MB heapUsed 194.23MB rss 367.65MB
2023-6-6 23:23:30-debug: // ---- build task custom joint physics ----
2023-6-6 23:23:30-debug: // ---- build task custom joint physics ---- (2ms)
2023-6-6 23:23:30-debug: run build task custom joint physics success in 2 ms √13%
2023-6-6 23:23:30-debug: Process: heapTotal 201.97MB heapUsed 194.25MB rss 367.68MB
2023-6-6 23:23:30-debug: // ---- build task Fill script data to settings ----
2023-6-6 23:23:30-debug: Fill script data to settings start13%
2023-6-6 23:23:30-debug: // ---- build task Fill script data to settings ---- (1ms)
2023-6-6 23:23:30-debug: run build task Fill script data to settings success in 1 ms √13%
2023-6-6 23:23:30-debug: Fill scene data to settings start13%
2023-6-6 23:23:30-debug: // ---- build task Fill scene data to settings ----
2023-6-6 23:23:30-debug: Process: heapTotal 201.97MB heapUsed 194.28MB rss 367.71MB
2023-6-6 23:23:30-debug: // ---- build task Fill scene data to settings ---- (1ms)
2023-6-6 23:23:30-debug: run build task Fill scene data to settings success in 1 ms √14%
2023-6-6 23:23:30-debug: Organize assets groups，generate packedAssets and rawAssets data start14%
2023-6-6 23:23:30-debug: // ---- build task Organize assets groups，generate packedAssets and rawAssets data ----
2023-6-6 23:23:30-debug: // ---- build task Organize assets groups，generate packedAssets and rawAssets data ---- (4ms)
2023-6-6 23:23:30-debug: Process: heapTotal 201.97MB heapUsed 194.31MB rss 367.75MB
2023-6-6 23:23:30-debug: run build task Organize assets groups，generate packedAssets and rawAssets data success in 4 ms √14%
2023-6-6 23:23:30-debug: Process: heapTotal 201.97MB heapUsed 194.35MB rss 367.79MB
2023-6-6 23:23:30-debug: options.md5Cache is false.
2023-6-6 23:23:30-debug: Generate md5AssetsMap from suffixMap to settings start14%
2023-6-6 23:23:30-debug: // ---- build task Generate md5AssetsMap from suffixMap to settings ----
2023-6-6 23:23:30-debug: // ---- build task Generate md5AssetsMap from suffixMap to settings ---- (1ms)
2023-6-6 23:23:30-debug: run build task Generate md5AssetsMap from suffixMap to settings success in 1 ms √15%
2023-6-6 23:23:40-debug: refresh db internal success
2023-6-6 23:23:40-debug: asset-db:worker-effect-data-processing (205ms)
2023-6-6 23:23:40-debug: refresh db assets success
2023-6-6 23:23:40-debug: asset-db:refresh-all-database (313ms)
