2023-5-28 01:31:06-debug: asset-db:worker-init (2384ms)
2023-5-28 01:31:07-debug: Preimport db internal success
2023-5-28 01:31:07-debug: Preimport db assets success
2023-5-28 01:31:07-debug: asset-db:worker-effect-data-processing (816ms)
2023-5-28 01:31:11-debug: Set detail map pack:///resolution-detail-map.json: {}
2023-5-28 01:31:11-debug: Start up the 'internal' database...
2023-5-28 01:31:12-debug: asset-db:worker-init-script (3186ms)
2023-5-28 01:31:12-debug: start asset-db with asset: 409
2023-5-28 01:31:12-debug: Start up the 'assets' database...
2023-5-28 01:31:12-debug: start asset-db with asset: 4
2023-5-28 01:31:12-debug: asset-db:worker-startup-database[internal] (6282ms)
2023-5-28 01:31:12-debug: Asset DB is ready!
2023-5-28 01:31:12-debug: asset-db:worker-startup-database[assets] (5301ms)
2023-5-28 01:31:12-debug: init worker message success
2023-5-28 01:31:13-debug: builder:worker-init (1131ms)
2023-5-28 01:31:15-debug: programming:execute-script (1ms)
2023-5-28 01:33:04-debug: Query all assets info in project
2023-5-28 01:33:04-debug: BuildAssetLibrary query-assets with assets 435
2023-5-28 01:33:04-debug: init custom config: keepNodeUuid: false, useCache: true
2023-5-28 01:33:04-debug:   Number of all scripts: 1
2023-5-28 01:33:04-debug:   Number of other assets: 294
2023-5-28 01:33:04-debug:   Number of all scenes: 1
2023-5-28 01:33:04-debug: // ---- build task Query asset bundle ----
2023-5-28 01:33:04-debug: Query asset bundle start0%
2023-5-28 01:33:04-debug: Process: heapTotal 202.91MB heapUsed 189.49MB rss 516.96MB
2023-5-28 01:33:04-debug: // ---- build task Query asset bundle ---- (7ms)
2023-5-28 01:33:04-debug: run build task Query asset bundle success in 7 ms √3%
2023-5-28 01:33:04-debug: Process: heapTotal 202.91MB heapUsed 190.34MB rss 519.03MB
2023-5-28 01:33:04-debug: // ---- build task Query and organize assets ----
2023-5-28 01:33:04-debug: init bundle assets
2023-5-28 01:33:04-debug: Query and organize assets start3%
2023-5-28 01:33:04-debug: Query preload assets from cc.config.json: 60f7195c-ec2a-45eb-ba94-8955f60e81d0,1c02ae6f-4492-4915-b8f8-7492a3b1e4cd,810e96e4-e456-4468-9b59-f4e8f39732c0,efe8e2a3-eace-427b-b4f1-cb8a937ec77d,e9aa9a3e-5b2b-4ac7-a2c7-073de2b2b24f,8bbdbcdd-5cd4-4100-b6d5-b7c9625b6107,50f4348b-c883-4e2f-8f11-ce233b859fa1,fda095cb-831d-4601-ad94-846013963de8,f92806d7-1768-443f-afe8-12bcde84d0f0,dd3a144d-ab7f-41f0-82b8-2e43a090d496,f0416e68-0200-4b77-a926-4f9d16e494da,ff9be190-20a4-4e48-b68c-76e3c7cff085,970b0598-bcb0-4714-91fb-2e81440dccd8,bcd64cc6-2dd9-43f6-abbe-66318d332032,d930590d-bb92-4cc8-8bd1-23cd027f9edf,a3cd009f-0ab0-420d-9278-b9fdab939bbc,9361fd90-ba52-4f84-aa93-6e878fd576ca,c27215d8-6835-4b68-bfbb-bdeac6100c04,b5d6115f-0370-4d7c-aad3-c194cc71cf98,871c3b6c-7379-419d-bda3-794b239ab90d
2023-5-28 01:33:04-debug: Number of scenes: 1
2023-5-28 01:33:04-debug: // ---- build task Query and organize assets ---- (1ms)
2023-5-28 01:33:04-debug: run build task Query and organize assets success in 1 ms √7%
2023-5-28 01:33:04-debug: // ---- build task Organize scripts ----
2023-5-28 01:33:04-debug: sort script group...
2023-5-28 01:33:04-debug: Process: heapTotal 202.91MB heapUsed 189.57MB rss 518.86MB
2023-5-28 01:33:04-debug: Organize scripts start7%
2023-5-28 01:33:04-debug: Init settings and config start10%
2023-5-28 01:33:04-debug: run build task Organize scripts success in 0 ms √10%
2023-5-28 01:33:04-debug: // ---- build task Init settings and config ----
2023-5-28 01:33:04-debug: Process: heapTotal 202.91MB heapUsed 189.60MB rss 518.91MB
2023-5-28 01:33:04-debug: // ---- build task Init settings and config ---- (1ms)
2023-5-28 01:33:04-debug: run build task Init settings and config success in 1 ms √11%
2023-5-28 01:33:04-debug: builder.tasks.settings.macro does not defined in i18n
2023-5-28 01:33:04-debug: Process: heapTotal 202.91MB heapUsed 189.64MB rss 519.33MB
2023-5-28 01:33:04-debug: builder.tasks.settings.macro start11%
2023-5-28 01:33:04-debug: // ---- build task builder.tasks.settings.macro ----
2023-5-28 01:33:04-debug: // ---- build task builder.tasks.settings.macro ---- (1ms)
2023-5-28 01:33:04-debug: run build task builder.tasks.settings.macro success in 1 ms √11%
2023-5-28 01:33:04-debug: // ---- build task Sort some build options to settings.json ----
2023-5-28 01:33:04-debug: Process: heapTotal 202.91MB heapUsed 189.68MB rss 519.69MB
2023-5-28 01:33:04-debug: Sort some build options to settings.json start11%
2023-5-28 01:33:04-debug: run build task Sort some build options to settings.json success in 190 ms √12%
2023-5-28 01:33:04-debug: custom joint texture layouts start12%
2023-5-28 01:33:04-debug: // ---- build task Sort some build options to settings.json ---- (190ms)
2023-5-28 01:33:04-debug: Process: heapTotal 202.91MB heapUsed 189.91MB rss 517.56MB
2023-5-28 01:33:04-debug: // ---- build task custom joint texture layouts ----
2023-5-28 01:33:04-debug: // ---- build task custom joint texture layouts ---- (1ms)
2023-5-28 01:33:04-debug: run build task custom joint texture layouts success in 1 ms √12%
2023-5-28 01:33:04-debug: custom joint physics start12%
2023-5-28 01:33:04-debug: Process: heapTotal 202.91MB heapUsed 189.94MB rss 517.42MB
2023-5-28 01:33:04-debug: // ---- build task custom joint physics ----
2023-5-28 01:33:04-debug: run build task custom joint physics success in 0 ms √13%
2023-5-28 01:33:04-debug: Fill script data to settings start13%
2023-5-28 01:33:04-debug: Process: heapTotal 202.91MB heapUsed 189.97MB rss 517.31MB
2023-5-28 01:33:04-debug: // ---- build task Fill script data to settings ----
2023-5-28 01:33:04-debug: run build task Fill script data to settings success in 0 ms √13%
2023-5-28 01:33:04-debug: // ---- build task Fill scene data to settings ----
2023-5-28 01:33:04-debug: Process: heapTotal 202.91MB heapUsed 189.99MB rss 517.29MB
2023-5-28 01:33:04-debug: Fill scene data to settings start13%
2023-5-28 01:33:04-debug: run build task Fill scene data to settings success in 0 ms √14%
2023-5-28 01:33:04-debug: // ---- build task Organize assets groups，generate packedAssets and rawAssets data ----
2023-5-28 01:33:04-debug: Organize assets groups，generate packedAssets and rawAssets data start14%
2023-5-28 01:33:04-debug: Process: heapTotal 202.91MB heapUsed 190.02MB rss 517.32MB
2023-5-28 01:33:04-debug: Generate md5AssetsMap from suffixMap to settings start14%
2023-5-28 01:33:04-debug: run build task Organize assets groups，generate packedAssets and rawAssets data success in 0 ms √14%
2023-5-28 01:33:04-debug: // ---- build task Generate md5AssetsMap from suffixMap to settings ----
2023-5-28 01:33:04-debug: Process: heapTotal 202.91MB heapUsed 190.05MB rss 517.37MB
2023-5-28 01:33:04-debug: options.md5Cache is false.
2023-5-28 01:33:04-debug: run build task Generate md5AssetsMap from suffixMap to settings success in 0 ms √15%
2023-5-28 01:33:56-debug: refresh db internal success
2023-5-28 01:33:56-debug: asset-db:worker-effect-data-processing (137ms)
2023-5-28 01:33:56-debug: refresh db assets success
2023-5-28 01:33:56-debug: asset-db:refresh-all-database (191ms)
2023-5-28 01:34:13-debug: Query all assets info in project
2023-5-28 01:34:13-debug: BuildAssetLibrary query-assets with assets 435
2023-5-28 01:34:13-debug: init custom config: keepNodeUuid: false, useCache: true
2023-5-28 01:34:13-debug:   Number of all scenes: 1
2023-5-28 01:34:13-debug:   Number of other assets: 294
2023-5-28 01:34:13-debug: Query asset bundle start0%
2023-5-28 01:34:13-debug: // ---- build task Query asset bundle ----
2023-5-28 01:34:13-debug: Process: heapTotal 221.19MB heapUsed 191.43MB rss 529.16MB
2023-5-28 01:34:13-debug:   Number of all scripts: 1
2023-5-28 01:34:13-debug: // ---- build task Query asset bundle ---- (3ms)
2023-5-28 01:34:13-debug: run build task Query asset bundle success in 3 ms √3%
2023-5-28 01:34:13-debug: Process: heapTotal 221.19MB heapUsed 192.96MB rss 530.66MB
2023-5-28 01:34:13-debug: Query and organize assets start3%
2023-5-28 01:34:13-debug: // ---- build task Query and organize assets ----
2023-5-28 01:34:13-debug: init bundle assets
2023-5-28 01:34:13-debug: Query preload assets from cc.config.json: 60f7195c-ec2a-45eb-ba94-8955f60e81d0,1c02ae6f-4492-4915-b8f8-7492a3b1e4cd,810e96e4-e456-4468-9b59-f4e8f39732c0,efe8e2a3-eace-427b-b4f1-cb8a937ec77d,e9aa9a3e-5b2b-4ac7-a2c7-073de2b2b24f,8bbdbcdd-5cd4-4100-b6d5-b7c9625b6107,50f4348b-c883-4e2f-8f11-ce233b859fa1,fda095cb-831d-4601-ad94-846013963de8,f92806d7-1768-443f-afe8-12bcde84d0f0,dd3a144d-ab7f-41f0-82b8-2e43a090d496,f0416e68-0200-4b77-a926-4f9d16e494da,ff9be190-20a4-4e48-b68c-76e3c7cff085,970b0598-bcb0-4714-91fb-2e81440dccd8,bcd64cc6-2dd9-43f6-abbe-66318d332032,d930590d-bb92-4cc8-8bd1-23cd027f9edf,a3cd009f-0ab0-420d-9278-b9fdab939bbc,9361fd90-ba52-4f84-aa93-6e878fd576ca,c27215d8-6835-4b68-bfbb-bdeac6100c04,b5d6115f-0370-4d7c-aad3-c194cc71cf98,871c3b6c-7379-419d-bda3-794b239ab90d
2023-5-28 01:34:13-debug: Number of scenes: 1
2023-5-28 01:34:13-debug: // ---- build task Query and organize assets ---- (2ms)
2023-5-28 01:34:13-debug: run build task Query and organize assets success in 2 ms √7%
2023-5-28 01:34:13-debug: Process: heapTotal 221.19MB heapUsed 193.09MB rss 530.82MB
2023-5-28 01:34:13-debug: sort script group...
2023-5-28 01:34:13-debug: Organize scripts start7%
2023-5-28 01:34:13-debug: // ---- build task Organize scripts ----
2023-5-28 01:34:13-debug: // ---- build task Organize scripts ---- (1ms)
2023-5-28 01:34:13-debug: run build task Organize scripts success in 1 ms √10%
2023-5-28 01:34:13-debug: Init settings and config start10%
2023-5-28 01:34:13-debug: // ---- build task Init settings and config ----
2023-5-28 01:34:13-debug: Process: heapTotal 221.19MB heapUsed 193.13MB rss 530.86MB
2023-5-28 01:34:13-debug: // ---- build task Init settings and config ---- (1ms)
2023-5-28 01:34:13-debug: run build task Init settings and config success in 1 ms √11%
2023-5-28 01:34:13-debug: builder.tasks.settings.macro start11%
2023-5-28 01:34:13-debug: Process: heapTotal 221.19MB heapUsed 193.16MB rss 530.90MB
2023-5-28 01:34:13-debug: // ---- build task builder.tasks.settings.macro ----
2023-5-28 01:34:13-debug: builder.tasks.settings.macro does not defined in i18n
2023-5-28 01:34:13-debug: // ---- build task builder.tasks.settings.macro ---- (1ms)
2023-5-28 01:34:13-debug: run build task builder.tasks.settings.macro success in 1 ms √11%
2023-5-28 01:34:13-debug: // ---- build task Sort some build options to settings.json ----
2023-5-28 01:34:13-debug: Process: heapTotal 221.19MB heapUsed 193.20MB rss 530.94MB
2023-5-28 01:34:13-debug: Sort some build options to settings.json start11%
2023-5-28 01:34:13-debug: // ---- build task Sort some build options to settings.json ---- (1ms)
2023-5-28 01:34:13-debug: run build task Sort some build options to settings.json success in 1 ms √12%
2023-5-28 01:34:13-debug: Process: heapTotal 221.19MB heapUsed 193.27MB rss 531.04MB
2023-5-28 01:34:13-debug: custom joint texture layouts start12%
2023-5-28 01:34:13-debug: // ---- build task custom joint texture layouts ----
2023-5-28 01:34:13-debug: // ---- build task custom joint texture layouts ---- (1ms)
2023-5-28 01:34:13-debug: run build task custom joint texture layouts success in 1 ms √12%
2023-5-28 01:34:13-debug: // ---- build task custom joint physics ----
2023-5-28 01:34:13-debug: Process: heapTotal 221.19MB heapUsed 193.30MB rss 531.08MB
2023-5-28 01:34:13-debug: custom joint physics start12%
2023-5-28 01:34:13-debug: run build task custom joint physics success in 0 ms √13%
2023-5-28 01:34:13-debug: Fill script data to settings start13%
2023-5-28 01:34:13-debug: // ---- build task Fill script data to settings ----
2023-5-28 01:34:13-debug: Process: heapTotal 221.19MB heapUsed 193.33MB rss 531.11MB
2023-5-28 01:34:13-debug: // ---- build task Fill script data to settings ---- (1ms)
2023-5-28 01:34:13-debug: run build task Fill script data to settings success in 1 ms √13%
2023-5-28 01:34:13-debug: Fill scene data to settings start13%
2023-5-28 01:34:13-debug: Process: heapTotal 221.19MB heapUsed 193.36MB rss 531.14MB
2023-5-28 01:34:13-debug: // ---- build task Fill scene data to settings ----
2023-5-28 01:34:13-debug: // ---- build task Fill scene data to settings ---- (1ms)
2023-5-28 01:34:13-debug: run build task Fill scene data to settings success in 1 ms √14%
2023-5-28 01:34:13-debug: // ---- build task Organize assets groups，generate packedAssets and rawAssets data ----
2023-5-28 01:34:13-debug: Process: heapTotal 221.19MB heapUsed 193.39MB rss 531.18MB
2023-5-28 01:34:13-debug: Organize assets groups，generate packedAssets and rawAssets data start14%
2023-5-28 01:34:13-debug: // ---- build task Organize assets groups，generate packedAssets and rawAssets data ---- (1ms)
2023-5-28 01:34:13-debug: run build task Organize assets groups，generate packedAssets and rawAssets data success in 1 ms √14%
2023-5-28 01:34:13-debug: Process: heapTotal 221.19MB heapUsed 193.43MB rss 531.22MB
2023-5-28 01:34:13-debug: // ---- build task Generate md5AssetsMap from suffixMap to settings ----
2023-5-28 01:34:13-debug: options.md5Cache is false.
2023-5-28 01:34:13-debug: Generate md5AssetsMap from suffixMap to settings start14%
2023-5-28 01:34:13-debug: run build task Generate md5AssetsMap from suffixMap to settings success in 0 ms √15%
2023-5-28 01:34:46-debug: refresh db internal success
2023-5-28 01:34:46-debug: refresh db assets success
2023-5-28 01:34:46-debug: asset-db:worker-effect-data-processing (102ms)
2023-5-28 01:34:46-debug: asset-db:refresh-all-database (135ms)
2023-5-28 01:35:38-debug: refresh db internal success
2023-5-28 01:35:39-debug: refresh db assets success
2023-5-28 01:35:39-debug: asset-db:worker-effect-data-processing (170ms)
2023-5-28 01:35:39-debug: asset-db:refresh-all-database (205ms)
2023-5-28 01:35:39-debug: Query all assets info in project
2023-5-28 01:35:39-debug: BuildAssetLibrary query-assets with assets 435
2023-5-28 01:35:39-debug: init custom config: keepNodeUuid: false, useCache: true
2023-5-28 01:35:39-debug:   Number of all scenes: 1
2023-5-28 01:35:39-debug:   Number of all scripts: 1
2023-5-28 01:35:39-debug:   Number of other assets: 294
2023-5-28 01:35:39-debug: Query asset bundle start0%
2023-5-28 01:35:39-debug: Process: heapTotal 216.32MB heapUsed 193.12MB rss 534.77MB
2023-5-28 01:35:39-debug: // ---- build task Query asset bundle ----
2023-5-28 01:35:39-debug: // ---- build task Query asset bundle ---- (4ms)
2023-5-28 01:35:39-debug: run build task Query asset bundle success in 4 ms √3%
2023-5-28 01:35:39-debug: Process: heapTotal 223.57MB heapUsed 190.77MB rss 534.19MB
2023-5-28 01:35:39-debug: init bundle assets
2023-5-28 01:35:39-debug: // ---- build task Query and organize assets ----
2023-5-28 01:35:39-debug: Query and organize assets start3%
2023-5-28 01:35:39-debug: Query preload assets from cc.config.json: 60f7195c-ec2a-45eb-ba94-8955f60e81d0,1c02ae6f-4492-4915-b8f8-7492a3b1e4cd,810e96e4-e456-4468-9b59-f4e8f39732c0,efe8e2a3-eace-427b-b4f1-cb8a937ec77d,e9aa9a3e-5b2b-4ac7-a2c7-073de2b2b24f,8bbdbcdd-5cd4-4100-b6d5-b7c9625b6107,50f4348b-c883-4e2f-8f11-ce233b859fa1,fda095cb-831d-4601-ad94-846013963de8,f92806d7-1768-443f-afe8-12bcde84d0f0,dd3a144d-ab7f-41f0-82b8-2e43a090d496,f0416e68-0200-4b77-a926-4f9d16e494da,ff9be190-20a4-4e48-b68c-76e3c7cff085,970b0598-bcb0-4714-91fb-2e81440dccd8,bcd64cc6-2dd9-43f6-abbe-66318d332032,d930590d-bb92-4cc8-8bd1-23cd027f9edf,a3cd009f-0ab0-420d-9278-b9fdab939bbc,9361fd90-ba52-4f84-aa93-6e878fd576ca,c27215d8-6835-4b68-bfbb-bdeac6100c04,b5d6115f-0370-4d7c-aad3-c194cc71cf98,871c3b6c-7379-419d-bda3-794b239ab90d
2023-5-28 01:35:39-debug: Number of scenes: 1
2023-5-28 01:35:39-debug: // ---- build task Query and organize assets ---- (2ms)
2023-5-28 01:35:39-debug: run build task Query and organize assets success in 2 ms √7%
2023-5-28 01:35:39-debug: Process: heapTotal 223.57MB heapUsed 190.91MB rss 534.18MB
2023-5-28 01:35:39-debug: Organize scripts start7%
2023-5-28 01:35:39-debug: // ---- build task Organize scripts ----
2023-5-28 01:35:39-debug: sort script group...
2023-5-28 01:35:39-debug: // ---- build task Organize scripts ---- (1ms)
2023-5-28 01:35:39-debug: run build task Organize scripts success in 1 ms √10%
2023-5-28 01:35:39-debug: Process: heapTotal 223.57MB heapUsed 190.95MB rss 534.18MB
2023-5-28 01:35:39-debug: Init settings and config start10%
2023-5-28 01:35:39-debug: // ---- build task Init settings and config ----
2023-5-28 01:35:39-debug: run build task Init settings and config success in 0 ms √11%
2023-5-28 01:35:39-debug: builder.tasks.settings.macro does not defined in i18n
2023-5-28 01:35:39-debug: builder.tasks.settings.macro start11%
2023-5-28 01:35:39-debug: // ---- build task builder.tasks.settings.macro ----
2023-5-28 01:35:39-debug: Process: heapTotal 223.57MB heapUsed 190.98MB rss 534.18MB
2023-5-28 01:35:39-debug: // ---- build task builder.tasks.settings.macro ---- (1ms)
2023-5-28 01:35:39-debug: run build task builder.tasks.settings.macro success in 1 ms √11%
2023-5-28 01:35:39-debug: Process: heapTotal 223.57MB heapUsed 191.02MB rss 534.19MB
2023-5-28 01:35:39-debug: // ---- build task Sort some build options to settings.json ----
2023-5-28 01:35:39-debug: Sort some build options to settings.json start11%
2023-5-28 01:35:39-debug: // ---- build task Sort some build options to settings.json ---- (2ms)
2023-5-28 01:35:39-debug: run build task Sort some build options to settings.json success in 2 ms √12%
2023-5-28 01:35:39-debug: Process: heapTotal 223.57MB heapUsed 191.09MB rss 534.22MB
2023-5-28 01:35:39-debug: custom joint texture layouts start12%
2023-5-28 01:35:39-debug: // ---- build task custom joint texture layouts ----
2023-5-28 01:35:39-debug: // ---- build task custom joint texture layouts ---- (1ms)
2023-5-28 01:35:39-debug: run build task custom joint texture layouts success in 1 ms √12%
2023-5-28 01:35:39-debug: Process: heapTotal 223.57MB heapUsed 191.12MB rss 534.22MB
2023-5-28 01:35:39-debug: custom joint physics start12%
2023-5-28 01:35:39-debug: // ---- build task custom joint physics ----
2023-5-28 01:35:39-debug: Fill script data to settings start13%
2023-5-28 01:35:39-debug: // ---- build task Fill script data to settings ----
2023-5-28 01:35:39-debug: Process: heapTotal 223.57MB heapUsed 191.14MB rss 534.22MB
2023-5-28 01:35:39-debug: run build task custom joint physics success in 0 ms √13%
2023-5-28 01:35:39-debug: // ---- build task Fill script data to settings ---- (1ms)
2023-5-28 01:35:39-debug: run build task Fill script data to settings success in 1 ms √13%
2023-5-28 01:35:39-debug: Process: heapTotal 223.57MB heapUsed 191.17MB rss 534.22MB
2023-5-28 01:35:39-debug: // ---- build task Fill scene data to settings ----
2023-5-28 01:35:39-debug: Fill scene data to settings start13%
2023-5-28 01:35:39-debug: run build task Fill scene data to settings success in 0 ms √14%
2023-5-28 01:35:39-debug: // ---- build task Organize assets groups，generate packedAssets and rawAssets data ----
2023-5-28 01:35:39-debug: Organize assets groups，generate packedAssets and rawAssets data start14%
2023-5-28 01:35:39-debug: Process: heapTotal 223.57MB heapUsed 191.20MB rss 534.23MB
2023-5-28 01:35:39-debug: run build task Organize assets groups，generate packedAssets and rawAssets data success in 0 ms √14%
2023-5-28 01:35:39-debug: Generate md5AssetsMap from suffixMap to settings start14%
2023-5-28 01:35:39-debug: // ---- build task Generate md5AssetsMap from suffixMap to settings ----
2023-5-28 01:35:39-debug: Process: heapTotal 223.57MB heapUsed 191.23MB rss 534.23MB
2023-5-28 01:35:39-debug: options.md5Cache is false.
2023-5-28 01:35:39-debug: run build task Generate md5AssetsMap from suffixMap to settings success in 0 ms √15%
2023-5-28 01:35:53-debug: refresh db internal success
2023-5-28 01:35:53-debug: refresh db assets success
2023-5-28 01:35:53-debug: asset-db:worker-effect-data-processing (120ms)
2023-5-28 01:35:53-debug: asset-db:refresh-all-database (150ms)
2023-5-28 01:36:00-debug: Query all assets info in project
2023-5-28 01:36:00-debug: BuildAssetLibrary query-assets with assets 435
2023-5-28 01:36:00-debug: init custom config: keepNodeUuid: false, useCache: true
2023-5-28 01:36:00-debug:   Number of all scripts: 1
2023-5-28 01:36:00-debug:   Number of other assets: 294
2023-5-28 01:36:00-debug:   Number of all scenes: 1
2023-5-28 01:36:00-debug: // ---- build task Query asset bundle ----
2023-5-28 01:36:00-debug: Process: heapTotal 230.45MB heapUsed 200.05MB rss 547.91MB
2023-5-28 01:36:00-debug: Query asset bundle start0%
2023-5-28 01:36:01-debug: // ---- build task Query asset bundle ---- (4ms)
2023-5-28 01:36:01-debug: run build task Query asset bundle success in 4 ms √3%
2023-5-28 01:36:01-debug: Process: heapTotal 230.45MB heapUsed 201.58MB rss 548.38MB
2023-5-28 01:36:01-debug: // ---- build task Query and organize assets ----
2023-5-28 01:36:01-debug: init bundle assets
2023-5-28 01:36:01-debug: Query and organize assets start3%
2023-5-28 01:36:01-debug: Query preload assets from cc.config.json: 60f7195c-ec2a-45eb-ba94-8955f60e81d0,1c02ae6f-4492-4915-b8f8-7492a3b1e4cd,810e96e4-e456-4468-9b59-f4e8f39732c0,efe8e2a3-eace-427b-b4f1-cb8a937ec77d,e9aa9a3e-5b2b-4ac7-a2c7-073de2b2b24f,8bbdbcdd-5cd4-4100-b6d5-b7c9625b6107,50f4348b-c883-4e2f-8f11-ce233b859fa1,fda095cb-831d-4601-ad94-846013963de8,f92806d7-1768-443f-afe8-12bcde84d0f0,dd3a144d-ab7f-41f0-82b8-2e43a090d496,f0416e68-0200-4b77-a926-4f9d16e494da,ff9be190-20a4-4e48-b68c-76e3c7cff085,970b0598-bcb0-4714-91fb-2e81440dccd8,bcd64cc6-2dd9-43f6-abbe-66318d332032,d930590d-bb92-4cc8-8bd1-23cd027f9edf,a3cd009f-0ab0-420d-9278-b9fdab939bbc,9361fd90-ba52-4f84-aa93-6e878fd576ca,c27215d8-6835-4b68-bfbb-bdeac6100c04,b5d6115f-0370-4d7c-aad3-c194cc71cf98,871c3b6c-7379-419d-bda3-794b239ab90d
2023-5-28 01:36:01-debug: Number of scenes: 1
2023-5-28 01:36:01-debug: run build task Query and organize assets success in 3 ms √7%
2023-5-28 01:36:01-debug: // ---- build task Query and organize assets ---- (3ms)
2023-5-28 01:36:01-debug: Process: heapTotal 230.45MB heapUsed 201.70MB rss 549.51MB
2023-5-28 01:36:01-debug: sort script group...
2023-5-28 01:36:01-debug: // ---- build task Organize scripts ----
2023-5-28 01:36:01-debug: Organize scripts start7%
2023-5-28 01:36:01-debug: // ---- build task Organize scripts ---- (1ms)
2023-5-28 01:36:01-debug: run build task Organize scripts success in 1 ms √10%
2023-5-28 01:36:01-debug: Process: heapTotal 230.45MB heapUsed 201.78MB rss 547.61MB
2023-5-28 01:36:01-debug: // ---- build task Init settings and config ----
2023-5-28 01:36:01-debug: Init settings and config start10%
2023-5-28 01:36:01-debug: builder.tasks.settings.macro start11%
2023-5-28 01:36:01-debug: builder.tasks.settings.macro does not defined in i18n
2023-5-28 01:36:01-debug: Process: heapTotal 230.45MB heapUsed 201.81MB rss 547.35MB
2023-5-28 01:36:01-debug: run build task Init settings and config success in 0 ms √11%
2023-5-28 01:36:01-debug: // ---- build task builder.tasks.settings.macro ----
2023-5-28 01:36:01-debug: // ---- build task builder.tasks.settings.macro ---- (1ms)
2023-5-28 01:36:01-debug: run build task builder.tasks.settings.macro success in 1 ms √11%
2023-5-28 01:36:01-debug: // ---- build task Sort some build options to settings.json ----
2023-5-28 01:36:01-debug: Sort some build options to settings.json start11%
2023-5-28 01:36:01-debug: Process: heapTotal 230.45MB heapUsed 201.84MB rss 547.19MB
2023-5-28 01:36:01-debug: // ---- build task Sort some build options to settings.json ---- (1ms)
2023-5-28 01:36:01-debug: run build task Sort some build options to settings.json success in 1 ms √12%
2023-5-28 01:36:01-debug: Process: heapTotal 230.45MB heapUsed 201.91MB rss 547.20MB
2023-5-28 01:36:01-debug: // ---- build task custom joint texture layouts ----
2023-5-28 01:36:01-debug: custom joint texture layouts start12%
2023-5-28 01:36:01-debug: run build task custom joint texture layouts success in 0 ms √12%
2023-5-28 01:36:01-debug: Process: heapTotal 230.45MB heapUsed 201.94MB rss 547.20MB
2023-5-28 01:36:01-debug: custom joint physics start12%
2023-5-28 01:36:01-debug: // ---- build task custom joint physics ----
2023-5-28 01:36:01-debug: Fill script data to settings start13%
2023-5-28 01:36:01-debug: run build task custom joint physics success in 0 ms √13%
2023-5-28 01:36:01-debug: Process: heapTotal 230.45MB heapUsed 201.96MB rss 547.21MB
2023-5-28 01:36:01-debug: // ---- build task Fill script data to settings ----
2023-5-28 01:36:01-debug: run build task Fill script data to settings success in 0 ms √13%
2023-5-28 01:36:01-debug: Fill scene data to settings start13%
2023-5-28 01:36:01-debug: Process: heapTotal 230.45MB heapUsed 201.99MB rss 547.21MB
2023-5-28 01:36:01-debug: // ---- build task Fill scene data to settings ----
2023-5-28 01:36:01-debug: run build task Fill scene data to settings success in 0 ms √14%
2023-5-28 01:36:01-debug: Organize assets groups，generate packedAssets and rawAssets data start14%
2023-5-28 01:36:01-debug: // ---- build task Organize assets groups，generate packedAssets and rawAssets data ----
2023-5-28 01:36:01-debug: Process: heapTotal 230.45MB heapUsed 202.01MB rss 547.23MB
2023-5-28 01:36:01-debug: run build task Organize assets groups，generate packedAssets and rawAssets data success in 0 ms √14%
2023-5-28 01:36:01-debug: // ---- build task Generate md5AssetsMap from suffixMap to settings ----
2023-5-28 01:36:01-debug: options.md5Cache is false.
2023-5-28 01:36:01-debug: Generate md5AssetsMap from suffixMap to settings start14%
2023-5-28 01:36:01-debug: Process: heapTotal 230.45MB heapUsed 202.04MB rss 547.23MB
2023-5-28 01:36:01-debug: run build task Generate md5AssetsMap from suffixMap to settings success in 0 ms √15%
2023-5-28 01:36:35-debug: refresh db internal success
2023-5-28 01:36:36-debug: asset-db:worker-effect-data-processing (149ms)
2023-5-28 01:36:36-debug: refresh db assets success
2023-5-28 01:36:36-debug: asset-db:refresh-all-database (197ms)
2023-5-28 01:38:05-debug: refresh db internal success
2023-5-28 01:38:06-debug: refresh db assets success
2023-5-28 01:38:06-debug: asset-db:worker-effect-data-processing (149ms)
2023-5-28 01:38:06-debug: asset-db:refresh-all-database (182ms)
2023-5-28 01:39:04-debug: refresh db internal success
2023-5-28 01:39:04-debug: refresh db assets success
2023-5-28 01:39:04-debug: asset-db:worker-effect-data-processing (93ms)
2023-5-28 01:39:04-debug: asset-db:refresh-all-database (122ms)
2023-5-28 01:39:45-debug: refresh db internal success
2023-5-28 01:39:45-debug: refresh db assets success
2023-5-28 01:39:45-debug: asset-db:worker-effect-data-processing (161ms)
2023-5-28 01:39:45-debug: asset-db:refresh-all-database (183ms)
2023-5-28 01:40:00-debug: refresh db internal success
2023-5-28 01:40:00-debug: refresh db assets success
2023-5-28 01:40:00-debug: asset-db:worker-effect-data-processing (111ms)
2023-5-28 01:40:00-debug: asset-db:refresh-all-database (143ms)
2023-5-28 01:40:00-debug: Query all assets info in project
2023-5-28 01:40:00-debug: init custom config: keepNodeUuid: false, useCache: true
2023-5-28 01:40:00-debug:   Number of all scenes: 1
2023-5-28 01:40:00-debug: BuildAssetLibrary query-assets with assets 435
2023-5-28 01:40:00-debug:   Number of all scripts: 1
2023-5-28 01:40:00-debug:   Number of other assets: 294
2023-5-28 01:40:00-debug: // ---- build task Query asset bundle ----
2023-5-28 01:40:00-debug: Process: heapTotal 228.64MB heapUsed 203.50MB rss 548.34MB
2023-5-28 01:40:00-debug: Query asset bundle start0%
2023-5-28 01:40:00-debug: // ---- build task Query asset bundle ---- (7ms)
2023-5-28 01:40:00-debug: run build task Query asset bundle success in 7 ms √3%
2023-5-28 01:40:00-debug: Process: heapTotal 226.54MB heapUsed 198.01MB rss 544.75MB
2023-5-28 01:40:00-debug: // ---- build task Query and organize assets ----
2023-5-28 01:40:00-debug: Query and organize assets start3%
2023-5-28 01:40:00-debug: init bundle assets
2023-5-28 01:40:00-debug: Query preload assets from cc.config.json: 60f7195c-ec2a-45eb-ba94-8955f60e81d0,1c02ae6f-4492-4915-b8f8-7492a3b1e4cd,810e96e4-e456-4468-9b59-f4e8f39732c0,efe8e2a3-eace-427b-b4f1-cb8a937ec77d,e9aa9a3e-5b2b-4ac7-a2c7-073de2b2b24f,8bbdbcdd-5cd4-4100-b6d5-b7c9625b6107,50f4348b-c883-4e2f-8f11-ce233b859fa1,fda095cb-831d-4601-ad94-846013963de8,f92806d7-1768-443f-afe8-12bcde84d0f0,dd3a144d-ab7f-41f0-82b8-2e43a090d496,f0416e68-0200-4b77-a926-4f9d16e494da,ff9be190-20a4-4e48-b68c-76e3c7cff085,970b0598-bcb0-4714-91fb-2e81440dccd8,bcd64cc6-2dd9-43f6-abbe-66318d332032,d930590d-bb92-4cc8-8bd1-23cd027f9edf,a3cd009f-0ab0-420d-9278-b9fdab939bbc,9361fd90-ba52-4f84-aa93-6e878fd576ca,c27215d8-6835-4b68-bfbb-bdeac6100c04,b5d6115f-0370-4d7c-aad3-c194cc71cf98,871c3b6c-7379-419d-bda3-794b239ab90d
2023-5-28 01:40:00-debug: Number of scenes: 1
2023-5-28 01:40:00-debug: // ---- build task Query and organize assets ---- (3ms)
2023-5-28 01:40:00-debug: run build task Query and organize assets success in 3 ms √7%
2023-5-28 01:40:00-debug: Organize scripts start7%
2023-5-28 01:40:00-debug: sort script group...
2023-5-28 01:40:00-debug: // ---- build task Organize scripts ----
2023-5-28 01:40:00-debug: Process: heapTotal 226.54MB heapUsed 198.14MB rss 544.72MB
2023-5-28 01:40:00-debug: run build task Organize scripts success in 0 ms √10%
2023-5-28 01:40:00-debug: // ---- build task Init settings and config ----
2023-5-28 01:40:00-debug: Process: heapTotal 226.54MB heapUsed 198.18MB rss 544.72MB
2023-5-28 01:40:00-debug: Init settings and config start10%
2023-5-28 01:40:00-debug: run build task Init settings and config success in 0 ms √11%
2023-5-28 01:40:00-debug: builder.tasks.settings.macro start11%
2023-5-28 01:40:00-debug: builder.tasks.settings.macro does not defined in i18n
2023-5-28 01:40:00-debug: // ---- build task builder.tasks.settings.macro ----
2023-5-28 01:40:00-debug: Process: heapTotal 226.54MB heapUsed 198.21MB rss 544.72MB
2023-5-28 01:40:00-debug: run build task builder.tasks.settings.macro success in 0 ms √11%
2023-5-28 01:40:00-debug: // ---- build task Sort some build options to settings.json ----
2023-5-28 01:40:00-debug: Process: heapTotal 226.54MB heapUsed 198.24MB rss 544.72MB
2023-5-28 01:40:00-debug: Sort some build options to settings.json start11%
2023-5-28 01:40:00-debug: // ---- build task Sort some build options to settings.json ---- (2ms)
2023-5-28 01:40:00-debug: run build task Sort some build options to settings.json success in 2 ms √12%
2023-5-28 01:40:00-debug: Process: heapTotal 226.54MB heapUsed 198.32MB rss 544.75MB
2023-5-28 01:40:00-debug: custom joint texture layouts start12%
2023-5-28 01:40:00-debug: // ---- build task custom joint texture layouts ----
2023-5-28 01:40:00-debug: // ---- build task custom joint texture layouts ---- (1ms)
2023-5-28 01:40:00-debug: run build task custom joint texture layouts success in 1 ms √12%
2023-5-28 01:40:00-debug: // ---- build task custom joint physics ----
2023-5-28 01:40:00-debug: Process: heapTotal 226.54MB heapUsed 198.35MB rss 544.75MB
2023-5-28 01:40:00-debug: custom joint physics start12%
2023-5-28 01:40:00-debug: // ---- build task custom joint physics ---- (1ms)
2023-5-28 01:40:00-debug: run build task custom joint physics success in 1 ms √13%
2023-5-28 01:40:00-debug: Fill script data to settings start13%
2023-5-28 01:40:00-debug: // ---- build task Fill script data to settings ----
2023-5-28 01:40:00-debug: Process: heapTotal 226.54MB heapUsed 198.39MB rss 544.76MB
2023-5-28 01:40:00-debug: // ---- build task Fill script data to settings ---- (1ms)
2023-5-28 01:40:00-debug: run build task Fill script data to settings success in 1 ms √13%
2023-5-28 01:40:00-debug: // ---- build task Fill scene data to settings ----
2023-5-28 01:40:00-debug: Process: heapTotal 226.54MB heapUsed 198.42MB rss 544.76MB
2023-5-28 01:40:00-debug: Fill scene data to settings start13%
2023-5-28 01:40:00-debug: // ---- build task Fill scene data to settings ---- (1ms)
2023-5-28 01:40:00-debug: // ---- build task Organize assets groups，generate packedAssets and rawAssets data ----
2023-5-28 01:40:00-debug: run build task Fill scene data to settings success in 1 ms √14%
2023-5-28 01:40:00-debug: Organize assets groups，generate packedAssets and rawAssets data start14%
2023-5-28 01:40:00-debug: Process: heapTotal 226.54MB heapUsed 198.45MB rss 544.77MB
2023-5-28 01:40:00-debug: run build task Organize assets groups，generate packedAssets and rawAssets data success in 0 ms √14%
2023-5-28 01:40:00-debug: Generate md5AssetsMap from suffixMap to settings start14%
2023-5-28 01:40:00-debug: // ---- build task Generate md5AssetsMap from suffixMap to settings ----
2023-5-28 01:40:00-debug: Process: heapTotal 226.54MB heapUsed 198.48MB rss 544.77MB
2023-5-28 01:40:00-debug: options.md5Cache is false.
2023-5-28 01:40:00-debug: run build task Generate md5AssetsMap from suffixMap to settings success in 0 ms √15%
2023-5-28 01:40:07-debug: refresh db internal success
2023-5-28 01:40:07-debug: refresh db assets success
2023-5-28 01:40:07-debug: asset-db:worker-effect-data-processing (128ms)
2023-5-28 01:40:07-debug: asset-db:refresh-all-database (151ms)
2023-5-28 01:40:11-debug: start refresh asset from D:\Cocosworkspace\2048\assets\scenes\game.scene...
2023-5-28 01:40:11-debug: %cImport%c: D:\Cocosworkspace\2048\assets\scenes\game.scenebackground: #aaff85; color: #000;color: #000;
2023-5-28 01:40:11-debug: refresh asset D:\Cocosworkspace\2048\assets\scenes success
2023-5-28 01:40:11-debug: Query all assets info in project
2023-5-28 01:40:11-debug: init custom config: keepNodeUuid: false, useCache: true
2023-5-28 01:40:11-debug:   Number of all scripts: 1
2023-5-28 01:40:11-debug: BuildAssetLibrary query-assets with assets 435
2023-5-28 01:40:11-debug:   Number of other assets: 294
2023-5-28 01:40:11-debug: Query asset bundle start0%
2023-5-28 01:40:11-debug: Process: heapTotal 224.18MB heapUsed 192.66MB rss 538.00MB
2023-5-28 01:40:11-debug: // ---- build task Query asset bundle ----
2023-5-28 01:40:11-debug:   Number of all scenes: 1
2023-5-28 01:40:11-debug: run build task Query asset bundle success in 10 ms √3%
2023-5-28 01:40:11-debug: // ---- build task Query asset bundle ---- (10ms)
2023-5-28 01:40:11-debug: Process: heapTotal 224.18MB heapUsed 194.23MB rss 542.01MB
2023-5-28 01:40:11-debug: Query and organize assets start3%
2023-5-28 01:40:11-debug: // ---- build task Query and organize assets ----
2023-5-28 01:40:11-debug: init bundle assets
2023-5-28 01:40:11-debug: Query preload assets from cc.config.json: 60f7195c-ec2a-45eb-ba94-8955f60e81d0,1c02ae6f-4492-4915-b8f8-7492a3b1e4cd,810e96e4-e456-4468-9b59-f4e8f39732c0,efe8e2a3-eace-427b-b4f1-cb8a937ec77d,e9aa9a3e-5b2b-4ac7-a2c7-073de2b2b24f,8bbdbcdd-5cd4-4100-b6d5-b7c9625b6107,50f4348b-c883-4e2f-8f11-ce233b859fa1,fda095cb-831d-4601-ad94-846013963de8,f92806d7-1768-443f-afe8-12bcde84d0f0,dd3a144d-ab7f-41f0-82b8-2e43a090d496,f0416e68-0200-4b77-a926-4f9d16e494da,ff9be190-20a4-4e48-b68c-76e3c7cff085,970b0598-bcb0-4714-91fb-2e81440dccd8,bcd64cc6-2dd9-43f6-abbe-66318d332032,d930590d-bb92-4cc8-8bd1-23cd027f9edf,a3cd009f-0ab0-420d-9278-b9fdab939bbc,9361fd90-ba52-4f84-aa93-6e878fd576ca,c27215d8-6835-4b68-bfbb-bdeac6100c04,b5d6115f-0370-4d7c-aad3-c194cc71cf98,871c3b6c-7379-419d-bda3-794b239ab90d
2023-5-28 01:40:11-debug: Number of scenes: 1
2023-5-28 01:40:11-debug: // ---- build task Query and organize assets ---- (2ms)
2023-5-28 01:40:11-debug: run build task Query and organize assets success in 2 ms √7%
2023-5-28 01:40:11-debug: Organize scripts start7%
2023-5-28 01:40:11-debug: // ---- build task Organize scripts ----
2023-5-28 01:40:11-debug: Process: heapTotal 224.18MB heapUsed 194.36MB rss 542.05MB
2023-5-28 01:40:11-debug: sort script group...
2023-5-28 01:40:11-debug: run build task Organize scripts success in 0 ms √10%
2023-5-28 01:40:11-debug: Process: heapTotal 224.18MB heapUsed 194.39MB rss 542.07MB
2023-5-28 01:40:11-debug: // ---- build task Init settings and config ----
2023-5-28 01:40:11-debug: Init settings and config start10%
2023-5-28 01:40:11-debug: run build task Init settings and config success in 0 ms √11%
2023-5-28 01:40:11-debug: builder.tasks.settings.macro does not defined in i18n
2023-5-28 01:40:11-debug: Process: heapTotal 224.18MB heapUsed 194.42MB rss 541.36MB
2023-5-28 01:40:11-debug: builder.tasks.settings.macro start11%
2023-5-28 01:40:11-debug: // ---- build task builder.tasks.settings.macro ----
2023-5-28 01:40:11-debug: // ---- build task builder.tasks.settings.macro ---- (2ms)
2023-5-28 01:40:11-debug: run build task builder.tasks.settings.macro success in 2 ms √11%
2023-5-28 01:40:11-debug: Sort some build options to settings.json start11%
2023-5-28 01:40:11-debug: // ---- build task Sort some build options to settings.json ----
2023-5-28 01:40:11-debug: Process: heapTotal 224.18MB heapUsed 194.45MB rss 542.57MB
2023-5-28 01:40:11-debug: // ---- build task Sort some build options to settings.json ---- (3ms)
2023-5-28 01:40:11-debug: run build task Sort some build options to settings.json success in 3 ms √12%
2023-5-28 01:40:11-debug: custom joint texture layouts start12%
2023-5-28 01:40:11-debug: Process: heapTotal 224.18MB heapUsed 194.72MB rss 540.36MB
2023-5-28 01:40:11-debug: // ---- build task custom joint texture layouts ----
2023-5-28 01:40:11-debug: run build task custom joint texture layouts success in 0 ms √12%
2023-5-28 01:40:11-debug: // ---- build task custom joint physics ----
2023-5-28 01:40:11-debug: Process: heapTotal 224.18MB heapUsed 194.75MB rss 540.23MB
2023-5-28 01:40:11-debug: custom joint physics start12%
2023-5-28 01:40:11-debug: run build task custom joint physics success in 0 ms √13%
2023-5-28 01:40:11-debug: // ---- build task Fill script data to settings ----
2023-5-28 01:40:11-debug: Process: heapTotal 224.18MB heapUsed 194.77MB rss 540.11MB
2023-5-28 01:40:11-debug: Fill script data to settings start13%
2023-5-28 01:40:11-debug: // ---- build task Fill script data to settings ---- (1ms)
2023-5-28 01:40:11-debug: run build task Fill script data to settings success in 1 ms √13%
2023-5-28 01:40:11-debug: // ---- build task Fill scene data to settings ----
2023-5-28 01:40:11-debug: Process: heapTotal 224.18MB heapUsed 194.80MB rss 540.04MB
2023-5-28 01:40:11-debug: Fill scene data to settings start13%
2023-5-28 01:40:11-debug: Organize assets groups，generate packedAssets and rawAssets data start14%
2023-5-28 01:40:11-debug: // ---- build task Organize assets groups，generate packedAssets and rawAssets data ----
2023-5-28 01:40:11-debug: Process: heapTotal 224.18MB heapUsed 194.82MB rss 540.07MB
2023-5-28 01:40:11-debug: run build task Fill scene data to settings success in 0 ms √14%
2023-5-28 01:40:11-debug: // ---- build task Organize assets groups，generate packedAssets and rawAssets data ---- (1ms)
2023-5-28 01:40:11-debug: run build task Organize assets groups，generate packedAssets and rawAssets data success in 1 ms √14%
2023-5-28 01:40:11-debug: Generate md5AssetsMap from suffixMap to settings start14%
2023-5-28 01:40:11-debug: Process: heapTotal 224.18MB heapUsed 194.87MB rss 540.11MB
2023-5-28 01:40:11-debug: // ---- build task Generate md5AssetsMap from suffixMap to settings ----
2023-5-28 01:40:11-debug: options.md5Cache is false.
2023-5-28 01:40:11-debug: run build task Generate md5AssetsMap from suffixMap to settings success in 0 ms √15%
2023-5-28 01:41:34-debug: refresh db internal success
