2023-6-11 15:30:02-debug: asset-db:worker-init (2490ms)
2023-6-11 15:30:02-debug: Preimport db internal success
2023-6-11 15:30:02-debug: Preimport db assets success
2023-6-11 15:30:03-debug: asset-db:worker-effect-data-processing (846ms)
2023-6-11 15:30:07-debug: Set detail map pack:///resolution-detail-map.json: {}
2023-6-11 15:30:07-debug: Start up the 'internal' database...
2023-6-11 15:30:08-debug: asset-db:worker-init-script (21ms)
2023-6-11 15:30:08-debug: start asset-db with asset: 409
2023-6-11 15:30:08-debug: Start up the 'assets' database...
2023-6-11 15:30:08-debug: start asset-db with asset: 8
2023-6-11 15:30:08-debug: asset-db:worker-startup-database[internal] (6650ms)
2023-6-11 15:30:08-debug: Asset DB is ready!
2023-6-11 15:30:08-debug: asset-db:worker-startup-database[assets] (5654ms)
2023-6-11 15:30:08-debug: init worker message success
2023-6-11 15:30:10-debug: programming:execute-script (1ms)
2023-6-11 15:30:10-debug: builder:worker-init (2167ms)
2023-6-11 15:30:14-debug: programming:execute-script (2ms)
2023-6-11 15:52:25-debug: refresh db internal success
2023-6-11 15:52:25-debug: %cImport%c: D:\Cocosworkspace\Cocos_2048\assets\scripts\Game.tsbackground: #aaff85; color: #000;color: #000;
2023-6-11 15:52:25-debug: asset-db:worker-effect-data-processing (144ms)
2023-6-11 15:52:25-debug: refresh db assets success
2023-6-11 15:52:25-debug: asset-db:refresh-all-database (194ms)
2023-6-11 15:52:27-debug: Query all assets info in project
2023-6-11 15:52:27-debug: BuildAssetLibrary query-assets with assets 439
2023-6-11 15:52:27-debug: init custom config: keepNodeUuid: false, useCache: true
2023-6-11 15:52:27-debug:   Number of all scenes: 1
2023-6-11 15:52:27-debug:   Number of all scripts: 4
2023-6-11 15:52:27-debug:   Number of other assets: 295
2023-6-11 15:52:27-debug: Query asset bundle start0%
2023-6-11 15:52:27-debug: // ---- build task Query asset bundle ----
2023-6-11 15:52:27-debug: Process: heapTotal 225.22MB heapUsed 196.07MB rss 540.42MB
2023-6-11 15:52:27-debug: // ---- build task Query asset bundle ---- (7ms)
2023-6-11 15:52:27-debug: run build task Query asset bundle success in 7 ms √3%
2023-6-11 15:52:27-debug: Process: heapTotal 225.22MB heapUsed 197.65MB rss 541.73MB
2023-6-11 15:52:27-debug: Query and organize assets start3%
2023-6-11 15:52:27-debug: // ---- build task Query and organize assets ----
2023-6-11 15:52:27-debug: init bundle assets
2023-6-11 15:52:27-debug: Query preload assets from cc.config.json: 60f7195c-ec2a-45eb-ba94-8955f60e81d0,1c02ae6f-4492-4915-b8f8-7492a3b1e4cd,810e96e4-e456-4468-9b59-f4e8f39732c0,efe8e2a3-eace-427b-b4f1-cb8a937ec77d,e9aa9a3e-5b2b-4ac7-a2c7-073de2b2b24f,8bbdbcdd-5cd4-4100-b6d5-b7c9625b6107,50f4348b-c883-4e2f-8f11-ce233b859fa1,fda095cb-831d-4601-ad94-846013963de8,f92806d7-1768-443f-afe8-12bcde84d0f0,dd3a144d-ab7f-41f0-82b8-2e43a090d496,f0416e68-0200-4b77-a926-4f9d16e494da,ff9be190-20a4-4e48-b68c-76e3c7cff085,970b0598-bcb0-4714-91fb-2e81440dccd8,bcd64cc6-2dd9-43f6-abbe-66318d332032,d930590d-bb92-4cc8-8bd1-23cd027f9edf,a3cd009f-0ab0-420d-9278-b9fdab939bbc,9361fd90-ba52-4f84-aa93-6e878fd576ca,c27215d8-6835-4b68-bfbb-bdeac6100c04,b5d6115f-0370-4d7c-aad3-c194cc71cf98,871c3b6c-7379-419d-bda3-794b239ab90d
2023-6-11 15:52:27-debug: Number of scenes: 1
2023-6-11 15:52:27-debug: // ---- build task Query and organize assets ---- (3ms)
2023-6-11 15:52:27-debug: run build task Query and organize assets success in 3 ms √7%
2023-6-11 15:52:27-debug: Organize scripts start7%
2023-6-11 15:52:27-debug: Process: heapTotal 225.22MB heapUsed 197.80MB rss 542.23MB
2023-6-11 15:52:27-debug: // ---- build task Organize scripts ----
2023-6-11 15:52:27-debug: sort script group...
2023-6-11 15:52:27-debug: // ---- build task Organize scripts ---- (1ms)
2023-6-11 15:52:27-debug: run build task Organize scripts success in 1 ms √10%
2023-6-11 15:52:27-debug: Process: heapTotal 225.22MB heapUsed 197.84MB rss 542.89MB
2023-6-11 15:52:27-debug: // ---- build task Init settings and config ----
2023-6-11 15:52:27-debug: Init settings and config start10%
2023-6-11 15:52:27-debug: run build task Init settings and config success in 0 ms √11%
2023-6-11 15:52:27-debug: // ---- build task builder.tasks.settings.macro ----
2023-6-11 15:52:27-debug: builder.tasks.settings.macro does not defined in i18n
2023-6-11 15:52:27-debug: Process: heapTotal 225.22MB heapUsed 197.87MB rss 542.72MB
2023-6-11 15:52:27-debug: builder.tasks.settings.macro start11%
2023-6-11 15:52:27-debug: // ---- build task builder.tasks.settings.macro ---- (2ms)
2023-6-11 15:52:27-debug: run build task builder.tasks.settings.macro success in 2 ms √11%
2023-6-11 15:52:27-debug: Process: heapTotal 225.22MB heapUsed 197.90MB rss 543.01MB
2023-6-11 15:52:27-debug: // ---- build task Sort some build options to settings.json ----
2023-6-11 15:52:27-debug: Sort some build options to settings.json start11%
2023-6-11 15:52:27-debug: // ---- build task Sort some build options to settings.json ---- (217ms)
2023-6-11 15:52:27-debug: run build task Sort some build options to settings.json success in 217 ms √12%
2023-6-11 15:52:27-debug: custom joint texture layouts start12%
2023-6-11 15:52:27-debug: // ---- build task custom joint texture layouts ----
2023-6-11 15:52:27-debug: Process: heapTotal 225.72MB heapUsed 198.44MB rss 540.79MB
2023-6-11 15:52:27-debug: // ---- build task custom joint texture layouts ---- (1ms)
2023-6-11 15:52:27-debug: run build task custom joint texture layouts success in 1 ms √12%
2023-6-11 15:52:27-debug: // ---- build task custom joint physics ----
2023-6-11 15:52:27-debug: Process: heapTotal 225.72MB heapUsed 198.47MB rss 540.70MB
2023-6-11 15:52:27-debug: custom joint physics start12%
2023-6-11 15:52:27-debug: // ---- build task custom joint physics ---- (1ms)
2023-6-11 15:52:27-debug: run build task custom joint physics success in 1 ms √13%
2023-6-11 15:52:27-debug: Fill script data to settings start13%
2023-6-11 15:52:27-debug: Process: heapTotal 225.72MB heapUsed 198.50MB rss 540.77MB
2023-6-11 15:52:27-debug: // ---- build task Fill script data to settings ----
2023-6-11 15:52:27-debug: run build task Fill script data to settings success in 0 ms √13%
2023-6-11 15:52:27-debug: Fill scene data to settings start13%
2023-6-11 15:52:27-debug: Process: heapTotal 225.72MB heapUsed 198.53MB rss 540.77MB
2023-6-11 15:52:27-debug: // ---- build task Fill scene data to settings ----
2023-6-11 15:52:27-debug: run build task Fill scene data to settings success in 0 ms √14%
2023-6-11 15:52:27-debug: Organize assets groups，generate packedAssets and rawAssets data start14%
2023-6-11 15:52:27-debug: Process: heapTotal 225.72MB heapUsed 198.56MB rss 540.78MB
2023-6-11 15:52:27-debug: // ---- build task Organize assets groups，generate packedAssets and rawAssets data ----
2023-6-11 15:52:27-debug: run build task Organize assets groups，generate packedAssets and rawAssets data success in 0 ms √14%
2023-6-11 15:52:27-debug: Process: heapTotal 225.72MB heapUsed 198.59MB rss 540.79MB
2023-6-11 15:52:27-debug: // ---- build task Generate md5AssetsMap from suffixMap to settings ----
2023-6-11 15:52:27-debug: options.md5Cache is false.
2023-6-11 15:52:27-debug: Generate md5AssetsMap from suffixMap to settings start14%
2023-6-11 15:52:27-debug: // ---- build task Generate md5AssetsMap from suffixMap to settings ---- (1ms)
2023-6-11 15:52:27-debug: run build task Generate md5AssetsMap from suffixMap to settings success in 1 ms √15%
2023-6-11 15:53:23-debug: Query all assets info in project
2023-6-11 15:53:23-debug: BuildAssetLibrary query-assets with assets 439
2023-6-11 15:53:23-debug: init custom config: keepNodeUuid: false, useCache: true
2023-6-11 15:53:23-debug:   Number of other assets: 295
2023-6-11 15:53:23-debug:   Number of all scripts: 4
2023-6-11 15:53:23-debug: // ---- build task Query asset bundle ----
2023-6-11 15:53:23-debug:   Number of all scenes: 1
2023-6-11 15:53:23-debug: Process: heapTotal 215.22MB heapUsed 195.44MB rss 530.99MB
2023-6-11 15:53:23-debug: Query asset bundle start0%
2023-6-11 15:53:23-debug: // ---- build task Query asset bundle ---- (7ms)
2023-6-11 15:53:23-debug: run build task Query asset bundle success in 7 ms √3%
2023-6-11 15:53:23-debug: Process: heapTotal 215.22MB heapUsed 195.59MB rss 530.57MB
2023-6-11 15:53:23-debug: Query and organize assets start3%
2023-6-11 15:53:23-debug: // ---- build task Query and organize assets ----
2023-6-11 15:53:23-debug: init bundle assets
2023-6-11 15:53:23-debug: Query preload assets from cc.config.json: 60f7195c-ec2a-45eb-ba94-8955f60e81d0,1c02ae6f-4492-4915-b8f8-7492a3b1e4cd,810e96e4-e456-4468-9b59-f4e8f39732c0,efe8e2a3-eace-427b-b4f1-cb8a937ec77d,e9aa9a3e-5b2b-4ac7-a2c7-073de2b2b24f,8bbdbcdd-5cd4-4100-b6d5-b7c9625b6107,50f4348b-c883-4e2f-8f11-ce233b859fa1,fda095cb-831d-4601-ad94-846013963de8,f92806d7-1768-443f-afe8-12bcde84d0f0,dd3a144d-ab7f-41f0-82b8-2e43a090d496,f0416e68-0200-4b77-a926-4f9d16e494da,ff9be190-20a4-4e48-b68c-76e3c7cff085,970b0598-bcb0-4714-91fb-2e81440dccd8,bcd64cc6-2dd9-43f6-abbe-66318d332032,d930590d-bb92-4cc8-8bd1-23cd027f9edf,a3cd009f-0ab0-420d-9278-b9fdab939bbc,9361fd90-ba52-4f84-aa93-6e878fd576ca,c27215d8-6835-4b68-bfbb-bdeac6100c04,b5d6115f-0370-4d7c-aad3-c194cc71cf98,871c3b6c-7379-419d-bda3-794b239ab90d
2023-6-11 15:53:23-debug: Number of scenes: 1
2023-6-11 15:53:23-debug: // ---- build task Query and organize assets ---- (3ms)
2023-6-11 15:53:23-debug: run build task Query and organize assets success in 3 ms √7%
2023-6-11 15:53:23-debug: Organize scripts start7%
2023-6-11 15:53:23-debug: // ---- build task Organize scripts ----
2023-6-11 15:53:23-debug: Process: heapTotal 215.22MB heapUsed 195.71MB rss 530.71MB
2023-6-11 15:53:23-debug: sort script group...
2023-6-11 15:53:23-debug: // ---- build task Organize scripts ---- (1ms)
2023-6-11 15:53:23-debug: run build task Organize scripts success in 1 ms √10%
2023-6-11 15:53:23-debug: Init settings and config start10%
2023-6-11 15:53:23-debug: Process: heapTotal 215.22MB heapUsed 195.74MB rss 530.75MB
2023-6-11 15:53:23-debug: // ---- build task Init settings and config ----
2023-6-11 15:53:23-debug: run build task Init settings and config success in 0 ms √11%
2023-6-11 15:53:23-debug: builder.tasks.settings.macro does not defined in i18n
2023-6-11 15:53:23-debug: builder.tasks.settings.macro start11%
2023-6-11 15:53:23-debug: // ---- build task builder.tasks.settings.macro ----
2023-6-11 15:53:23-debug: Process: heapTotal 215.22MB heapUsed 195.78MB rss 530.77MB
2023-6-11 15:53:23-debug: // ---- build task builder.tasks.settings.macro ---- (1ms)
2023-6-11 15:53:23-debug: run build task builder.tasks.settings.macro success in 1 ms √11%
2023-6-11 15:53:23-debug: Process: heapTotal 215.22MB heapUsed 195.81MB rss 530.82MB
2023-6-11 15:53:23-debug: // ---- build task Sort some build options to settings.json ----
2023-6-11 15:53:23-debug: Sort some build options to settings.json start11%
2023-6-11 15:53:23-debug: run build task Sort some build options to settings.json success in 2 ms √12%
2023-6-11 15:53:23-debug: custom joint texture layouts start12%
2023-6-11 15:53:23-debug: // ---- build task custom joint texture layouts ----
2023-6-11 15:53:23-debug: // ---- build task Sort some build options to settings.json ---- (2ms)
2023-6-11 15:53:23-debug: Process: heapTotal 215.22MB heapUsed 195.89MB rss 530.90MB
2023-6-11 15:53:23-debug: // ---- build task custom joint texture layouts ---- (2ms)
2023-6-11 15:53:23-debug: run build task custom joint texture layouts success in 2 ms √12%
2023-6-11 15:53:23-debug: custom joint physics start12%
2023-6-11 15:53:23-debug: // ---- build task custom joint physics ----
2023-6-11 15:53:23-debug: Process: heapTotal 215.22MB heapUsed 195.92MB rss 530.93MB
2023-6-11 15:53:23-debug: // ---- build task custom joint physics ---- (1ms)
2023-6-11 15:53:23-debug: run build task custom joint physics success in 1 ms √13%
2023-6-11 15:53:23-debug: // ---- build task Fill script data to settings ----
2023-6-11 15:53:23-debug: Process: heapTotal 215.22MB heapUsed 195.95MB rss 530.96MB
2023-6-11 15:53:23-debug: Fill script data to settings start13%
2023-6-11 15:53:23-debug: run build task Fill script data to settings success in 0 ms √13%
2023-6-11 15:53:23-debug: // ---- build task Fill scene data to settings ----
2023-6-11 15:53:23-debug: Process: heapTotal 215.22MB heapUsed 195.97MB rss 530.99MB
2023-6-11 15:53:23-debug: Fill scene data to settings start13%
2023-6-11 15:53:23-debug: run build task Fill scene data to settings success in 0 ms √14%
2023-6-11 15:53:23-debug: Organize assets groups，generate packedAssets and rawAssets data start14%
2023-6-11 15:53:23-debug: // ---- build task Organize assets groups，generate packedAssets and rawAssets data ----
2023-6-11 15:53:23-debug: Process: heapTotal 215.22MB heapUsed 196.00MB rss 531.02MB
2023-6-11 15:53:23-debug: // ---- build task Organize assets groups，generate packedAssets and rawAssets data ---- (1ms)
2023-6-11 15:53:23-debug: run build task Organize assets groups，generate packedAssets and rawAssets data success in 1 ms √14%
2023-6-11 15:53:23-debug: Generate md5AssetsMap from suffixMap to settings start14%
2023-6-11 15:53:23-debug: // ---- build task Generate md5AssetsMap from suffixMap to settings ----
2023-6-11 15:53:23-debug: Process: heapTotal 215.22MB heapUsed 195.31MB rss 530.05MB
2023-6-11 15:53:23-debug: options.md5Cache is false.
2023-6-11 15:53:23-debug: run build task Generate md5AssetsMap from suffixMap to settings success in 0 ms √15%
2023-6-11 15:53:45-debug: Query all assets info in project
2023-6-11 15:53:45-debug: BuildAssetLibrary query-assets with assets 439
2023-6-11 15:53:45-debug: init custom config: keepNodeUuid: false, useCache: true
2023-6-11 15:53:45-debug:   Number of all scenes: 1
2023-6-11 15:53:45-debug:   Number of all scripts: 4
2023-6-11 15:53:45-debug: Query asset bundle start0%
2023-6-11 15:53:45-debug:   Number of other assets: 295
2023-6-11 15:53:45-debug: // ---- build task Query asset bundle ----
2023-6-11 15:53:45-debug: Process: heapTotal 215.22MB heapUsed 195.71MB rss 530.25MB
2023-6-11 15:53:45-debug: // ---- build task Query asset bundle ---- (6ms)
2023-6-11 15:53:45-debug: run build task Query asset bundle success in 6 ms √3%
2023-6-11 15:53:45-debug: // ---- build task Query and organize assets ----
2023-6-11 15:53:45-debug: Process: heapTotal 215.22MB heapUsed 195.80MB rss 530.37MB
2023-6-11 15:53:45-debug: Query and organize assets start3%
2023-6-11 15:53:45-debug: init bundle assets
2023-6-11 15:53:45-debug: Query preload assets from cc.config.json: 60f7195c-ec2a-45eb-ba94-8955f60e81d0,1c02ae6f-4492-4915-b8f8-7492a3b1e4cd,810e96e4-e456-4468-9b59-f4e8f39732c0,efe8e2a3-eace-427b-b4f1-cb8a937ec77d,e9aa9a3e-5b2b-4ac7-a2c7-073de2b2b24f,8bbdbcdd-5cd4-4100-b6d5-b7c9625b6107,50f4348b-c883-4e2f-8f11-ce233b859fa1,fda095cb-831d-4601-ad94-846013963de8,f92806d7-1768-443f-afe8-12bcde84d0f0,dd3a144d-ab7f-41f0-82b8-2e43a090d496,f0416e68-0200-4b77-a926-4f9d16e494da,ff9be190-20a4-4e48-b68c-76e3c7cff085,970b0598-bcb0-4714-91fb-2e81440dccd8,bcd64cc6-2dd9-43f6-abbe-66318d332032,d930590d-bb92-4cc8-8bd1-23cd027f9edf,a3cd009f-0ab0-420d-9278-b9fdab939bbc,9361fd90-ba52-4f84-aa93-6e878fd576ca,c27215d8-6835-4b68-bfbb-bdeac6100c04,b5d6115f-0370-4d7c-aad3-c194cc71cf98,871c3b6c-7379-419d-bda3-794b239ab90d
2023-6-11 15:53:45-debug: Number of scenes: 1
2023-6-11 15:53:45-debug: // ---- build task Query and organize assets ---- (2ms)
2023-6-11 15:53:45-debug: run build task Query and organize assets success in 2 ms √7%
2023-6-11 15:53:45-debug: Organize scripts start7%
2023-6-11 15:53:45-debug: Process: heapTotal 215.22MB heapUsed 195.92MB rss 530.50MB
2023-6-11 15:53:45-debug: // ---- build task Organize scripts ----
2023-6-11 15:53:45-debug: sort script group...
2023-6-11 15:53:45-debug: // ---- build task Organize scripts ---- (1ms)
2023-6-11 15:53:45-debug: run build task Organize scripts success in 1 ms √10%
2023-6-11 15:53:45-debug: Process: heapTotal 215.22MB heapUsed 195.96MB rss 530.54MB
2023-6-11 15:53:45-debug: Init settings and config start10%
2023-6-11 15:53:45-debug: // ---- build task Init settings and config ----
2023-6-11 15:53:45-debug: run build task Init settings and config success in 1 ms √11%
2023-6-11 15:53:45-debug: // ---- build task Init settings and config ---- (1ms)
2023-6-11 15:53:45-debug: // ---- build task builder.tasks.settings.macro ----
2023-6-11 15:53:45-debug: builder.tasks.settings.macro does not defined in i18n
2023-6-11 15:53:45-debug: Process: heapTotal 215.22MB heapUsed 195.99MB rss 530.58MB
2023-6-11 15:53:45-debug: builder.tasks.settings.macro start11%
2023-6-11 15:53:45-debug: // ---- build task builder.tasks.settings.macro ---- (1ms)
2023-6-11 15:53:45-debug: run build task builder.tasks.settings.macro success in 1 ms √11%
2023-6-11 15:53:45-debug: // ---- build task Sort some build options to settings.json ----
2023-6-11 15:53:45-debug: Sort some build options to settings.json start11%
2023-6-11 15:53:45-debug: Process: heapTotal 215.22MB heapUsed 196.03MB rss 530.61MB
2023-6-11 15:53:45-debug: // ---- build task Sort some build options to settings.json ---- (3ms)
2023-6-11 15:53:45-debug: run build task Sort some build options to settings.json success in 3 ms √12%
2023-6-11 15:53:45-debug: // ---- build task custom joint texture layouts ----
2023-6-11 15:53:45-debug: Process: heapTotal 215.22MB heapUsed 196.10MB rss 530.70MB
2023-6-11 15:53:45-debug: custom joint texture layouts start12%
2023-6-11 15:53:45-debug: // ---- build task custom joint texture layouts ---- (2ms)
2023-6-11 15:53:45-debug: run build task custom joint texture layouts success in 2 ms √12%
2023-6-11 15:53:45-debug: // ---- build task custom joint physics ----
2023-6-11 15:53:45-debug: Process: heapTotal 215.22MB heapUsed 196.13MB rss 530.73MB
2023-6-11 15:53:45-debug: custom joint physics start12%
2023-6-11 15:53:45-debug: run build task custom joint physics success in 0 ms √13%
2023-6-11 15:53:45-debug: Fill script data to settings start13%
2023-6-11 15:53:45-debug: // ---- build task Fill script data to settings ----
2023-6-11 15:53:45-debug: Process: heapTotal 215.22MB heapUsed 196.16MB rss 530.75MB
2023-6-11 15:53:45-debug: // ---- build task Fill script data to settings ---- (1ms)
2023-6-11 15:53:45-debug: run build task Fill script data to settings success in 1 ms √13%
2023-6-11 15:53:45-debug: Process: heapTotal 215.22MB heapUsed 196.19MB rss 530.79MB
2023-6-11 15:53:45-debug: // ---- build task Fill scene data to settings ----
2023-6-11 15:53:45-debug: Fill scene data to settings start13%
2023-6-11 15:53:45-debug: // ---- build task Fill scene data to settings ---- (1ms)
2023-6-11 15:53:45-debug: run build task Fill scene data to settings success in 1 ms √14%
2023-6-11 15:53:45-debug: Process: heapTotal 215.22MB heapUsed 196.22MB rss 530.83MB
2023-6-11 15:53:45-debug: // ---- build task Organize assets groups，generate packedAssets and rawAssets data ----
2023-6-11 15:53:45-debug: Organize assets groups，generate packedAssets and rawAssets data start14%
2023-6-11 15:53:45-debug: run build task Organize assets groups，generate packedAssets and rawAssets data success in 0 ms √14%
2023-6-11 15:53:45-debug: Generate md5AssetsMap from suffixMap to settings start14%
2023-6-11 15:53:45-debug: // ---- build task Generate md5AssetsMap from suffixMap to settings ----
2023-6-11 15:53:45-debug: Process: heapTotal 215.22MB heapUsed 196.25MB rss 530.86MB
2023-6-11 15:53:45-debug: options.md5Cache is false.
2023-6-11 15:53:45-debug: // ---- build task Generate md5AssetsMap from suffixMap to settings ---- (1ms)
2023-6-11 15:53:45-debug: run build task Generate md5AssetsMap from suffixMap to settings success in 1 ms √15%
2023-6-11 15:53:56-debug: refresh db internal success
2023-6-11 15:53:56-debug: %cImport%c: D:\Cocosworkspace\Cocos_2048\assets\scripts\Game.tsbackground: #aaff85; color: #000;color: #000;
2023-6-11 15:53:56-debug: asset-db:worker-effect-data-processing (141ms)
2023-6-11 15:53:56-debug: refresh db assets success
2023-6-11 15:53:56-debug: asset-db:refresh-all-database (182ms)
2023-6-11 15:53:57-debug: Query all assets info in project
2023-6-11 15:53:57-debug: BuildAssetLibrary query-assets with assets 439
2023-6-11 15:53:57-debug: init custom config: keepNodeUuid: false, useCache: true
2023-6-11 15:53:57-debug:   Number of other assets: 295
2023-6-11 15:53:57-debug:   Number of all scenes: 1
2023-6-11 15:53:57-debug: // ---- build task Query asset bundle ----
2023-6-11 15:53:57-debug: Query asset bundle start0%
2023-6-11 15:53:57-debug: Process: heapTotal 227.02MB heapUsed 192.32MB rss 538.91MB
2023-6-11 15:53:57-debug:   Number of all scripts: 4
2023-6-11 15:53:57-debug: // ---- build task Query asset bundle ---- (4ms)
2023-6-11 15:53:57-debug: // ---- build task Query and organize assets ----
2023-6-11 15:53:57-debug: Process: heapTotal 227.02MB heapUsed 193.86MB rss 540.30MB
2023-6-11 15:53:57-debug: Query and organize assets start3%
2023-6-11 15:53:57-debug: init bundle assets
2023-6-11 15:53:57-debug: run build task Query asset bundle success in 4 ms √3%
2023-6-11 15:53:57-debug: Query preload assets from cc.config.json: 60f7195c-ec2a-45eb-ba94-8955f60e81d0,1c02ae6f-4492-4915-b8f8-7492a3b1e4cd,810e96e4-e456-4468-9b59-f4e8f39732c0,efe8e2a3-eace-427b-b4f1-cb8a937ec77d,e9aa9a3e-5b2b-4ac7-a2c7-073de2b2b24f,8bbdbcdd-5cd4-4100-b6d5-b7c9625b6107,50f4348b-c883-4e2f-8f11-ce233b859fa1,fda095cb-831d-4601-ad94-846013963de8,f92806d7-1768-443f-afe8-12bcde84d0f0,dd3a144d-ab7f-41f0-82b8-2e43a090d496,f0416e68-0200-4b77-a926-4f9d16e494da,ff9be190-20a4-4e48-b68c-76e3c7cff085,970b0598-bcb0-4714-91fb-2e81440dccd8,bcd64cc6-2dd9-43f6-abbe-66318d332032,d930590d-bb92-4cc8-8bd1-23cd027f9edf,a3cd009f-0ab0-420d-9278-b9fdab939bbc,9361fd90-ba52-4f84-aa93-6e878fd576ca,c27215d8-6835-4b68-bfbb-bdeac6100c04,b5d6115f-0370-4d7c-aad3-c194cc71cf98,871c3b6c-7379-419d-bda3-794b239ab90d
2023-6-11 15:53:57-debug: Number of scenes: 1
2023-6-11 15:53:57-debug: // ---- build task Query and organize assets ---- (4ms)
2023-6-11 15:53:57-debug: run build task Query and organize assets success in 4 ms √7%
2023-6-11 15:53:57-debug: Process: heapTotal 227.02MB heapUsed 194.00MB rss 540.46MB
2023-6-11 15:53:57-debug: Organize scripts start7%
2023-6-11 15:53:57-debug: // ---- build task Organize scripts ----
2023-6-11 15:53:57-debug: sort script group...
2023-6-11 15:53:57-debug: run build task Organize scripts success in 0 ms √10%
2023-6-11 15:53:57-debug: Process: heapTotal 227.02MB heapUsed 194.03MB rss 540.50MB
2023-6-11 15:53:57-debug: Init settings and config start10%
2023-6-11 15:53:57-debug: // ---- build task Init settings and config ----
2023-6-11 15:53:57-debug: // ---- build task builder.tasks.settings.macro ----
2023-6-11 15:53:57-debug: run build task Init settings and config success in 0 ms √11%
2023-6-11 15:53:57-debug: Process: heapTotal 227.02MB heapUsed 194.06MB rss 540.53MB
2023-6-11 15:53:57-debug: builder.tasks.settings.macro does not defined in i18n
2023-6-11 15:53:57-debug: builder.tasks.settings.macro start11%
2023-6-11 15:53:57-debug: // ---- build task builder.tasks.settings.macro ---- (2ms)
2023-6-11 15:53:57-debug: run build task builder.tasks.settings.macro success in 2 ms √11%
2023-6-11 15:53:57-debug: // ---- build task Sort some build options to settings.json ----
2023-6-11 15:53:57-debug: Process: heapTotal 227.02MB heapUsed 194.10MB rss 540.56MB
2023-6-11 15:53:57-debug: Sort some build options to settings.json start11%
2023-6-11 15:53:57-debug: // ---- build task Sort some build options to settings.json ---- (2ms)
2023-6-11 15:53:57-debug: run build task Sort some build options to settings.json success in 2 ms √12%
2023-6-11 15:53:57-debug: Process: heapTotal 227.02MB heapUsed 194.17MB rss 540.64MB
2023-6-11 15:53:57-debug: // ---- build task custom joint texture layouts ----
2023-6-11 15:53:57-debug: custom joint texture layouts start12%
2023-6-11 15:53:57-debug: // ---- build task custom joint texture layouts ---- (1ms)
2023-6-11 15:53:57-debug: run build task custom joint texture layouts success in 1 ms √12%
2023-6-11 15:53:57-debug: Process: heapTotal 227.02MB heapUsed 194.20MB rss 540.67MB
2023-6-11 15:53:57-debug: // ---- build task custom joint physics ----
2023-6-11 15:53:57-debug: custom joint physics start12%
2023-6-11 15:53:57-debug: // ---- build task custom joint physics ---- (1ms)
2023-6-11 15:53:57-debug: run build task custom joint physics success in 1 ms √13%
2023-6-11 15:53:57-debug: Fill script data to settings start13%
2023-6-11 15:53:57-debug: // ---- build task Fill script data to settings ----
2023-6-11 15:53:57-debug: Process: heapTotal 227.02MB heapUsed 194.23MB rss 540.71MB
2023-6-11 15:53:57-debug: Fill scene data to settings start13%
2023-6-11 15:53:57-debug: run build task Fill script data to settings success in 0 ms √13%
2023-6-11 15:53:57-debug: Process: heapTotal 227.02MB heapUsed 194.26MB rss 540.73MB
2023-6-11 15:53:57-debug: // ---- build task Fill scene data to settings ----
2023-6-11 15:53:57-debug: // ---- build task Fill scene data to settings ---- (1ms)
2023-6-11 15:53:57-debug: run build task Fill scene data to settings success in 1 ms √14%
2023-6-11 15:53:57-debug: Organize assets groups，generate packedAssets and rawAssets data start14%
2023-6-11 15:53:57-debug: // ---- build task Organize assets groups，generate packedAssets and rawAssets data ----
2023-6-11 15:53:57-debug: Process: heapTotal 227.02MB heapUsed 194.29MB rss 540.77MB
2023-6-11 15:53:57-debug: // ---- build task Organize assets groups，generate packedAssets and rawAssets data ---- (1ms)
2023-6-11 15:53:57-debug: run build task Organize assets groups，generate packedAssets and rawAssets data success in 1 ms √14%
2023-6-11 15:53:57-debug: // ---- build task Generate md5AssetsMap from suffixMap to settings ----
2023-6-11 15:53:57-debug: Generate md5AssetsMap from suffixMap to settings start14%
2023-6-11 15:53:57-debug: Process: heapTotal 227.02MB heapUsed 194.33MB rss 540.81MB
2023-6-11 15:53:57-debug: options.md5Cache is false.
2023-6-11 15:53:57-debug: // ---- build task Generate md5AssetsMap from suffixMap to settings ---- (1ms)
2023-6-11 15:53:57-debug: run build task Generate md5AssetsMap from suffixMap to settings success in 1 ms √15%
2023-6-11 15:54:13-debug: Query all assets info in project
2023-6-11 15:54:13-debug:   Number of all scripts: 4
2023-6-11 15:54:13-debug: init custom config: keepNodeUuid: false, useCache: true
2023-6-11 15:54:13-debug: BuildAssetLibrary query-assets with assets 439
2023-6-11 15:54:13-debug:   Number of other assets: 295
2023-6-11 15:54:13-debug: Query asset bundle start0%
2023-6-11 15:54:13-debug: Process: heapTotal 227.02MB heapUsed 196.24MB rss 542.66MB
2023-6-11 15:54:13-debug: // ---- build task Query asset bundle ----
2023-6-11 15:54:13-debug:   Number of all scenes: 1
2023-6-11 15:54:13-debug: // ---- build task Query asset bundle ---- (8ms)
2023-6-11 15:54:13-debug: run build task Query asset bundle success in 8 ms √3%
2023-6-11 15:54:13-debug: Process: heapTotal 210.11MB heapUsed 187.61MB rss 525.68MB
2023-6-11 15:54:13-debug: Query and organize assets start3%
2023-6-11 15:54:13-debug: // ---- build task Query and organize assets ----
2023-6-11 15:54:13-debug: init bundle assets
2023-6-11 15:54:13-debug: Query preload assets from cc.config.json: 60f7195c-ec2a-45eb-ba94-8955f60e81d0,1c02ae6f-4492-4915-b8f8-7492a3b1e4cd,810e96e4-e456-4468-9b59-f4e8f39732c0,efe8e2a3-eace-427b-b4f1-cb8a937ec77d,e9aa9a3e-5b2b-4ac7-a2c7-073de2b2b24f,8bbdbcdd-5cd4-4100-b6d5-b7c9625b6107,50f4348b-c883-4e2f-8f11-ce233b859fa1,fda095cb-831d-4601-ad94-846013963de8,f92806d7-1768-443f-afe8-12bcde84d0f0,dd3a144d-ab7f-41f0-82b8-2e43a090d496,f0416e68-0200-4b77-a926-4f9d16e494da,ff9be190-20a4-4e48-b68c-76e3c7cff085,970b0598-bcb0-4714-91fb-2e81440dccd8,bcd64cc6-2dd9-43f6-abbe-66318d332032,d930590d-bb92-4cc8-8bd1-23cd027f9edf,a3cd009f-0ab0-420d-9278-b9fdab939bbc,9361fd90-ba52-4f84-aa93-6e878fd576ca,c27215d8-6835-4b68-bfbb-bdeac6100c04,b5d6115f-0370-4d7c-aad3-c194cc71cf98,871c3b6c-7379-419d-bda3-794b239ab90d
2023-6-11 15:54:13-debug: Number of scenes: 1
2023-6-11 15:54:13-debug: // ---- build task Query and organize assets ---- (2ms)
2023-6-11 15:54:13-debug: run build task Query and organize assets success in 2 ms √7%
2023-6-11 15:54:13-debug: Process: heapTotal 210.11MB heapUsed 187.73MB rss 525.81MB
2023-6-11 15:54:13-debug: Organize scripts start7%
2023-6-11 15:54:13-debug: // ---- build task Organize scripts ----
2023-6-11 15:54:13-debug: sort script group...
2023-6-11 15:54:13-debug: run build task Organize scripts success in 0 ms √10%
2023-6-11 15:54:13-debug: Process: heapTotal 210.11MB heapUsed 187.76MB rss 525.84MB
2023-6-11 15:54:13-debug: Init settings and config start10%
2023-6-11 15:54:13-debug: // ---- build task Init settings and config ----
2023-6-11 15:54:13-debug: // ---- build task Init settings and config ---- (1ms)
2023-6-11 15:54:13-debug: run build task Init settings and config success in 1 ms √11%
2023-6-11 15:54:13-debug: // ---- build task builder.tasks.settings.macro ----
2023-6-11 15:54:13-debug: builder.tasks.settings.macro does not defined in i18n
2023-6-11 15:54:13-debug: Process: heapTotal 210.11MB heapUsed 187.80MB rss 525.88MB
2023-6-11 15:54:13-debug: builder.tasks.settings.macro start11%
2023-6-11 15:54:13-debug: run build task builder.tasks.settings.macro success in 0 ms √11%
2023-6-11 15:54:13-debug: // ---- build task Sort some build options to settings.json ----
2023-6-11 15:54:13-debug: Sort some build options to settings.json start11%
2023-6-11 15:54:13-debug: Process: heapTotal 210.11MB heapUsed 187.83MB rss 525.91MB
2023-6-11 15:54:13-debug: // ---- build task Sort some build options to settings.json ---- (2ms)
2023-6-11 15:54:13-debug: run build task Sort some build options to settings.json success in 2 ms √12%
2023-6-11 15:54:13-debug: Process: heapTotal 210.11MB heapUsed 187.90MB rss 525.99MB
2023-6-11 15:54:13-debug: custom joint texture layouts start12%
2023-6-11 15:54:13-debug: // ---- build task custom joint texture layouts ----
2023-6-11 15:54:13-debug: // ---- build task custom joint texture layouts ---- (1ms)
2023-6-11 15:54:13-debug: run build task custom joint texture layouts success in 1 ms √12%
2023-6-11 15:54:13-debug: Process: heapTotal 210.11MB heapUsed 187.94MB rss 526.03MB
2023-6-11 15:54:13-debug: custom joint physics start12%
2023-6-11 15:54:13-debug: // ---- build task custom joint physics ----
2023-6-11 15:54:13-debug: // ---- build task custom joint physics ---- (1ms)
2023-6-11 15:54:13-debug: run build task custom joint physics success in 1 ms √13%
2023-6-11 15:54:13-debug: Process: heapTotal 210.11MB heapUsed 187.97MB rss 526.06MB
2023-6-11 15:54:13-debug: // ---- build task Fill script data to settings ----
2023-6-11 15:54:13-debug: Fill script data to settings start13%
2023-6-11 15:54:13-debug: run build task Fill script data to settings success in 0 ms √13%
2023-6-11 15:54:13-debug: Fill scene data to settings start13%
2023-6-11 15:54:13-debug: // ---- build task Fill scene data to settings ----
2023-6-11 15:54:13-debug: Process: heapTotal 210.11MB heapUsed 187.99MB rss 526.09MB
2023-6-11 15:54:13-debug: // ---- build task Fill scene data to settings ---- (1ms)
2023-6-11 15:54:13-debug: run build task Fill scene data to settings success in 1 ms √14%
2023-6-11 15:54:13-debug: // ---- build task Organize assets groups，generate packedAssets and rawAssets data ----
2023-6-11 15:54:13-debug: Organize assets groups，generate packedAssets and rawAssets data start14%
2023-6-11 15:54:13-debug: Process: heapTotal 210.11MB heapUsed 188.02MB rss 526.12MB
2023-6-11 15:54:13-debug: // ---- build task Organize assets groups，generate packedAssets and rawAssets data ---- (1ms)
2023-6-11 15:54:13-debug: run build task Organize assets groups，generate packedAssets and rawAssets data success in 1 ms √14%
2023-6-11 15:54:13-debug: Generate md5AssetsMap from suffixMap to settings start14%
2023-6-11 15:54:13-debug: // ---- build task Generate md5AssetsMap from suffixMap to settings ----
2023-6-11 15:54:13-debug: Process: heapTotal 210.11MB heapUsed 188.06MB rss 526.16MB
2023-6-11 15:54:13-debug: options.md5Cache is false.
2023-6-11 15:54:13-debug: // ---- build task Generate md5AssetsMap from suffixMap to settings ---- (1ms)
2023-6-11 15:54:13-debug: run build task Generate md5AssetsMap from suffixMap to settings success in 1 ms √15%
2023-6-11 15:57:50-debug: refresh db internal success
2023-6-11 15:57:50-debug: %cImport%c: D:\Cocosworkspace\Cocos_2048\assets\scripts\Game.tsbackground: #aaff85; color: #000;color: #000;
2023-6-11 15:57:50-debug: asset-db:worker-effect-data-processing (143ms)
2023-6-11 15:57:50-debug: refresh db assets success
2023-6-11 15:57:50-debug: asset-db:refresh-all-database (190ms)
2023-6-11 15:57:51-debug: Query all assets info in project
2023-6-11 15:57:51-debug: BuildAssetLibrary query-assets with assets 439
2023-6-11 15:57:51-debug: init custom config: keepNodeUuid: false, useCache: true
2023-6-11 15:57:51-debug:   Number of other assets: 295
2023-6-11 15:57:51-debug: Query asset bundle start0%
2023-6-11 15:57:51-debug:   Number of all scenes: 1
2023-6-11 15:57:51-debug:   Number of all scripts: 4
2023-6-11 15:57:51-debug: Process: heapTotal 229.04MB heapUsed 197.60MB rss 543.83MB
2023-6-11 15:57:51-debug: // ---- build task Query asset bundle ----
2023-6-11 15:57:51-debug: // ---- build task Query asset bundle ---- (6ms)
2023-6-11 15:57:51-debug: run build task Query asset bundle success in 6 ms √3%
2023-6-11 15:57:51-debug: Process: heapTotal 225.52MB heapUsed 189.32MB rss 538.88MB
2023-6-11 15:57:51-debug: init bundle assets
2023-6-11 15:57:51-debug: // ---- build task Query and organize assets ----
2023-6-11 15:57:51-debug: Query and organize assets start3%
2023-6-11 15:57:51-debug: Number of scenes: 1
2023-6-11 15:57:51-debug: Query preload assets from cc.config.json: 60f7195c-ec2a-45eb-ba94-8955f60e81d0,1c02ae6f-4492-4915-b8f8-7492a3b1e4cd,810e96e4-e456-4468-9b59-f4e8f39732c0,efe8e2a3-eace-427b-b4f1-cb8a937ec77d,e9aa9a3e-5b2b-4ac7-a2c7-073de2b2b24f,8bbdbcdd-5cd4-4100-b6d5-b7c9625b6107,50f4348b-c883-4e2f-8f11-ce233b859fa1,fda095cb-831d-4601-ad94-846013963de8,f92806d7-1768-443f-afe8-12bcde84d0f0,dd3a144d-ab7f-41f0-82b8-2e43a090d496,f0416e68-0200-4b77-a926-4f9d16e494da,ff9be190-20a4-4e48-b68c-76e3c7cff085,970b0598-bcb0-4714-91fb-2e81440dccd8,bcd64cc6-2dd9-43f6-abbe-66318d332032,d930590d-bb92-4cc8-8bd1-23cd027f9edf,a3cd009f-0ab0-420d-9278-b9fdab939bbc,9361fd90-ba52-4f84-aa93-6e878fd576ca,c27215d8-6835-4b68-bfbb-bdeac6100c04,b5d6115f-0370-4d7c-aad3-c194cc71cf98,871c3b6c-7379-419d-bda3-794b239ab90d
2023-6-11 15:57:51-debug: // ---- build task Query and organize assets ---- (3ms)
2023-6-11 15:57:51-debug: run build task Query and organize assets success in 3 ms √7%
2023-6-11 15:57:51-debug: Process: heapTotal 225.52MB heapUsed 189.46MB rss 538.77MB
2023-6-11 15:57:51-debug: // ---- build task Organize scripts ----
2023-6-11 15:57:51-debug: Organize scripts start7%
2023-6-11 15:57:51-debug: sort script group...
2023-6-11 15:57:51-debug: run build task Organize scripts success in 1 ms √10%
2023-6-11 15:57:51-debug: Init settings and config start10%
2023-6-11 15:57:51-debug: // ---- build task Organize scripts ---- (1ms)
2023-6-11 15:57:51-debug: Process: heapTotal 225.52MB heapUsed 189.49MB rss 538.80MB
2023-6-11 15:57:51-debug: // ---- build task Init settings and config ----
2023-6-11 15:57:51-debug: run build task Init settings and config success in 0 ms √11%
2023-6-11 15:57:51-debug: builder.tasks.settings.macro does not defined in i18n
2023-6-11 15:57:51-debug: builder.tasks.settings.macro start11%
2023-6-11 15:57:51-debug: Process: heapTotal 225.52MB heapUsed 189.53MB rss 538.83MB
2023-6-11 15:57:51-debug: // ---- build task builder.tasks.settings.macro ----
2023-6-11 15:57:51-debug: Sort some build options to settings.json start11%
2023-6-11 15:57:51-debug: run build task builder.tasks.settings.macro success in 1 ms √11%
2023-6-11 15:57:51-debug: // ---- build task Sort some build options to settings.json ----
2023-6-11 15:57:51-debug: Process: heapTotal 225.52MB heapUsed 189.56MB rss 538.84MB
2023-6-11 15:57:51-debug: // ---- build task builder.tasks.settings.macro ---- (1ms)
2023-6-11 15:57:51-debug: // ---- build task Sort some build options to settings.json ---- (3ms)
2023-6-11 15:57:51-debug: run build task Sort some build options to settings.json success in 3 ms √12%
2023-6-11 15:57:51-debug: custom joint texture layouts start12%
2023-6-11 15:57:51-debug: // ---- build task custom joint texture layouts ----
2023-6-11 15:57:51-debug: Process: heapTotal 225.52MB heapUsed 189.63MB rss 538.84MB
2023-6-11 15:57:51-debug: // ---- build task custom joint texture layouts ---- (1ms)
2023-6-11 15:57:51-debug: run build task custom joint texture layouts success in 1 ms √12%
2023-6-11 15:57:51-debug: Process: heapTotal 225.52MB heapUsed 189.66MB rss 538.84MB
2023-6-11 15:57:51-debug: // ---- build task custom joint physics ----
2023-6-11 15:57:51-debug: custom joint physics start12%
2023-6-11 15:57:51-debug: // ---- build task custom joint physics ---- (1ms)
2023-6-11 15:57:51-debug: run build task custom joint physics success in 1 ms √13%
2023-6-11 15:57:51-debug: // ---- build task Fill script data to settings ----
2023-6-11 15:57:51-debug: Process: heapTotal 225.52MB heapUsed 189.70MB rss 538.85MB
2023-6-11 15:57:51-debug: Fill script data to settings start13%
2023-6-11 15:57:51-debug: // ---- build task Fill script data to settings ---- (1ms)
2023-6-11 15:57:51-debug: run build task Fill script data to settings success in 1 ms √13%
2023-6-11 15:57:51-debug: Fill scene data to settings start13%
2023-6-11 15:57:51-debug: // ---- build task Fill scene data to settings ----
2023-6-11 15:57:51-debug: Process: heapTotal 225.52MB heapUsed 189.73MB rss 538.85MB
2023-6-11 15:57:51-debug: // ---- build task Fill scene data to settings ---- (1ms)
2023-6-11 15:57:51-debug: Organize assets groups，generate packedAssets and rawAssets data start14%
2023-6-11 15:57:51-debug: // ---- build task Organize assets groups，generate packedAssets and rawAssets data ----
2023-6-11 15:57:51-debug: run build task Fill scene data to settings success in 1 ms √14%
2023-6-11 15:57:51-debug: Process: heapTotal 225.52MB heapUsed 189.76MB rss 538.85MB
2023-6-11 15:57:51-debug: run build task Organize assets groups，generate packedAssets and rawAssets data success in 0 ms √14%
2023-6-11 15:57:51-debug: Generate md5AssetsMap from suffixMap to settings start14%
2023-6-11 15:57:51-debug: Process: heapTotal 225.52MB heapUsed 189.79MB rss 538.86MB
2023-6-11 15:57:51-debug: // ---- build task Generate md5AssetsMap from suffixMap to settings ----
2023-6-11 15:57:51-debug: options.md5Cache is false.
2023-6-11 15:57:51-debug: // ---- build task Generate md5AssetsMap from suffixMap to settings ---- (1ms)
2023-6-11 15:57:51-debug: run build task Generate md5AssetsMap from suffixMap to settings success in 1 ms √15%
2023-6-11 15:59:29-debug: Query all assets info in project
2023-6-11 15:59:29-debug: BuildAssetLibrary query-assets with assets 439
2023-6-11 15:59:29-debug: init custom config: keepNodeUuid: false, useCache: true
2023-6-11 15:59:29-debug:   Number of all scripts: 4
2023-6-11 15:59:29-debug:   Number of other assets: 295
2023-6-11 15:59:29-debug: // ---- build task Query asset bundle ----
2023-6-11 15:59:29-debug: Query asset bundle start0%
2023-6-11 15:59:29-debug:   Number of all scenes: 1
2023-6-11 15:59:29-debug: Process: heapTotal 225.52MB heapUsed 191.70MB rss 375.70MB
2023-6-11 15:59:29-debug: // ---- build task Query asset bundle ---- (5ms)
2023-6-11 15:59:29-debug: run build task Query asset bundle success in 5 ms √3%
2023-6-11 15:59:29-debug: Process: heapTotal 225.52MB heapUsed 193.23MB rss 377.20MB
2023-6-11 15:59:29-debug: // ---- build task Query and organize assets ----
2023-6-11 15:59:29-debug: Query and organize assets start3%
2023-6-11 15:59:29-debug: init bundle assets
2023-6-11 15:59:29-debug: Query preload assets from cc.config.json: 60f7195c-ec2a-45eb-ba94-8955f60e81d0,1c02ae6f-4492-4915-b8f8-7492a3b1e4cd,810e96e4-e456-4468-9b59-f4e8f39732c0,efe8e2a3-eace-427b-b4f1-cb8a937ec77d,e9aa9a3e-5b2b-4ac7-a2c7-073de2b2b24f,8bbdbcdd-5cd4-4100-b6d5-b7c9625b6107,50f4348b-c883-4e2f-8f11-ce233b859fa1,fda095cb-831d-4601-ad94-846013963de8,f92806d7-1768-443f-afe8-12bcde84d0f0,dd3a144d-ab7f-41f0-82b8-2e43a090d496,f0416e68-0200-4b77-a926-4f9d16e494da,ff9be190-20a4-4e48-b68c-76e3c7cff085,970b0598-bcb0-4714-91fb-2e81440dccd8,bcd64cc6-2dd9-43f6-abbe-66318d332032,d930590d-bb92-4cc8-8bd1-23cd027f9edf,a3cd009f-0ab0-420d-9278-b9fdab939bbc,9361fd90-ba52-4f84-aa93-6e878fd576ca,c27215d8-6835-4b68-bfbb-bdeac6100c04,b5d6115f-0370-4d7c-aad3-c194cc71cf98,871c3b6c-7379-419d-bda3-794b239ab90d
2023-6-11 15:59:29-debug: Number of scenes: 1
2023-6-11 15:59:29-debug: // ---- build task Query and organize assets ---- (2ms)
2023-6-11 15:59:29-debug: run build task Query and organize assets success in 2 ms √7%
2023-6-11 15:59:29-debug: Organize scripts start7%
2023-6-11 15:59:29-debug: // ---- build task Organize scripts ----
2023-6-11 15:59:29-debug: Process: heapTotal 225.52MB heapUsed 193.35MB rss 377.35MB
2023-6-11 15:59:29-debug: sort script group...
2023-6-11 15:59:29-debug: // ---- build task Organize scripts ---- (1ms)
2023-6-11 15:59:29-debug: run build task Organize scripts success in 1 ms √10%
2023-6-11 15:59:29-debug: // ---- build task Init settings and config ----
2023-6-11 15:59:29-debug: Process: heapTotal 225.52MB heapUsed 193.38MB rss 377.39MB
2023-6-11 15:59:29-debug: Init settings and config start10%
2023-6-11 15:59:29-debug: run build task Init settings and config success in 0 ms √11%
2023-6-11 15:59:29-debug: builder.tasks.settings.macro start11%
2023-6-11 15:59:29-debug: builder.tasks.settings.macro does not defined in i18n
2023-6-11 15:59:29-debug: // ---- build task builder.tasks.settings.macro ----
2023-6-11 15:59:29-debug: Process: heapTotal 225.52MB heapUsed 193.42MB rss 377.42MB
2023-6-11 15:59:29-debug: // ---- build task builder.tasks.settings.macro ---- (3ms)
2023-6-11 15:59:29-debug: run build task builder.tasks.settings.macro success in 3 ms √11%
2023-6-11 15:59:29-debug: Process: heapTotal 225.52MB heapUsed 193.45MB rss 377.46MB
2023-6-11 15:59:29-debug: // ---- build task Sort some build options to settings.json ----
2023-6-11 15:59:29-debug: Sort some build options to settings.json start11%
2023-6-11 15:59:29-debug: // ---- build task Sort some build options to settings.json ---- (3ms)
2023-6-11 15:59:29-debug: run build task Sort some build options to settings.json success in 3 ms √12%
2023-6-11 15:59:29-debug: Process: heapTotal 225.52MB heapUsed 193.53MB rss 377.55MB
2023-6-11 15:59:29-debug: // ---- build task custom joint texture layouts ----
2023-6-11 15:59:29-debug: custom joint texture layouts start12%
2023-6-11 15:59:29-debug: // ---- build task custom joint texture layouts ---- (3ms)
2023-6-11 15:59:29-debug: run build task custom joint texture layouts success in 3 ms √12%
2023-6-11 15:59:29-debug: custom joint physics start12%
2023-6-11 15:59:29-debug: Process: heapTotal 210.52MB heapUsed 187.86MB rss 363.46MB
2023-6-11 15:59:29-debug: // ---- build task custom joint physics ----
2023-6-11 15:59:29-debug: // ---- build task custom joint physics ---- (1ms)
2023-6-11 15:59:29-debug: run build task custom joint physics success in 1 ms √13%
2023-6-11 15:59:29-debug: Process: heapTotal 210.52MB heapUsed 187.89MB rss 363.47MB
2023-6-11 15:59:29-debug: Fill script data to settings start13%
2023-6-11 15:59:29-debug: // ---- build task Fill script data to settings ----
2023-6-11 15:59:29-debug: // ---- build task Fill script data to settings ---- (1ms)
2023-6-11 15:59:29-debug: run build task Fill script data to settings success in 1 ms √13%
2023-6-11 15:59:29-debug: Fill scene data to settings start13%
2023-6-11 15:59:29-debug: Process: heapTotal 210.52MB heapUsed 187.92MB rss 363.48MB
2023-6-11 15:59:29-debug: // ---- build task Fill scene data to settings ----
2023-6-11 15:59:29-debug: // ---- build task Fill scene data to settings ---- (1ms)
2023-6-11 15:59:29-debug: Organize assets groups，generate packedAssets and rawAssets data start14%
2023-6-11 15:59:29-debug: Process: heapTotal 210.52MB heapUsed 187.95MB rss 363.48MB
2023-6-11 15:59:29-debug: // ---- build task Organize assets groups，generate packedAssets and rawAssets data ----
2023-6-11 15:59:29-debug: run build task Fill scene data to settings success in 1 ms √14%
2023-6-11 15:59:29-debug: run build task Organize assets groups，generate packedAssets and rawAssets data success in 0 ms √14%
2023-6-11 15:59:29-debug: Generate md5AssetsMap from suffixMap to settings start14%
2023-6-11 15:59:29-debug: Process: heapTotal 210.52MB heapUsed 187.98MB rss 363.49MB
2023-6-11 15:59:29-debug: // ---- build task Generate md5AssetsMap from suffixMap to settings ----
2023-6-11 15:59:29-debug: options.md5Cache is false.
2023-6-11 15:59:29-debug: run build task Generate md5AssetsMap from suffixMap to settings success in 0 ms √15%
2023-6-11 15:59:35-debug: refresh db internal success
2023-6-11 15:59:35-debug: %cImport%c: D:\Cocosworkspace\Cocos_2048\assets\scripts\Game.tsbackground: #aaff85; color: #000;color: #000;
2023-6-11 15:59:35-debug: asset-db:worker-effect-data-processing (105ms)
2023-6-11 15:59:35-debug: refresh db assets success
2023-6-11 15:59:35-debug: asset-db:refresh-all-database (148ms)
2023-6-11 15:59:35-debug: Query all assets info in project
2023-6-11 15:59:35-debug: BuildAssetLibrary query-assets with assets 439
2023-6-11 15:59:35-debug: init custom config: keepNodeUuid: false, useCache: true
2023-6-11 15:59:35-debug:   Number of all scenes: 1
2023-6-11 15:59:35-debug:   Number of other assets: 295
2023-6-11 15:59:35-debug:   Number of all scripts: 4
2023-6-11 15:59:35-debug: // ---- build task Query asset bundle ----
2023-6-11 15:59:35-debug: Process: heapTotal 232.70MB heapUsed 199.57MB rss 381.77MB
2023-6-11 15:59:35-debug: Query asset bundle start0%
2023-6-11 15:59:35-debug: // ---- build task Query asset bundle ---- (6ms)
2023-6-11 15:59:35-debug: run build task Query asset bundle success in 6 ms √3%
2023-6-11 15:59:35-debug: Process: heapTotal 232.70MB heapUsed 201.10MB rss 383.23MB
2023-6-11 15:59:35-debug: Query and organize assets start3%
2023-6-11 15:59:35-debug: // ---- build task Query and organize assets ----
2023-6-11 15:59:35-debug: init bundle assets
2023-6-11 15:59:35-debug: Query preload assets from cc.config.json: 60f7195c-ec2a-45eb-ba94-8955f60e81d0,1c02ae6f-4492-4915-b8f8-7492a3b1e4cd,810e96e4-e456-4468-9b59-f4e8f39732c0,efe8e2a3-eace-427b-b4f1-cb8a937ec77d,e9aa9a3e-5b2b-4ac7-a2c7-073de2b2b24f,8bbdbcdd-5cd4-4100-b6d5-b7c9625b6107,50f4348b-c883-4e2f-8f11-ce233b859fa1,fda095cb-831d-4601-ad94-846013963de8,f92806d7-1768-443f-afe8-12bcde84d0f0,dd3a144d-ab7f-41f0-82b8-2e43a090d496,f0416e68-0200-4b77-a926-4f9d16e494da,ff9be190-20a4-4e48-b68c-76e3c7cff085,970b0598-bcb0-4714-91fb-2e81440dccd8,bcd64cc6-2dd9-43f6-abbe-66318d332032,d930590d-bb92-4cc8-8bd1-23cd027f9edf,a3cd009f-0ab0-420d-9278-b9fdab939bbc,9361fd90-ba52-4f84-aa93-6e878fd576ca,c27215d8-6835-4b68-bfbb-bdeac6100c04,b5d6115f-0370-4d7c-aad3-c194cc71cf98,871c3b6c-7379-419d-bda3-794b239ab90d
2023-6-11 15:59:35-debug: Number of scenes: 1
2023-6-11 15:59:35-debug: run build task Query and organize assets success in 2 ms √7%
2023-6-11 15:59:35-debug: // ---- build task Query and organize assets ---- (2ms)
2023-6-11 15:59:35-debug: // ---- build task Organize scripts ----
2023-6-11 15:59:35-debug: Process: heapTotal 232.70MB heapUsed 201.23MB rss 383.38MB
2023-6-11 15:59:35-debug: sort script group...
2023-6-11 15:59:35-debug: Organize scripts start7%
2023-6-11 15:59:35-debug: run build task Organize scripts success in 0 ms √10%
2023-6-11 15:59:35-debug: Process: heapTotal 232.70MB heapUsed 201.26MB rss 383.43MB
2023-6-11 15:59:35-debug: // ---- build task Init settings and config ----
2023-6-11 15:59:35-debug: Init settings and config start10%
2023-6-11 15:59:35-debug: // ---- build task Init settings and config ---- (1ms)
2023-6-11 15:59:35-debug: run build task Init settings and config success in 1 ms √11%
2023-6-11 15:59:35-debug: builder.tasks.settings.macro does not defined in i18n
2023-6-11 15:59:35-debug: builder.tasks.settings.macro start11%
2023-6-11 15:59:35-debug: Process: heapTotal 232.70MB heapUsed 201.30MB rss 383.46MB
2023-6-11 15:59:35-debug: // ---- build task builder.tasks.settings.macro ----
2023-6-11 15:59:35-debug: // ---- build task builder.tasks.settings.macro ---- (1ms)
2023-6-11 15:59:35-debug: run build task builder.tasks.settings.macro success in 1 ms √11%
2023-6-11 15:59:35-debug: Process: heapTotal 232.70MB heapUsed 201.33MB rss 383.50MB
2023-6-11 15:59:35-debug: Sort some build options to settings.json start11%
2023-6-11 15:59:35-debug: // ---- build task Sort some build options to settings.json ----
2023-6-11 15:59:35-debug: // ---- build task Sort some build options to settings.json ---- (4ms)
2023-6-11 15:59:35-debug: run build task Sort some build options to settings.json success in 4 ms √12%
2023-6-11 15:59:35-debug: custom joint texture layouts start12%
2023-6-11 15:59:35-debug: // ---- build task custom joint texture layouts ----
2023-6-11 15:59:35-debug: Process: heapTotal 232.70MB heapUsed 201.40MB rss 383.59MB
2023-6-11 15:59:35-debug: // ---- build task custom joint texture layouts ---- (2ms)
2023-6-11 15:59:35-debug: run build task custom joint texture layouts success in 2 ms √12%
2023-6-11 15:59:35-debug: // ---- build task custom joint physics ----
2023-6-11 15:59:35-debug: Process: heapTotal 232.70MB heapUsed 201.43MB rss 383.63MB
2023-6-11 15:59:35-debug: custom joint physics start12%
2023-6-11 15:59:35-debug: run build task custom joint physics success in 0 ms √13%
2023-6-11 15:59:35-debug: Fill script data to settings start13%
2023-6-11 15:59:35-debug: // ---- build task Fill script data to settings ----
2023-6-11 15:59:35-debug: Process: heapTotal 232.70MB heapUsed 201.46MB rss 383.65MB
2023-6-11 15:59:35-debug: run build task Fill script data to settings success in 0 ms √13%
2023-6-11 15:59:35-debug: Fill scene data to settings start13%
2023-6-11 15:59:35-debug: Process: heapTotal 232.70MB heapUsed 201.48MB rss 383.68MB
2023-6-11 15:59:35-debug: // ---- build task Fill scene data to settings ----
2023-6-11 15:59:35-debug: // ---- build task Fill scene data to settings ---- (1ms)
2023-6-11 15:59:35-debug: run build task Fill scene data to settings success in 1 ms √14%
2023-6-11 15:59:35-debug: Organize assets groups，generate packedAssets and rawAssets data start14%
2023-6-11 15:59:35-debug: // ---- build task Organize assets groups，generate packedAssets and rawAssets data ----
2023-6-11 15:59:35-debug: Process: heapTotal 232.70MB heapUsed 201.51MB rss 383.71MB
2023-6-11 15:59:35-debug: run build task Organize assets groups，generate packedAssets and rawAssets data success in 0 ms √14%
2023-6-11 15:59:35-debug: Generate md5AssetsMap from suffixMap to settings start14%
2023-6-11 15:59:35-debug: // ---- build task Generate md5AssetsMap from suffixMap to settings ----
2023-6-11 15:59:35-debug: Process: heapTotal 232.70MB heapUsed 201.54MB rss 383.75MB
2023-6-11 15:59:35-debug: options.md5Cache is false.
2023-6-11 15:59:35-debug: // ---- build task Generate md5AssetsMap from suffixMap to settings ---- (1ms)
2023-6-11 15:59:35-debug: run build task Generate md5AssetsMap from suffixMap to settings success in 1 ms √15%
2023-6-11 15:59:42-debug: Query all assets info in project
2023-6-11 15:59:42-debug: BuildAssetLibrary query-assets with assets 439
2023-6-11 15:59:42-debug: init custom config: keepNodeUuid: false, useCache: true
2023-6-11 15:59:42-debug:   Number of all scenes: 1
2023-6-11 15:59:42-debug:   Number of all scripts: 4
2023-6-11 15:59:42-debug:   Number of other assets: 295
2023-6-11 15:59:42-debug: Process: heapTotal 232.70MB heapUsed 203.46MB rss 385.67MB
2023-6-11 15:59:42-debug: // ---- build task Query asset bundle ----
2023-6-11 15:59:42-debug: Query asset bundle start0%
2023-6-11 15:59:42-debug: // ---- build task Query asset bundle ---- (5ms)
2023-6-11 15:59:42-debug: run build task Query asset bundle success in 5 ms √3%
2023-6-11 15:59:42-debug: Query and organize assets start3%
2023-6-11 15:59:42-debug: // ---- build task Query and organize assets ----
2023-6-11 15:59:42-debug: Process: heapTotal 230.79MB heapUsed 196.19MB rss 383.01MB
2023-6-11 15:59:42-debug: init bundle assets
2023-6-11 15:59:42-debug: Query preload assets from cc.config.json: 60f7195c-ec2a-45eb-ba94-8955f60e81d0,1c02ae6f-4492-4915-b8f8-7492a3b1e4cd,810e96e4-e456-4468-9b59-f4e8f39732c0,efe8e2a3-eace-427b-b4f1-cb8a937ec77d,e9aa9a3e-5b2b-4ac7-a2c7-073de2b2b24f,8bbdbcdd-5cd4-4100-b6d5-b7c9625b6107,50f4348b-c883-4e2f-8f11-ce233b859fa1,fda095cb-831d-4601-ad94-846013963de8,f92806d7-1768-443f-afe8-12bcde84d0f0,dd3a144d-ab7f-41f0-82b8-2e43a090d496,f0416e68-0200-4b77-a926-4f9d16e494da,ff9be190-20a4-4e48-b68c-76e3c7cff085,970b0598-bcb0-4714-91fb-2e81440dccd8,bcd64cc6-2dd9-43f6-abbe-66318d332032,d930590d-bb92-4cc8-8bd1-23cd027f9edf,a3cd009f-0ab0-420d-9278-b9fdab939bbc,9361fd90-ba52-4f84-aa93-6e878fd576ca,c27215d8-6835-4b68-bfbb-bdeac6100c04,b5d6115f-0370-4d7c-aad3-c194cc71cf98,871c3b6c-7379-419d-bda3-794b239ab90d
2023-6-11 15:59:42-debug: Number of scenes: 1
2023-6-11 15:59:42-debug: // ---- build task Query and organize assets ---- (3ms)
2023-6-11 15:59:42-debug: run build task Query and organize assets success in 3 ms √7%
2023-6-11 15:59:42-debug: Organize scripts start7%
2023-6-11 15:59:42-debug: // ---- build task Organize scripts ----
2023-6-11 15:59:42-debug: Process: heapTotal 230.79MB heapUsed 196.31MB rss 383.02MB
2023-6-11 15:59:42-debug: sort script group...
2023-6-11 15:59:42-debug: // ---- build task Organize scripts ---- (1ms)
2023-6-11 15:59:42-debug: // ---- build task Init settings and config ----
2023-6-11 15:59:42-debug: Process: heapTotal 230.79MB heapUsed 196.34MB rss 383.02MB
2023-6-11 15:59:42-debug: run build task Organize scripts success in 1 ms √10%
2023-6-11 15:59:42-debug: Init settings and config start10%
2023-6-11 15:59:42-debug: builder.tasks.settings.macro does not defined in i18n
2023-6-11 15:59:42-debug: run build task Init settings and config success in 1 ms √11%
2023-6-11 15:59:42-debug: // ---- build task Init settings and config ---- (1ms)
2023-6-11 15:59:42-debug: Process: heapTotal 230.79MB heapUsed 196.38MB rss 383.02MB
2023-6-11 15:59:42-debug: // ---- build task builder.tasks.settings.macro ----
2023-6-11 15:59:42-debug: builder.tasks.settings.macro start11%
2023-6-11 15:59:42-debug: // ---- build task builder.tasks.settings.macro ---- (2ms)
2023-6-11 15:59:42-debug: run build task builder.tasks.settings.macro success in 2 ms √11%
2023-6-11 15:59:42-debug: Sort some build options to settings.json start11%
2023-6-11 15:59:42-debug: // ---- build task Sort some build options to settings.json ----
2023-6-11 15:59:42-debug: Process: heapTotal 230.79MB heapUsed 196.42MB rss 383.03MB
2023-6-11 15:59:42-debug: // ---- build task Sort some build options to settings.json ---- (3ms)
2023-6-11 15:59:42-debug: run build task Sort some build options to settings.json success in 3 ms √12%
2023-6-11 15:59:42-debug: // ---- build task custom joint texture layouts ----
2023-6-11 15:59:42-debug: Process: heapTotal 230.79MB heapUsed 196.49MB rss 383.03MB
2023-6-11 15:59:42-debug: custom joint texture layouts start12%
2023-6-11 15:59:42-debug: // ---- build task custom joint texture layouts ---- (1ms)
2023-6-11 15:59:42-debug: run build task custom joint texture layouts success in 1 ms √12%
2023-6-11 15:59:42-debug: Process: heapTotal 230.79MB heapUsed 196.52MB rss 383.04MB
2023-6-11 15:59:42-debug: custom joint physics start12%
2023-6-11 15:59:42-debug: // ---- build task custom joint physics ----
2023-6-11 15:59:42-debug: Fill script data to settings start13%
2023-6-11 15:59:42-debug: run build task custom joint physics success in 0 ms √13%
2023-6-11 15:59:42-debug: // ---- build task Fill script data to settings ----
2023-6-11 15:59:42-debug: Process: heapTotal 230.79MB heapUsed 196.54MB rss 383.04MB
2023-6-11 15:59:42-debug: run build task Fill script data to settings success in 0 ms √13%
2023-6-11 15:59:42-debug: // ---- build task Fill scene data to settings ----
2023-6-11 15:59:42-debug: Process: heapTotal 230.79MB heapUsed 196.57MB rss 383.04MB
2023-6-11 15:59:42-debug: Fill scene data to settings start13%
2023-6-11 15:59:42-debug: run build task Fill scene data to settings success in 0 ms √14%
2023-6-11 15:59:42-debug: Organize assets groups，generate packedAssets and rawAssets data start14%
2023-6-11 15:59:42-debug: // ---- build task Organize assets groups，generate packedAssets and rawAssets data ----
2023-6-11 15:59:42-debug: Process: heapTotal 230.79MB heapUsed 196.59MB rss 383.05MB
2023-6-11 15:59:42-debug: run build task Organize assets groups，generate packedAssets and rawAssets data success in 0 ms √14%
2023-6-11 15:59:42-debug: // ---- build task Generate md5AssetsMap from suffixMap to settings ----
2023-6-11 15:59:42-debug: Generate md5AssetsMap from suffixMap to settings start14%
2023-6-11 15:59:42-debug: Process: heapTotal 230.79MB heapUsed 196.63MB rss 383.05MB
2023-6-11 15:59:42-debug: options.md5Cache is false.
2023-6-11 15:59:42-debug: run build task Generate md5AssetsMap from suffixMap to settings success in 0 ms √15%
2023-6-11 16:00:28-debug: refresh db internal success
2023-6-11 16:00:28-debug: asset-db:worker-effect-data-processing (152ms)
2023-6-11 16:00:28-debug: %cImport%c: D:\Cocosworkspace\Cocos_2048\assets\scripts\Game.tsbackground: #aaff85; color: #000;color: #000;
2023-6-11 16:00:28-debug: refresh db assets success
2023-6-11 16:00:28-debug: asset-db:refresh-all-database (199ms)
2023-6-11 16:00:29-debug: Query all assets info in project
2023-6-11 16:00:29-debug: BuildAssetLibrary query-assets with assets 439
2023-6-11 16:00:29-debug: init custom config: keepNodeUuid: false, useCache: true
2023-6-11 16:00:29-debug:   Number of all scripts: 4
2023-6-11 16:00:29-debug:   Number of other assets: 295
2023-6-11 16:00:29-debug: // ---- build task Query asset bundle ----
2023-6-11 16:00:29-debug:   Number of all scenes: 1
2023-6-11 16:00:29-debug: Query asset bundle start0%
2023-6-11 16:00:29-debug: Process: heapTotal 228.65MB heapUsed 193.32MB rss 375.05MB
2023-6-11 16:00:29-debug: // ---- build task Query asset bundle ---- (6ms)
2023-6-11 16:00:29-debug: run build task Query asset bundle success in 6 ms √3%
2023-6-11 16:00:29-debug: Query and organize assets start3%
2023-6-11 16:00:29-debug: // ---- build task Query and organize assets ----
2023-6-11 16:00:29-debug: init bundle assets
2023-6-11 16:00:29-debug: Process: heapTotal 228.65MB heapUsed 194.85MB rss 376.00MB
2023-6-11 16:00:29-debug: Query preload assets from cc.config.json: 60f7195c-ec2a-45eb-ba94-8955f60e81d0,1c02ae6f-4492-4915-b8f8-7492a3b1e4cd,810e96e4-e456-4468-9b59-f4e8f39732c0,efe8e2a3-eace-427b-b4f1-cb8a937ec77d,e9aa9a3e-5b2b-4ac7-a2c7-073de2b2b24f,8bbdbcdd-5cd4-4100-b6d5-b7c9625b6107,50f4348b-c883-4e2f-8f11-ce233b859fa1,fda095cb-831d-4601-ad94-846013963de8,f92806d7-1768-443f-afe8-12bcde84d0f0,dd3a144d-ab7f-41f0-82b8-2e43a090d496,f0416e68-0200-4b77-a926-4f9d16e494da,ff9be190-20a4-4e48-b68c-76e3c7cff085,970b0598-bcb0-4714-91fb-2e81440dccd8,bcd64cc6-2dd9-43f6-abbe-66318d332032,d930590d-bb92-4cc8-8bd1-23cd027f9edf,a3cd009f-0ab0-420d-9278-b9fdab939bbc,9361fd90-ba52-4f84-aa93-6e878fd576ca,c27215d8-6835-4b68-bfbb-bdeac6100c04,b5d6115f-0370-4d7c-aad3-c194cc71cf98,871c3b6c-7379-419d-bda3-794b239ab90d
2023-6-11 16:00:29-debug: Number of scenes: 1
2023-6-11 16:00:29-debug: run build task Query and organize assets success in 4 ms √7%
2023-6-11 16:00:29-debug: // ---- build task Organize scripts ----
2023-6-11 16:00:29-debug: // ---- build task Query and organize assets ---- (4ms)
2023-6-11 16:00:29-debug: Process: heapTotal 228.65MB heapUsed 194.99MB rss 376.16MB
2023-6-11 16:00:29-debug: sort script group...
2023-6-11 16:00:29-debug: Organize scripts start7%
2023-6-11 16:00:29-debug: // ---- build task Organize scripts ---- (1ms)
2023-6-11 16:00:29-debug: run build task Organize scripts success in 1 ms √10%
2023-6-11 16:00:29-debug: Process: heapTotal 228.65MB heapUsed 195.03MB rss 376.20MB
2023-6-11 16:00:29-debug: Init settings and config start10%
2023-6-11 16:00:29-debug: // ---- build task Init settings and config ----
2023-6-11 16:00:29-debug: run build task Init settings and config success in 0 ms √11%
2023-6-11 16:00:29-debug: builder.tasks.settings.macro start11%
2023-6-11 16:00:29-debug: // ---- build task builder.tasks.settings.macro ----
2023-6-11 16:00:29-debug: builder.tasks.settings.macro does not defined in i18n
2023-6-11 16:00:29-debug: Process: heapTotal 228.65MB heapUsed 195.06MB rss 376.23MB
2023-6-11 16:00:29-debug: // ---- build task builder.tasks.settings.macro ---- (1ms)
2023-6-11 16:00:29-debug: // ---- build task Sort some build options to settings.json ----
2023-6-11 16:00:29-debug: Process: heapTotal 228.65MB heapUsed 195.10MB rss 376.27MB
2023-6-11 16:00:29-debug: run build task builder.tasks.settings.macro success in 1 ms √11%
2023-6-11 16:00:29-debug: Sort some build options to settings.json start11%
2023-6-11 16:00:29-debug: // ---- build task Sort some build options to settings.json ---- (2ms)
2023-6-11 16:00:29-debug: run build task Sort some build options to settings.json success in 2 ms √12%
2023-6-11 16:00:29-debug: Process: heapTotal 228.65MB heapUsed 195.17MB rss 376.34MB
2023-6-11 16:00:29-debug: custom joint texture layouts start12%
2023-6-11 16:00:29-debug: // ---- build task custom joint texture layouts ----
2023-6-11 16:00:29-debug: // ---- build task custom joint texture layouts ---- (1ms)
2023-6-11 16:00:29-debug: run build task custom joint texture layouts success in 1 ms √12%
2023-6-11 16:00:29-debug: custom joint physics start12%
2023-6-11 16:00:29-debug: // ---- build task custom joint physics ----
2023-6-11 16:00:29-debug: Process: heapTotal 228.65MB heapUsed 195.20MB rss 376.38MB
2023-6-11 16:00:29-debug: Fill script data to settings start13%
2023-6-11 16:00:29-debug: run build task custom joint physics success in 0 ms √13%
2023-6-11 16:00:29-debug: // ---- build task Fill script data to settings ----
2023-6-11 16:00:29-debug: Process: heapTotal 228.65MB heapUsed 195.23MB rss 376.41MB
2023-6-11 16:00:29-debug: // ---- build task Fill script data to settings ---- (1ms)
2023-6-11 16:00:29-debug: run build task Fill script data to settings success in 1 ms √13%
2023-6-11 16:00:29-debug: Process: heapTotal 228.65MB heapUsed 195.26MB rss 376.44MB
2023-6-11 16:00:29-debug: Fill scene data to settings start13%
2023-6-11 16:00:29-debug: // ---- build task Fill scene data to settings ----
2023-6-11 16:00:29-debug: // ---- build task Fill scene data to settings ---- (1ms)
2023-6-11 16:00:29-debug: run build task Fill scene data to settings success in 1 ms √14%
2023-6-11 16:00:29-debug: // ---- build task Organize assets groups，generate packedAssets and rawAssets data ----
2023-6-11 16:00:29-debug: Process: heapTotal 228.65MB heapUsed 195.29MB rss 376.48MB
2023-6-11 16:00:29-debug: Organize assets groups，generate packedAssets and rawAssets data start14%
2023-6-11 16:00:29-debug: // ---- build task Organize assets groups，generate packedAssets and rawAssets data ---- (1ms)
2023-6-11 16:00:29-debug: run build task Organize assets groups，generate packedAssets and rawAssets data success in 1 ms √14%
2023-6-11 16:00:29-debug: // ---- build task Generate md5AssetsMap from suffixMap to settings ----
2023-6-11 16:00:29-debug: options.md5Cache is false.
2023-6-11 16:00:29-debug: Process: heapTotal 228.65MB heapUsed 195.33MB rss 376.52MB
2023-6-11 16:00:29-debug: Generate md5AssetsMap from suffixMap to settings start14%
2023-6-11 16:00:29-debug: // ---- build task Generate md5AssetsMap from suffixMap to settings ---- (1ms)
2023-6-11 16:00:29-debug: run build task Generate md5AssetsMap from suffixMap to settings success in 1 ms √15%
2023-6-11 16:00:40-debug: Query all assets info in project
2023-6-11 16:00:40-debug: init custom config: keepNodeUuid: false, useCache: true
2023-6-11 16:00:40-debug:   Number of all scenes: 1
2023-6-11 16:00:40-debug:   Number of all scripts: 4
2023-6-11 16:00:40-debug:   Number of other assets: 295
2023-6-11 16:00:40-debug: Query asset bundle start0%
2023-6-11 16:00:40-debug: // ---- build task Query asset bundle ----
2023-6-11 16:00:40-debug: Process: heapTotal 228.65MB heapUsed 197.24MB rss 378.36MB
2023-6-11 16:00:40-debug: BuildAssetLibrary query-assets with assets 439
2023-6-11 16:00:40-debug: // ---- build task Query asset bundle ---- (8ms)
2023-6-11 16:00:40-debug: run build task Query asset bundle success in 8 ms √3%
2023-6-11 16:00:40-debug: Process: heapTotal 212.90MB heapUsed 190.95MB rss 366.43MB
2023-6-11 16:00:40-debug: init bundle assets
2023-6-11 16:00:40-debug: // ---- build task Query and organize assets ----
2023-6-11 16:00:40-debug: Query and organize assets start3%
2023-6-11 16:00:40-debug: Number of scenes: 1
2023-6-11 16:00:40-debug: Query preload assets from cc.config.json: 60f7195c-ec2a-45eb-ba94-8955f60e81d0,1c02ae6f-4492-4915-b8f8-7492a3b1e4cd,810e96e4-e456-4468-9b59-f4e8f39732c0,efe8e2a3-eace-427b-b4f1-cb8a937ec77d,e9aa9a3e-5b2b-4ac7-a2c7-073de2b2b24f,8bbdbcdd-5cd4-4100-b6d5-b7c9625b6107,50f4348b-c883-4e2f-8f11-ce233b859fa1,fda095cb-831d-4601-ad94-846013963de8,f92806d7-1768-443f-afe8-12bcde84d0f0,dd3a144d-ab7f-41f0-82b8-2e43a090d496,f0416e68-0200-4b77-a926-4f9d16e494da,ff9be190-20a4-4e48-b68c-76e3c7cff085,970b0598-bcb0-4714-91fb-2e81440dccd8,bcd64cc6-2dd9-43f6-abbe-66318d332032,d930590d-bb92-4cc8-8bd1-23cd027f9edf,a3cd009f-0ab0-420d-9278-b9fdab939bbc,9361fd90-ba52-4f84-aa93-6e878fd576ca,c27215d8-6835-4b68-bfbb-bdeac6100c04,b5d6115f-0370-4d7c-aad3-c194cc71cf98,871c3b6c-7379-419d-bda3-794b239ab90d
2023-6-11 16:00:40-debug: // ---- build task Query and organize assets ---- (4ms)
2023-6-11 16:00:40-debug: run build task Query and organize assets success in 4 ms √7%
2023-6-11 16:00:40-debug: Organize scripts start7%
2023-6-11 16:00:40-debug: // ---- build task Organize scripts ----
2023-6-11 16:00:40-debug: sort script group...
2023-6-11 16:00:40-debug: Process: heapTotal 212.90MB heapUsed 190.15MB rss 365.67MB
2023-6-11 16:00:40-debug: run build task Organize scripts success in 0 ms √10%
2023-6-11 16:00:40-debug: Init settings and config start10%
2023-6-11 16:00:40-debug: // ---- build task Init settings and config ----
2023-6-11 16:00:40-debug: Process: heapTotal 212.90MB heapUsed 190.18MB rss 365.70MB
2023-6-11 16:00:40-debug: run build task Init settings and config success in 0 ms √11%
2023-6-11 16:00:40-debug: builder.tasks.settings.macro does not defined in i18n
2023-6-11 16:00:40-debug: Process: heapTotal 212.90MB heapUsed 190.21MB rss 365.73MB
2023-6-11 16:00:40-debug: // ---- build task builder.tasks.settings.macro ----
2023-6-11 16:00:40-debug: builder.tasks.settings.macro start11%
2023-6-11 16:00:40-debug: run build task builder.tasks.settings.macro success in 1 ms √11%
2023-6-11 16:00:40-debug: Sort some build options to settings.json start11%
2023-6-11 16:00:40-debug: Process: heapTotal 212.90MB heapUsed 190.24MB rss 365.77MB
2023-6-11 16:00:40-debug: // ---- build task builder.tasks.settings.macro ---- (1ms)
2023-6-11 16:00:40-debug: // ---- build task Sort some build options to settings.json ----
2023-6-11 16:00:40-debug: // ---- build task Sort some build options to settings.json ---- (3ms)
2023-6-11 16:00:40-debug: run build task Sort some build options to settings.json success in 3 ms √12%
2023-6-11 16:00:40-debug: Process: heapTotal 212.90MB heapUsed 190.31MB rss 365.84MB
2023-6-11 16:00:40-debug: // ---- build task custom joint texture layouts ----
2023-6-11 16:00:40-debug: custom joint texture layouts start12%
2023-6-11 16:00:40-debug: // ---- build task custom joint texture layouts ---- (1ms)
2023-6-11 16:00:40-debug: run build task custom joint texture layouts success in 1 ms √12%
2023-6-11 16:00:40-debug: // ---- build task custom joint physics ----
2023-6-11 16:00:40-debug: Process: heapTotal 212.90MB heapUsed 190.35MB rss 365.88MB
2023-6-11 16:00:40-debug: custom joint physics start12%
2023-6-11 16:00:40-debug: // ---- build task custom joint physics ---- (1ms)
2023-6-11 16:00:40-debug: // ---- build task Fill script data to settings ----
2023-6-11 16:00:40-debug: Process: heapTotal 212.90MB heapUsed 190.37MB rss 365.91MB
2023-6-11 16:00:40-debug: Fill script data to settings start13%
2023-6-11 16:00:40-debug: run build task custom joint physics success in 1 ms √13%
2023-6-11 16:00:40-debug: // ---- build task Fill script data to settings ---- (1ms)
2023-6-11 16:00:40-debug: run build task Fill script data to settings success in 1 ms √13%
2023-6-11 16:00:40-debug: // ---- build task Fill scene data to settings ----
2023-6-11 16:00:40-debug: Process: heapTotal 212.90MB heapUsed 190.40MB rss 365.95MB
2023-6-11 16:00:40-debug: Fill scene data to settings start13%
2023-6-11 16:00:40-debug: // ---- build task Organize assets groups，generate packedAssets and rawAssets data ----
2023-6-11 16:00:40-debug: run build task Fill scene data to settings success in 0 ms √14%
2023-6-11 16:00:40-debug: Organize assets groups，generate packedAssets and rawAssets data start14%
2023-6-11 16:00:40-debug: Process: heapTotal 212.90MB heapUsed 190.43MB rss 365.97MB
2023-6-11 16:00:40-debug: run build task Organize assets groups，generate packedAssets and rawAssets data success in 0 ms √14%
2023-6-11 16:00:40-debug: Generate md5AssetsMap from suffixMap to settings start14%
2023-6-11 16:00:40-debug: // ---- build task Generate md5AssetsMap from suffixMap to settings ----
2023-6-11 16:00:40-debug: options.md5Cache is false.
2023-6-11 16:00:40-debug: Process: heapTotal 212.90MB heapUsed 190.46MB rss 366.01MB
2023-6-11 16:00:40-debug: run build task Generate md5AssetsMap from suffixMap to settings success in 0 ms √15%
2023-6-11 16:00:46-debug: Query all assets info in project
2023-6-11 16:00:46-debug: init custom config: keepNodeUuid: false, useCache: true
2023-6-11 16:00:46-debug: BuildAssetLibrary query-assets with assets 439
2023-6-11 16:00:46-debug:   Number of all scenes: 1
2023-6-11 16:00:46-debug:   Number of all scripts: 4
2023-6-11 16:00:46-debug:   Number of other assets: 295
2023-6-11 16:00:46-debug: // ---- build task Query asset bundle ----
2023-6-11 16:00:46-debug: Process: heapTotal 212.90MB heapUsed 190.78MB rss 366.63MB
2023-6-11 16:00:46-debug: Query asset bundle start0%
2023-6-11 16:00:46-debug: run build task Query asset bundle success in 7 ms √3%
2023-6-11 16:00:46-debug: Query and organize assets start3%
2023-6-11 16:00:46-debug: // ---- build task Query asset bundle ---- (7ms)
2023-6-11 16:00:46-debug: // ---- build task Query and organize assets ----
2023-6-11 16:00:46-debug: Process: heapTotal 212.90MB heapUsed 190.86MB rss 367.98MB
2023-6-11 16:00:46-debug: init bundle assets
2023-6-11 16:00:46-debug: Number of scenes: 1
2023-6-11 16:00:46-debug: Query preload assets from cc.config.json: 60f7195c-ec2a-45eb-ba94-8955f60e81d0,1c02ae6f-4492-4915-b8f8-7492a3b1e4cd,810e96e4-e456-4468-9b59-f4e8f39732c0,efe8e2a3-eace-427b-b4f1-cb8a937ec77d,e9aa9a3e-5b2b-4ac7-a2c7-073de2b2b24f,8bbdbcdd-5cd4-4100-b6d5-b7c9625b6107,50f4348b-c883-4e2f-8f11-ce233b859fa1,fda095cb-831d-4601-ad94-846013963de8,f92806d7-1768-443f-afe8-12bcde84d0f0,dd3a144d-ab7f-41f0-82b8-2e43a090d496,f0416e68-0200-4b77-a926-4f9d16e494da,ff9be190-20a4-4e48-b68c-76e3c7cff085,970b0598-bcb0-4714-91fb-2e81440dccd8,bcd64cc6-2dd9-43f6-abbe-66318d332032,d930590d-bb92-4cc8-8bd1-23cd027f9edf,a3cd009f-0ab0-420d-9278-b9fdab939bbc,9361fd90-ba52-4f84-aa93-6e878fd576ca,c27215d8-6835-4b68-bfbb-bdeac6100c04,b5d6115f-0370-4d7c-aad3-c194cc71cf98,871c3b6c-7379-419d-bda3-794b239ab90d
2023-6-11 16:00:46-debug: run build task Query and organize assets success in 4 ms √7%
2023-6-11 16:00:46-debug: // ---- build task Query and organize assets ---- (4ms)
2023-6-11 16:00:46-debug: Process: heapTotal 212.90MB heapUsed 190.98MB rss 368.09MB
2023-6-11 16:00:46-debug: sort script group...
2023-6-11 16:00:46-debug: // ---- build task Organize scripts ----
2023-6-11 16:00:46-debug: Organize scripts start7%
2023-6-11 16:00:46-debug: Init settings and config start10%
2023-6-11 16:00:46-debug: // ---- build task Organize scripts ---- (1ms)
2023-6-11 16:00:46-debug: run build task Organize scripts success in 1 ms √10%
2023-6-11 16:00:46-debug: Process: heapTotal 212.90MB heapUsed 191.26MB rss 366.33MB
2023-6-11 16:00:46-debug: // ---- build task Init settings and config ----
2023-6-11 16:00:46-debug: run build task Init settings and config success in 0 ms √11%
2023-6-11 16:00:46-debug: builder.tasks.settings.macro start11%
2023-6-11 16:00:46-debug: // ---- build task builder.tasks.settings.macro ----
2023-6-11 16:00:46-debug: Process: heapTotal 212.90MB heapUsed 191.29MB rss 366.36MB
2023-6-11 16:00:46-debug: builder.tasks.settings.macro does not defined in i18n
2023-6-11 16:00:46-debug: // ---- build task builder.tasks.settings.macro ---- (1ms)
2023-6-11 16:00:46-debug: run build task builder.tasks.settings.macro success in 1 ms √11%
2023-6-11 16:00:46-debug: Process: heapTotal 212.90MB heapUsed 191.33MB rss 366.40MB
2023-6-11 16:00:46-debug: // ---- build task Sort some build options to settings.json ----
2023-6-11 16:00:46-debug: Sort some build options to settings.json start11%
2023-6-11 16:00:46-debug: // ---- build task Sort some build options to settings.json ---- (3ms)
2023-6-11 16:00:46-debug: run build task Sort some build options to settings.json success in 3 ms √12%
2023-6-11 16:00:46-debug: // ---- build task custom joint texture layouts ----
2023-6-11 16:00:46-debug: Process: heapTotal 212.90MB heapUsed 191.40MB rss 366.48MB
2023-6-11 16:00:46-debug: custom joint texture layouts start12%
2023-6-11 16:00:46-debug: // ---- build task custom joint texture layouts ---- (1ms)
2023-6-11 16:00:46-debug: run build task custom joint texture layouts success in 1 ms √12%
2023-6-11 16:00:46-debug: custom joint physics start12%
2023-6-11 16:00:46-debug: // ---- build task custom joint physics ----
2023-6-11 16:00:46-debug: Process: heapTotal 212.90MB heapUsed 191.43MB rss 366.51MB
2023-6-11 16:00:46-debug: Fill script data to settings start13%
2023-6-11 16:00:46-debug: run build task custom joint physics success in 0 ms √13%
2023-6-11 16:00:46-debug: Process: heapTotal 212.90MB heapUsed 191.45MB rss 366.54MB
2023-6-11 16:00:46-debug: // ---- build task Fill script data to settings ----
2023-6-11 16:00:46-debug: // ---- build task Fill script data to settings ---- (1ms)
2023-6-11 16:00:46-debug: run build task Fill script data to settings success in 1 ms √13%
2023-6-11 16:00:46-debug: Fill scene data to settings start13%
2023-6-11 16:00:46-debug: Process: heapTotal 212.90MB heapUsed 190.86MB rss 365.74MB
2023-6-11 16:00:46-debug: // ---- build task Fill scene data to settings ----
2023-6-11 16:00:46-debug: run build task Fill scene data to settings success in 0 ms √14%
2023-6-11 16:00:46-debug: // ---- build task Organize assets groups，generate packedAssets and rawAssets data ----
2023-6-11 16:00:46-debug: Process: heapTotal 212.90MB heapUsed 190.88MB rss 365.77MB
2023-6-11 16:00:46-debug: Organize assets groups，generate packedAssets and rawAssets data start14%
2023-6-11 16:00:46-debug: run build task Organize assets groups，generate packedAssets and rawAssets data success in 0 ms √14%
2023-6-11 16:00:46-debug: Generate md5AssetsMap from suffixMap to settings start14%
2023-6-11 16:00:46-debug: Process: heapTotal 212.90MB heapUsed 190.91MB rss 365.81MB
2023-6-11 16:00:46-debug: // ---- build task Generate md5AssetsMap from suffixMap to settings ----
2023-6-11 16:00:46-debug: options.md5Cache is false.
2023-6-11 16:00:46-debug: // ---- build task Generate md5AssetsMap from suffixMap to settings ---- (1ms)
2023-6-11 16:00:46-debug: run build task Generate md5AssetsMap from suffixMap to settings success in 1 ms √15%
2023-6-11 16:00:54-debug: Query all assets info in project
2023-6-11 16:00:54-debug: BuildAssetLibrary query-assets with assets 439
2023-6-11 16:00:54-debug: init custom config: keepNodeUuid: false, useCache: true
2023-6-11 16:00:54-debug:   Number of all scripts: 4
2023-6-11 16:00:54-debug:   Number of all scenes: 1
2023-6-11 16:00:54-debug:   Number of other assets: 295
2023-6-11 16:00:54-debug: // ---- build task Query asset bundle ----
2023-6-11 16:00:54-debug: Process: heapTotal 212.90MB heapUsed 191.30MB rss 365.76MB
2023-6-11 16:00:54-debug: Query asset bundle start0%
2023-6-11 16:00:55-debug: // ---- build task Query asset bundle ---- (9ms)
2023-6-11 16:00:55-debug: run build task Query asset bundle success in 9 ms √3%
2023-6-11 16:00:55-debug: Process: heapTotal 212.90MB heapUsed 191.36MB rss 365.58MB
2023-6-11 16:00:55-debug: init bundle assets
2023-6-11 16:00:55-debug: Query and organize assets start3%
2023-6-11 16:00:55-debug: // ---- build task Query and organize assets ----
2023-6-11 16:00:55-debug: Query preload assets from cc.config.json: 60f7195c-ec2a-45eb-ba94-8955f60e81d0,1c02ae6f-4492-4915-b8f8-7492a3b1e4cd,810e96e4-e456-4468-9b59-f4e8f39732c0,efe8e2a3-eace-427b-b4f1-cb8a937ec77d,e9aa9a3e-5b2b-4ac7-a2c7-073de2b2b24f,8bbdbcdd-5cd4-4100-b6d5-b7c9625b6107,50f4348b-c883-4e2f-8f11-ce233b859fa1,fda095cb-831d-4601-ad94-846013963de8,f92806d7-1768-443f-afe8-12bcde84d0f0,dd3a144d-ab7f-41f0-82b8-2e43a090d496,f0416e68-0200-4b77-a926-4f9d16e494da,ff9be190-20a4-4e48-b68c-76e3c7cff085,970b0598-bcb0-4714-91fb-2e81440dccd8,bcd64cc6-2dd9-43f6-abbe-66318d332032,d930590d-bb92-4cc8-8bd1-23cd027f9edf,a3cd009f-0ab0-420d-9278-b9fdab939bbc,9361fd90-ba52-4f84-aa93-6e878fd576ca,c27215d8-6835-4b68-bfbb-bdeac6100c04,b5d6115f-0370-4d7c-aad3-c194cc71cf98,871c3b6c-7379-419d-bda3-794b239ab90d
2023-6-11 16:00:55-debug: Number of scenes: 1
2023-6-11 16:00:55-debug: run build task Query and organize assets success in 2 ms √7%
2023-6-11 16:00:55-debug: // ---- build task Query and organize assets ---- (2ms)
2023-6-11 16:00:55-debug: Organize scripts start7%
2023-6-11 16:00:55-debug: sort script group...
2023-6-11 16:00:55-debug: // ---- build task Organize scripts ----
2023-6-11 16:00:55-debug: Process: heapTotal 212.90MB heapUsed 191.48MB rss 365.71MB
2023-6-11 16:00:55-debug: // ---- build task Organize scripts ---- (1ms)
2023-6-11 16:00:55-debug: run build task Organize scripts success in 1 ms √10%
2023-6-11 16:00:55-debug: Process: heapTotal 212.90MB heapUsed 191.52MB rss 365.76MB
2023-6-11 16:00:55-debug: Init settings and config start10%
2023-6-11 16:00:55-debug: // ---- build task Init settings and config ----
2023-6-11 16:00:55-debug: run build task Init settings and config success in 0 ms √11%
2023-6-11 16:00:55-debug: builder.tasks.settings.macro does not defined in i18n
2023-6-11 16:00:55-debug: builder.tasks.settings.macro start11%
2023-6-11 16:00:55-debug: // ---- build task builder.tasks.settings.macro ----
2023-6-11 16:00:55-debug: Process: heapTotal 212.90MB heapUsed 191.55MB rss 365.79MB
2023-6-11 16:00:55-debug: // ---- build task builder.tasks.settings.macro ---- (3ms)
2023-6-11 16:00:55-debug: run build task builder.tasks.settings.macro success in 3 ms √11%
2023-6-11 16:00:55-debug: Process: heapTotal 212.90MB heapUsed 191.58MB rss 365.83MB
2023-6-11 16:00:55-debug: // ---- build task Sort some build options to settings.json ----
2023-6-11 16:00:55-debug: Sort some build options to settings.json start11%
2023-6-11 16:00:55-debug: // ---- build task Sort some build options to settings.json ---- (3ms)
2023-6-11 16:00:55-debug: run build task Sort some build options to settings.json success in 3 ms √12%
2023-6-11 16:00:55-debug: custom joint texture layouts start12%
2023-6-11 16:00:55-debug: // ---- build task custom joint texture layouts ----
2023-6-11 16:00:55-debug: Process: heapTotal 212.90MB heapUsed 191.66MB rss 365.90MB
2023-6-11 16:00:55-debug: // ---- build task custom joint texture layouts ---- (2ms)
2023-6-11 16:00:55-debug: run build task custom joint texture layouts success in 2 ms √12%
2023-6-11 16:00:55-debug: Process: heapTotal 212.90MB heapUsed 191.69MB rss 365.94MB
2023-6-11 16:00:55-debug: // ---- build task custom joint physics ----
2023-6-11 16:00:55-debug: custom joint physics start12%
2023-6-11 16:00:55-debug: // ---- build task custom joint physics ---- (1ms)
2023-6-11 16:00:55-debug: run build task custom joint physics success in 1 ms √13%
2023-6-11 16:00:55-debug: // ---- build task Fill script data to settings ----
2023-6-11 16:00:55-debug: Fill script data to settings start13%
2023-6-11 16:00:55-debug: Process: heapTotal 212.90MB heapUsed 191.72MB rss 365.97MB
2023-6-11 16:00:55-debug: run build task Fill script data to settings success in 1 ms √13%
2023-6-11 16:00:55-debug: // ---- build task Fill script data to settings ---- (1ms)
2023-6-11 16:00:55-debug: Fill scene data to settings start13%
2023-6-11 16:00:55-debug: Process: heapTotal 212.90MB heapUsed 191.75MB rss 366.00MB
2023-6-11 16:00:55-debug: // ---- build task Fill scene data to settings ----
2023-6-11 16:00:55-debug: run build task Fill scene data to settings success in 0 ms √14%
2023-6-11 16:00:55-debug: Organize assets groups，generate packedAssets and rawAssets data start14%
2023-6-11 16:00:55-debug: // ---- build task Organize assets groups，generate packedAssets and rawAssets data ----
2023-6-11 16:00:55-debug: Process: heapTotal 212.90MB heapUsed 191.78MB rss 366.04MB
2023-6-11 16:00:55-debug: run build task Organize assets groups，generate packedAssets and rawAssets data success in 1 ms √14%
2023-6-11 16:00:55-debug: // ---- build task Generate md5AssetsMap from suffixMap to settings ----
2023-6-11 16:00:55-debug: // ---- build task Organize assets groups，generate packedAssets and rawAssets data ---- (1ms)
2023-6-11 16:00:55-debug: Generate md5AssetsMap from suffixMap to settings start14%
2023-6-11 16:00:55-debug: Process: heapTotal 212.90MB heapUsed 191.81MB rss 366.08MB
2023-6-11 16:00:55-debug: options.md5Cache is false.
2023-6-11 16:00:55-debug: run build task Generate md5AssetsMap from suffixMap to settings success in 0 ms √15%
2023-6-11 16:01:02-debug: Query all assets info in project
2023-6-11 16:01:02-debug: BuildAssetLibrary query-assets with assets 439
2023-6-11 16:01:02-debug: init custom config: keepNodeUuid: false, useCache: true
2023-6-11 16:01:02-debug:   Number of all scenes: 1
2023-6-11 16:01:02-debug:   Number of other assets: 295
2023-6-11 16:01:02-debug: // ---- build task Query asset bundle ----
2023-6-11 16:01:02-debug: Query asset bundle start0%
2023-6-11 16:01:02-debug: Process: heapTotal 212.90MB heapUsed 192.15MB rss 365.39MB
2023-6-11 16:01:02-debug:   Number of all scripts: 4
2023-6-11 16:01:02-debug: // ---- build task Query asset bundle ---- (7ms)
2023-6-11 16:01:02-debug: run build task Query asset bundle success in 7 ms √3%
2023-6-11 16:01:02-debug: Process: heapTotal 212.90MB heapUsed 192.21MB rss 365.27MB
2023-6-11 16:01:02-debug: init bundle assets
2023-6-11 16:01:02-debug: Query and organize assets start3%
2023-6-11 16:01:02-debug: // ---- build task Query and organize assets ----
2023-6-11 16:01:02-debug: Query preload assets from cc.config.json: 60f7195c-ec2a-45eb-ba94-8955f60e81d0,1c02ae6f-4492-4915-b8f8-7492a3b1e4cd,810e96e4-e456-4468-9b59-f4e8f39732c0,efe8e2a3-eace-427b-b4f1-cb8a937ec77d,e9aa9a3e-5b2b-4ac7-a2c7-073de2b2b24f,8bbdbcdd-5cd4-4100-b6d5-b7c9625b6107,50f4348b-c883-4e2f-8f11-ce233b859fa1,fda095cb-831d-4601-ad94-846013963de8,f92806d7-1768-443f-afe8-12bcde84d0f0,dd3a144d-ab7f-41f0-82b8-2e43a090d496,f0416e68-0200-4b77-a926-4f9d16e494da,ff9be190-20a4-4e48-b68c-76e3c7cff085,970b0598-bcb0-4714-91fb-2e81440dccd8,bcd64cc6-2dd9-43f6-abbe-66318d332032,d930590d-bb92-4cc8-8bd1-23cd027f9edf,a3cd009f-0ab0-420d-9278-b9fdab939bbc,9361fd90-ba52-4f84-aa93-6e878fd576ca,c27215d8-6835-4b68-bfbb-bdeac6100c04,b5d6115f-0370-4d7c-aad3-c194cc71cf98,871c3b6c-7379-419d-bda3-794b239ab90d
2023-6-11 16:01:02-debug: Number of scenes: 1
2023-6-11 16:01:02-debug: // ---- build task Query and organize assets ---- (3ms)
2023-6-11 16:01:02-debug: run build task Query and organize assets success in 3 ms √7%
2023-6-11 16:01:02-debug: // ---- build task Organize scripts ----
2023-6-11 16:01:02-debug: Process: heapTotal 212.90MB heapUsed 192.33MB rss 365.39MB
2023-6-11 16:01:02-debug: Organize scripts start7%
2023-6-11 16:01:02-debug: sort script group...
2023-6-11 16:01:02-debug: // ---- build task Organize scripts ---- (1ms)
2023-6-11 16:01:02-debug: run build task Organize scripts success in 1 ms √10%
2023-6-11 16:01:02-debug: Process: heapTotal 212.90MB heapUsed 192.37MB rss 365.43MB
2023-6-11 16:01:02-debug: // ---- build task Init settings and config ----
2023-6-11 16:01:02-debug: Init settings and config start10%
2023-6-11 16:01:02-debug: // ---- build task Init settings and config ---- (1ms)
2023-6-11 16:01:02-debug: run build task Init settings and config success in 1 ms √11%
2023-6-11 16:01:02-debug: // ---- build task builder.tasks.settings.macro ----
2023-6-11 16:01:02-debug: builder.tasks.settings.macro does not defined in i18n
2023-6-11 16:01:02-debug: builder.tasks.settings.macro start11%
2023-6-11 16:01:02-debug: Process: heapTotal 212.90MB heapUsed 192.41MB rss 365.46MB
2023-6-11 16:01:02-debug: // ---- build task builder.tasks.settings.macro ---- (1ms)
2023-6-11 16:01:02-debug: run build task builder.tasks.settings.macro success in 1 ms √11%
2023-6-11 16:01:02-debug: Process: heapTotal 212.90MB heapUsed 192.44MB rss 365.50MB
2023-6-11 16:01:02-debug: Sort some build options to settings.json start11%
2023-6-11 16:01:02-debug: // ---- build task Sort some build options to settings.json ----
2023-6-11 16:01:02-debug: // ---- build task Sort some build options to settings.json ---- (2ms)
2023-6-11 16:01:02-debug: run build task Sort some build options to settings.json success in 2 ms √12%
2023-6-11 16:01:02-debug: Process: heapTotal 212.90MB heapUsed 191.77MB rss 364.76MB
2023-6-11 16:01:02-debug: custom joint texture layouts start12%
2023-6-11 16:01:02-debug: // ---- build task custom joint texture layouts ----
2023-6-11 16:01:02-debug: run build task custom joint texture layouts success in 0 ms √12%
2023-6-11 16:01:02-debug: Process: heapTotal 212.90MB heapUsed 191.80MB rss 364.79MB
2023-6-11 16:01:02-debug: custom joint physics start12%
2023-6-11 16:01:02-debug: // ---- build task custom joint physics ----
2023-6-11 16:01:02-debug: run build task custom joint physics success in 0 ms √13%
2023-6-11 16:01:02-debug: Fill script data to settings start13%
2023-6-11 16:01:02-debug: // ---- build task Fill script data to settings ----
2023-6-11 16:01:02-debug: Process: heapTotal 212.90MB heapUsed 191.82MB rss 364.81MB
2023-6-11 16:01:02-debug: Fill scene data to settings start13%
2023-6-11 16:01:02-debug: // ---- build task Fill scene data to settings ----
2023-6-11 16:01:02-debug: Process: heapTotal 212.90MB heapUsed 191.85MB rss 364.91MB
2023-6-11 16:01:02-debug: run build task Fill script data to settings success in 0 ms √13%
2023-6-11 16:01:02-debug: // ---- build task Fill scene data to settings ---- (1ms)
2023-6-11 16:01:02-debug: run build task Fill scene data to settings success in 1 ms √14%
2023-6-11 16:01:02-debug: Organize assets groups，generate packedAssets and rawAssets data start14%
2023-6-11 16:01:02-debug: // ---- build task Organize assets groups，generate packedAssets and rawAssets data ----
2023-6-11 16:01:02-debug: Process: heapTotal 212.90MB heapUsed 191.88MB rss 364.94MB
2023-6-11 16:01:02-debug: // ---- build task Organize assets groups，generate packedAssets and rawAssets data ---- (1ms)
2023-6-11 16:01:02-debug: Process: heapTotal 212.90MB heapUsed 191.91MB rss 364.98MB
2023-6-11 16:01:02-debug: run build task Organize assets groups，generate packedAssets and rawAssets data success in 1 ms √14%
2023-6-11 16:01:02-debug: // ---- build task Generate md5AssetsMap from suffixMap to settings ----
2023-6-11 16:01:02-debug: options.md5Cache is false.
2023-6-11 16:01:02-debug: Generate md5AssetsMap from suffixMap to settings start14%
2023-6-11 16:01:02-debug: // ---- build task Generate md5AssetsMap from suffixMap to settings ---- (1ms)
2023-6-11 16:01:02-debug: run build task Generate md5AssetsMap from suffixMap to settings success in 1 ms √15%
2023-6-11 16:01:13-debug: refresh db internal success
2023-6-11 16:01:13-debug: asset-db:worker-effect-data-processing (146ms)
2023-6-11 16:01:13-debug: refresh db assets success
2023-6-11 16:01:13-debug: asset-db:refresh-all-database (189ms)
